#
# There is insufficient memory for the Java Runtime Environment to continue.
# Native memory allocation (malloc) failed to allocate 400240 bytes for Chunk::new
# Possible reasons:
#   The system is out of physical RAM or swap space
#   The process is running with CompressedOops enabled, and the Java Heap may be blocking the growth of the native heap
# Possible solutions:
#   Reduce memory load on the system
#   Increase physical memory or swap space
#   Check if swap backing store is full
#   Decrease Java heap size (-Xmx/-Xms)
#   Decrease number of Java threads
#   Decrease Java thread stack sizes (-Xss)
#   Set larger code cache with -XX:ReservedCodeCacheSize=
#   JVM is running with Unscaled Compressed Oops mode in which the Java heap is
#     placed in the first 4GB address space. The Java Heap base address is the
#     maximum limit for the native heap growth. Please use -XX:HeapBaseMinAddress
#     to set the Java Heap base and to place the Java Heap above 4GB virtual address.
# This output file may be truncated or incomplete.
#
#  Out of Memory Error (arena.cpp:189), pid=2076, tid=6964
#
# JRE version: OpenJDK Runtime Environment Temurin-17.0.7+7 (17.0.7+7) (build 17.0.7+7)
# Java VM: OpenJDK 64-Bit Server VM Temurin-17.0.7+7 (17.0.7+7, mixed mode, tiered, compressed oops, compressed class ptrs, g1 gc, windows-amd64)
# No core dump will be written. Minidumps are not enabled by default on client versions of Windows
#

---------------  S U M M A R Y ------------

Command Line: -Dgroovy.home=C:\Users\Mary Joy Bisnar/.groovy -Djava.system.class.loader=groovy.lang.GroovyClassLoader -Xmx2048m -Dfile.encoding=UTF-8 -XX:+ShowCodeDetailsInExceptionMessages org.codehaus.groovy.tools.GroovyStarter --classpath C:\Users\Mary Joy Bisnar\KatalonStudio\bin\keyword;C:\Users\Mary Joy Bisnar\KatalonStudio\Keywords;C:\Users\Mary Joy Bisnar\KatalonStudio\bin\listener;C:\Users\Mary Joy Bisnar\KatalonStudio\Test Listeners;C:\Users\Mary Joy Bisnar\KatalonStudio\bin\lib;C:\Users\Mary Joy Bisnar\KatalonStudio\Libs;C:\Users\Mary Joy Bisnar\KatalonStudio\bin\groovy;C:\Users\Mary Joy Bisnar\KatalonStudio\Include\scripts\groovy;C:\Users\Mary Joy Bisnar\.katalon\packages\Katalon_Studio_Windows_64-9.6.0\Katalon_Studio_Windows_64-9.6.0\plugins\com.kms.katalon.core_1.0.0.202406140959.jar;C:\Users\Mary Joy Bisnar\.katalon\packages\Katalon_Studio_Windows_64-9.6.0\Katalon_Studio_Windows_64-9.6.0\configuration\resources\lib\aalto-xml-1.0.0.jar;C:\Users\Mary Joy Bisnar\.katalon\packages\Katalon_Studio_Windows_64-9.6.0\Katalon_Studio_Windows_64-9.6.0\configuration\resources\lib\aspectjweaver-1.9.1.jar;C:\Users\Mary Joy Bisnar\.katalon\packages\Katalon_Studio_Windows_64-9.6.0\Katalon_Studio_Windows_64-9.6.0\configuration\resources\lib\bcpkix-jdk15on-1.64.jar;C:\Users\Mary Joy Bisnar\.katalon\packages\Katalon_Studio_Windows_64-9.6.0\Katalon_Studio_Windows_64-9.6.0\configuration\resources\lib\bcprov-jdk15on-1.64.jar;C:\Users\Mary Joy Bisnar\.katalon\packages\Katalon_Studio_Windows_64-9.6.0\Katalon_Studio_Windows_64-9.6.0\configuration\resources\lib\browsermob-core-2.1.5.jar;C:\Users\Mary Joy Bisnar\.katalon\packages\Katalon_Studio_Windows_64-9.6.0\Katalon_Studio_Windows_64-9.6.0\configuration\resources\lib\byte-buddy-1.14.3.jar;C:\Users\Mary Joy Bisnar\.katalon\packages\Katalon_Studio_Windows_64-9.6.0\Katalon_Studio_Windows_64-9.6.0\configuration\resources\lib\byte-buddy-agent-1.14.3.jar;C:\Users\Mary Joy Bisnar\.katalon\packages\Katalon_Studio_Windows_64-9.6.0\Katalon_Studio_Windows_64-9.6.0\configuration\resources\lib\cglib-3.2.10.jar;C:\Users\Mary Joy Bisnar\.katalon\packages\Katalon_Studio_Windows_64-9.6.0\Katalon_Studio_Windows_64-9.6.0\configuration\resources\lib\commons-codec-1.10.jar;C:\Users\Mary Joy Bisnar\.katalon\packages\Katalon_Studio_Windows_64-9.6.0\Katalon_Studio_Windows_64-9.6.0\configuration\resources\lib\commons-collections4-4.1.jar;C:\Users\Mary Joy Bisnar\.katalon\packages\Katalon_Studio_Windows_64-9.6.0\Katalon_Studio_Windows_64-9.6.0\configuration\resources\lib\commons-validator-1.6.jar;C:\Users\Mary Joy Bisnar\.katalon\packages\Katalon_Studio_Windows_64-9.6.0\Katalon_Studio_Windows_64-9.6.0\configuration\resources\lib\curvesapi-1.04.jar;C:\Users\Mary Joy Bisnar\.katalon\packages\Katalon_Studio_Windows_64-9.6.0\Katalon_Studio_Windows_64-9.6.0\configuration\resources\lib\dnsjava-2.1.8.jar;C:\Users\Mary Joy Bisnar\.katalon\packages\Katalon_Studio_Windows_64-9.6.0\Katalon_Studio_Windows_64-9.6.0\configuration\resources\lib\groovy-ant-3.0.17.jar;C:\Users\Mary Joy Bisnar\.katalon\packages\Katalon_Studio_Windows_64-9.6.0\Katalon_Studio_Windows_64-9.6.0\configuration\resources\lib\groovy-astbuilder-3.0.17.jar;C:\Users\Mary Joy Bisnar\.katalon\packages\Katalon_Studio_Windows_64-9.6.0\Katalon_Studio_Windows_64-9.6.0\configuration\resources\lib\groovy-cli-picocli-3.0.17.jar;C:\Users\Mary Joy Bisnar\.katalon\packages\Katalon_Studio_Windows_64-9.6.0\Katalon_Studio_Windows_64-9.6.0\configuration\resources\lib\groovy-console-3.0.17.jar;C:\Users\Mary Joy Bisnar\.katalon\packages\Katalon_Studio_Windows_64-9.6.0\Katalon_Studio_Windows_64-9.6.0\configuration\resources\lib\groovy-datetime-3.0.17.jar;C:\Users\Mary Joy Bisnar\.katalon\packages\Katalon_Studio_Windows_64-9.6.0\Katalon_Studio_Windows_64-9.6.0\configuration\resources\lib\groovy-dateutil-3.0.17.jar;C:\Users\Mary Joy Bisnar\.katalon\packages\Katalon_Studio_Windows_64-9.6.0\Katalon_Studio_Windows_64-9.6.0\configuration\resources\lib\groovy-docgenerator-3.0.17.jar;C:\Users\Mary Joy Bisnar\.katalon\packages\Katalon_Studio_Windows_64-9.6.0\Katalon_Studio_Windows_64-9.6.0\configuration\resources\lib\groovy-groovydoc-3.0.17.jar;C:\Users\Mary Joy Bisnar\.katalon\packages\Katalon_Studio_Windows_64-9.6.0\Katalon_Studio_Windows_64-9.6.0\configuration\resources\lib\groovy-groovysh-3.0.17.jar;C:\Users\Mary Joy Bisnar\.katalon\packages\Katalon_Studio_Windows_64-9.6.0\Katalon_Studio_Windows_64-9.6.0\configuration\resources\lib\groovy-jmx-3.0.17.jar;C:\Users\Mary Joy Bisnar\.katalon\packages\Katalon_Studio_Windows_64-9.6.0\Katalon_Studio_Windows_64-9.6.0\configuration\resources\lib\groovy-json-3.0.17.jar;C:\Users\Mary Joy Bisnar\.katalon\packages\Katalon_Studio_Windows_64-9.6.0\Katalon_Studio_Windows_64-9.6.0\configuration\resources\lib\groovy-jsr223-3.0.17.jar;C:\Users\Mary Joy Bisnar\.katalon\packages\Katalon_Studio_Windows_64-9.6.0\Katalon_Studio_Windows_64-9.6.0\configuration\resources\lib\groovy-macro-3.0.17.jar;C:\Users\Mary Joy Bisnar\.katalon\packages\Katalon_Studio_Windows_64-9.6.0\Katalon_Studio_Windows_64-9.6.0\configuration\resources\lib\groovy-nio-3.0.17.jar;C:\Users\Mary Joy Bisnar\.katalon\packages\Katalon_Studio_Windows_64-9.6.0\Katalon_Studio_Windows_64-9.6.0\configuration\resources\lib\groovy-servlet-3.0.17.jar;C:\Users\Mary Joy Bisnar\.katalon\packages\Katalon_Studio_Windows_64-9.6.0\Katalon_Studio_Windows_64-9.6.0\configuration\resources\lib\groovy-sql-3.0.17.jar;C:\Users\Mary Joy Bisnar\.katalon\packages\Katalon_Studio_Windows_64-9.6.0\Katalon_Studio_Windows_64-9.6.0\configuration\resources\lib\groovy-swing-3.0.17.jar;C:\Users\Mary Joy Bisnar\.katalon\packages\Katalon_Studio_Windows_64-9.6.0\Katalon_Studio_Windows_64-9.6.0\configuration\resources\lib\groovy-templates-3.0.17.jar;C:\Users\Mary Joy Bisnar\.katalon\packages\Katalon_Studio_Windows_64-9.6.0\Katalon_Studio_Windows_64-9.6.0\configuration\resources\lib\groovy-test-3.0.17.jar;C:\Users\Mary Joy Bisnar\.katalon\packages\Katalon_Studio_Windows_64-9.6.0\Katalon_Studio_Windows_64-9.6.0\configuration\resources\lib\groovy-test-junit5-3.0.17.jar;C:\Users\Mary Joy Bisnar\.katalon\packages\Katalon_Studio_Windows_64-9.6.0\Katalon_Studio_Windows_64-9.6.0\configuration\resources\lib\groovy-testng-3.0.17.jar;C:\Users\Mary Joy Bisnar\.katalon\packages\Katalon_Studio_Windows_64-9.6.0\Katalon_Studio_Windows_64-9.6.0\configuration\resources\lib\groovy-xml-3.0.17.jar;C:\Users\Mary Joy Bisnar\.katalon\packages\Katalon_Studio_Windows_64-9.6.0\Katalon_Studio_Windows_64-9.6.0\configuration\resources\lib\java-client-7.0.0.jar;C:\Users\Mary Joy Bisnar\.katalon\packages\Katalon_Studio_Windows_64-9.6.0\Katalon_Studio_Windows_64-9.6.0\configuration\resources\lib\javax.servlet-api_3.1.0.jar;C:\Users\Mary Joy Bisnar\.katalon\packages\Katalon_Studio_Windows_64-9.6.0\Katalon_Studio_Windows_64-9.6.0\configuration\resources\lib\jna-5.12.1.jar;C:\Users\Mary Joy Bisnar\.katalon\packages\Katalon_Studio_Windows_64-9.6.0\Katalon_Studio_Windows_64-9.6.0\configuration\resources\lib\jna-platform-5.12.1.jar;C:\Users\Mary Joy Bisnar\.katalon\packages\Katalon_Studio_Windows_64-9.6.0\Katalon_Studio_Windows_64-9.6.0\configuration\resources\lib\jzlib-1.1.3.jar;C:\Users\Mary Joy Bisnar\.katalon\packages\Katalon_Studio_Windows_64-9.6.0\Katalon_Studio_Windows_64-9.6.0\configuration\resources\lib\kat-server.jar;C:\Users\Mary Joy Bisnar\.katalon\packages\Katalon_Studio_Windows_64-9.6.0\Katalon_Studio_Windows_64-9.6.0\configuration\resources\lib\littleproxy-1.1.0-beta-bmp-17.jar;C:\Users\Mary Joy Bisnar\.katalon\packages\Katalon_Studio_Windows_64-9.6.0\Katalon_Studio_Windows_64-9.6.0\configuration\resources\lib\log4j-1.2-api-2.17.1.jar;C:\Users\Mary Joy Bisnar\.katalon\packages\Katalon_Studio_Windows_64-9.6.0\Katalon_Studio_Windows_64-9.6.0\configuration\resources\lib\log4j-api-2.17.1.jar;C:\Users\Mary Joy Bisnar\.katalon\packages\Katalon_Studio_Windows_64-9.6.0\Katalon_Studio_Windows_64-9.6.0\configuration\resources\lib\log4j-core-2.17.1.jar;C:\Users\Mary Joy Bisnar\.katalon\packages\Katalon_Studio_Windows_64-9.6.0\Katalon_Studio_Windows_64-9.6.0\configuration\resources\lib\mitm-2.1.5.jar;C:\Users\Mary Joy Bisnar\.katalon\packages\Katalon_Studio_Windows_64-9.6.0\Katalon_Studio_Windows_64-9.6.0\configuration\resources\lib\mockito-core-5.2.0.jar;C:\Users\Mary Joy Bisnar\.katalon\packages\Katalon_Studio_Windows_64-9.6.0\Katalon_Studio_Windows_64-9.6.0\configuration\resources\lib\mockito-inline-5.2.0.jar;C:\Users\Mary Joy Bisnar\.katalon\packages\Katalon_Studio_Windows_64-9.6.0\Katalon_Studio_Windows_64-9.6.0\configuration\resources\lib\netty-all-4.1.109.Final.jar;C:\Users\Mary Joy Bisnar\.katalon\packages\Katalon_Studio_Windows_64-9.6.0\Katalon_Studio_Windows_64-9.6.0\configuration\resources\lib\objenesis-3.3.jar;C:\Users\Mary Joy Bisnar\.katalon\packages\Katalon_Studio_Windows_64-9.6.0\Katalon_Studio_Windows_64-9.6.0\configuration\resources\lib\poi-3.17.jar;C:\Users\Mary Joy Bisnar\.katalon\packages\Katalon_Studio_Windows_64-9.6.0\Katalon_Studio_Windows_64-9.6.0\configuration\resources\lib\poi-ooxml-3.17.jar;C:\Users\Mary Joy Bisnar\.katalon\packages\Katalon_Studio_Windows_64-9.6.0\Katalon_Studio_Windows_64-9.6.0\configuration\resources\lib\poi-ooxml-schemas-3.17.jar;C:\Users\Mary Joy Bisnar\.katalon\packages\Katalon_Studio_Windows_64-9.6.0\Katalon_Studio_Windows_64-9.6.0\configuration\resources\lib\proxy-vole-1.0.4-SNAPSHOT-jar-with-dependencies.jar;C:\Users\Mary Joy Bisnar\.katalon\packages\Katalon_Studio_Windows_64-9.6.0\Katalon_Studio_Windows_64-9.6.0\configuration\resources\lib\repackaged-sikuli-api-1.0.2-standalone.jar;C:\Users\Mary Joy Bisnar\.katalon\packages\Katalon_Studio_Windows_64-9.6.0\Katalon_Studio_Windows_64-9.6.0\configuration\resources\lib\selenium-leg-rc-3.141.59.jar;C:\Users\Mary Joy Bisnar\.katalon\packages\Katalon_Studio_Windows_64-9.6.0\Katalon_Studio_Windows_64-9.6.0\configuration\resources\lib\selenium-server-standalone-3.141.59.jar;C:\Users\Mary Joy Bisnar\.katalon\packages\Katalon_Studio_Windows_64-9.6.0\Katalon_Studio_Windows_64-9.6.0\configuration\resources\lib\selenium-shutterbug-1.1.jar;C:\Users\Mary Joy Bisnar\.katalon\packages\Katalon_Studio_Windows_64-9.6.0\Katalon_Studio_Windows_64-9.6.0\configuration\resources\lib\slf4j-api-1.7.25.jar;C:\Users\Mary Joy Bisnar\.katalon\packages\Katalon_Studio_Windows_64-9.6.0\Katalon_Studio_Windows_64-9.6.0\configuration\resources\lib\soap-builder-1.0.0.jar;C:\Users\Mary Joy Bisnar\.katalon\packages\Katalon_Studio_Windows_64-9.6.0\Katalon_Studio_Windows_64-9.6.0\configuration\resources\lib\soap-common-1.0.0.jar;C:\Users\Mary Joy Bisnar\.katalon\packages\Katalon_Studio_Windows_64-9.6.0\Katalon_Studio_Windows_64-9.6.0\configuration\resources\lib\soap-legacy-1.0.0.jar;C:\Users\Mary Joy Bisnar\.katalon\packages\Katalon_Studio_Windows_64-9.6.0\Katalon_Studio_Windows_64-9.6.0\configuration\resources\lib\spring-context-5.3.19.jar;C:\Users\Mary Joy Bisnar\.katalon\packages\Katalon_Studio_Windows_64-9.6.0\Katalon_Studio_Windows_64-9.6.0\configuration\resources\lib\stax2-api-4.0.0.jar;C:\Users\Mary Joy Bisnar\.katalon\packages\Katalon_Studio_Windows_64-9.6.0\Katalon_Studio_Windows_64-9.6.0\configuration\resources\lib\su.jar;C:\Users\Mary Joy Bisnar\.katalon\packages\Katalon_Studio_Windows_64-9.6.0\Katalon_Studio_Windows_64-9.6.0\configuration\resources\lib\testng-7.8.0.jar;C:\Users\Mary Joy Bisnar\.katalon\packages\Katalon_Studio_Windows_64-9.6.0\Katalon_Studio_Windows_64-9.6.0\configuration\resources\lib\wadl.jar;C:\Users\Mary Joy Bisnar\.katalon\packages\Katalon_Studio_Windows_64-9.6.0\Katalon_Studio_Windows_64-9.6.0\configuration\resources\lib\xmlbeans-3.1.0.jar;C:\Users\Mary Joy Bisnar\.katalon\packages\Katalon_Studio_Windows_64-9.6.0\Katalon_Studio_Windows_64-9.6.0\plugins\net.sf.supercsv.super-csv_2.1.0.jar;C:\Users\Mary Joy Bisnar\.katalon\packages\Katalon_Studio_Windows_64-9.6.0\Katalon_Studio_Windows_64-9.6.0\plugins\org.apache.commons.io_2.4.0.jar;C:\Users\Mary Joy Bisnar\.katalon\packages\Katalon_Studio_Windows_64-9.6.0\Katalon_Studio_Windows_64-9.6.0\plugins\org.apache.commons.lang_2.6.0.jar;C:\Users\Mary Joy Bisnar\.katalon\packages\Katalon_Studio_Windows_64-9.6.0\Katalon_Studio_Windows_64-9.6.0\plugins\com.google.gson_2.10.1.v20230109-0753.jar;C:\Users\Mary Joy Bisnar\.katalon\packages\Katalon_Studio_Windows_64-9.6.0\Katalon_Studio_Windows_64-9.6.0\plugins\org.jsoup_1.14.3.jar;C:\Users\Mary Joy Bisnar\.katalon\packages\Katalon_Studio_Windows_64-9.6.0\Katalon_Studio_Windows_64-9.6.0\plugins\org.apache.commons.dbutils_1.6.0.jar;C:\Users\Mary Joy Bisnar\.katalon\packages\Katalon_Studio_Windows_64-9.6.0\Katalon_Studio_Windows_64-9.6.0\plugins\com.oracle.jdbc.ojdbc7_12.1.0.2.jar;C:\Users\Mary Joy Bisnar\.katalon\packages\Katalon_Studio_Windows_64-9.6.0\Katalon_Studio_Windows_64-9.6.0\plugins\org.postgresql.jdbc_42.7.3.jar;c:\Users\Mary Joy Bisnar\.katalon\packages\Katalon_Studio_Windows_64-9.6.0\Katalon_Studio_Windows_64-9.6.0\plugins\org.eclipse.osgi_3.18.300.v20230220-1352.jar;C:\Users\Mary Joy Bisnar\.katalon\packages\Katalon_Studio_Windows_64-9.6.0\Katalon_Studio_Windows_64-9.6.0\plugins\com.kms.katalon.constant_1.0.0.202406140959.jar;C:\Users\Mary Joy Bisnar\.katalon\packages\Katalon_Studio_Windows_64-9.6.0\Katalon_Studio_Windows_64-9.6.0\plugins\org.eclipse.persistence.eclipselink_2.7.11.jar;C:\Users\Mary Joy Bisnar\.katalon\packages\Katalon_Studio_Windows_64-9.6.0\Katalon_Studio_Windows_64-9.6.0\plugins\com.kms.katalon.selenium-standalone_1.0.0.202406140959.jar;C:\Users\Mary Joy Bisnar\.katalon\packages\Katalon_Studio_Windows_64-9.6.0\Katalon_Studio_Windows_64-9.6.0\plugins\atu.testrecorder.screen-recorder_2.1.0.jar;C:\Users\Mary Joy Bisnar\.katalon\packages\Katalon_Studio_Windows_64-9.6.0\Katalon_Studio_Windows_64-9.6.0\plugins\com.google.guava_23.0.0.jar;C:\Users\Mary Joy Bisnar\.katalon\packages\Katalon_Studio_Windows_64-9.6.0\Katalon_Studio_Windows_64-9.6.0\plugins\com.kms.katalon.util_1.0.0.202406140959.jar;C:\Users\Mary Joy Bisnar\.katalon\packages\Katalon_Studio_Windows_64-9.6.0\Katalon_Studio_Windows_64-9.6.0\plugins\org.apache.httpcomponents.httpclient_4.5.14.v20221207-1049.jar;C:\Users\Mary Joy Bisnar\.katalon\packages\Katalon_Studio_Windows_64-9.6.0\Katalon_Studio_Windows_64-9.6.0\plugins\org.apache.httpcomponents.httpcore_4.4.16.v20221207-1049.jar;C:\Users\Mary Joy Bisnar\.katalon\packages\Katalon_Studio_Windows_64-9.6.0\Katalon_Studio_Windows_64-9.6.0\plugins\org.apache.httpcomponents.httpmime_4.5.13.jar;C:\Users\Mary Joy Bisnar\.katalon\packages\Katalon_Studio_Windows_64-9.6.0\Katalon_Studio_Windows_64-9.6.0\plugins\org.apache.commons.lang3_3.14.0.jar;C:\Users\Mary Joy Bisnar\.katalon\packages\Katalon_Studio_Windows_64-9.6.0\Katalon_Studio_Windows_64-9.6.0\plugins\org.greenrobot.eventbus_3.1.1.jar;C:\Users\Mary Joy Bisnar\.katalon\packages\Katalon_Studio_Windows_64-9.6.0\Katalon_Studio_Windows_64-9.6.0\plugins\net.bytebuddy.byte-buddy_1.14.15.jar;C:\Users\Mary Joy Bisnar\.katalon\packages\Katalon_Studio_Windows_64-9.6.0\Katalon_Studio_Windows_64-9.6.0\plugins\org.junit_4.13.2.v20211018-1956.jar;C:\Users\Mary Joy Bisnar\.katalon\packages\Katalon_Studio_Windows_64-9.6.0\Katalon_Studio_Windows_64-9.6.0\plugins\com.fasterxml.jackson.core.jackson-databind_2.17.1.jar;C:\Users\Mary Joy Bisnar\.katalon\packages\Katalon_Studio_Windows_64-9.6.0\Katalon_Studio_Windows_64-9.6.0\plugins\com.fasterxml.jackson.core.jackson-core_2.17.1.jar;C:\Users\Mary Joy Bisnar\.katalon\packages\Katalon_Studio_Windows_64-9.6.0\Katalon_Studio_Windows_64-9.6.0\plugins\com.fasterxml.jackson.core.jackson-annotations_2.17.1.jar;C:\Users\Mary Joy Bisnar\.katalon\packages\Katalon_Studio_Windows_64-9.6.0\Katalon_Studio_Windows_64-9.6.0\plugins\ch.qos.logback.classic_1.2.13.jar;C:\Users\Mary Joy Bisnar\.katalon\packages\Katalon_Studio_Windows_64-9.6.0\Katalon_Studio_Windows_64-9.6.0\plugins\ch.qos.logback.core_1.2.13.jar;C:\Users\Mary Joy Bisnar\.katalon\packages\Katalon_Studio_Windows_64-9.6.0\Katalon_Studio_Windows_64-9.6.0\plugins\slf4j.api_1.7.36.jar;C:\Users\Mary Joy Bisnar\.katalon\packages\Katalon_Studio_Windows_64-9.6.0\Katalon_Studio_Windows_64-9.6.0\plugins\org.fusesource.jansi_1.17.1.jar;C:\Users\Mary Joy Bisnar\.katalon\packages\Katalon_Studio_Windows_64-9.6.0\Katalon_Studio_Windows_64-9.6.0\plugins\com.kms.katalon.netlightbody_1.0.0.202406140959.jar;C:\Users\Mary Joy Bisnar\.katalon\packages\Katalon_Studio_Windows_64-9.6.0\Katalon_Studio_Windows_64-9.6.0\plugins\com.kms.katalon.poi_1.0.0.202406140959.jar;C:\Users\Mary Joy Bisnar\.katalon\packages\Katalon_Studio_Windows_64-9.6.0\Katalon_Studio_Windows_64-9.6.0\plugins\org.apache.commons.commons-text_1.10.0.jar;C:\Users\Mary Joy Bisnar\.katalon\packages\Katalon_Studio_Windows_64-9.6.0\Katalon_Studio_Windows_64-9.6.0\plugins\com.kms.katalon.proxyvole_1.0.0.202406140959.jar;C:\Users\Mary Joy Bisnar\.katalon\packages\Katalon_Studio_Windows_64-9.6.0\Katalon_Studio_Windows_64-9.6.0\plugins\com.microsoft.sqlserver.mssql-jdbc_6.2.2.jre8.jar;C:\Users\Mary Joy Bisnar\.katalon\packages\Katalon_Studio_Windows_64-9.6.0\Katalon_Studio_Windows_64-9.6.0\plugins\com.github.kklisura.cdt.java-client_2.1.0.jar;C:\Users\Mary Joy Bisnar\.katalon\packages\Katalon_Studio_Windows_64-9.6.0\Katalon_Studio_Windows_64-9.6.0\plugins\javax.websocket-api_1.1.0.jar;C:\Users\Mary Joy Bisnar\.katalon\packages\Katalon_Studio_Windows_64-9.6.0\Katalon_Studio_Windows_64-9.6.0\plugins\org.glassfish.tyrus.container-grizzly-client_1.13.1.jar;C:\Users\Mary Joy Bisnar\.katalon\packages\Katalon_Studio_Windows_64-9.6.0\Katalon_Studio_Windows_64-9.6.0\plugins\org.glassfish.grizzly.http-server_2.3.25.jar;C:\Users\Mary Joy Bisnar\.katalon\packages\Katalon_Studio_Windows_64-9.6.0\Katalon_Studio_Windows_64-9.6.0\plugins\org.glassfish.grizzly.framework_2.3.25.jar;C:\Users\Mary Joy Bisnar\.katalon\packages\Katalon_Studio_Windows_64-9.6.0\Katalon_Studio_Windows_64-9.6.0\plugins\org.glassfish.grizzly.http_2.3.25.jar;C:\Users\Mary Joy Bisnar\.katalon\packages\Katalon_Studio_Windows_64-9.6.0\Katalon_Studio_Windows_64-9.6.0\plugins\org.glassfish.tyrus.client_1.13.1.jar;C:\Users\Mary Joy Bisnar\.katalon\packages\Katalon_Studio_Windows_64-9.6.0\Katalon_Studio_Windows_64-9.6.0\plugins\org.glassfish.tyrus.core_1.13.1.jar;C:\Users\Mary Joy Bisnar\.katalon\packages\Katalon_Studio_Windows_64-9.6.0\Katalon_Studio_Windows_64-9.6.0\plugins\org.glassfish.tyrus.spi_1.13.1.jar;C:\Users\Mary Joy Bisnar\.katalon\packages\Katalon_Studio_Windows_64-9.6.0\Katalon_Studio_Windows_64-9.6.0\plugins\javassist_3.28.0.GA.jar;C:\Users\Mary Joy Bisnar\.katalon\packages\Katalon_Studio_Windows_64-9.6.0\Katalon_Studio_Windows_64-9.6.0\plugins\graphql-java_17.5.0.jar;C:\Users\Mary Joy Bisnar\.katalon\packages\Katalon_Studio_Windows_64-9.6.0\Katalon_Studio_Windows_64-9.6.0\plugins\org.glassfish.jaxb.runtime_2.3.6.jar;C:\Users\Mary Joy Bisnar\.katalon\packages\Katalon_Studio_Windows_64-9.6.0\Katalon_Studio_Windows_64-9.6.0\plugins\org.glassfish.jaxb.txw2_2.3.6.jar;C:\Users\Mary Joy Bisnar\.katalon\packages\Katalon_Studio_Windows_64-9.6.0\Katalon_Studio_Windows_64-9.6.0\plugins\org.dom4j_2.1.4.jar;C:\Users\Mary Joy Bisnar\.katalon\packages\Katalon_Studio_Windows_64-9.6.0\Katalon_Studio_Windows_64-9.6.0\plugins\com.kms.katalon.groovy-extended_1.0.0.202406140959.jar;C:\Users\Mary Joy Bisnar\.katalon\packages\Katalon_Studio_Windows_64-9.6.0\Katalon_Studio_Windows_64-9.6.0\plugins\com.sun.activation.javax.activation_1.2.0.jar;C:\Users\Mary Joy Bisnar\.katalon\packages\Katalon_Studio_Windows_64-9.6.0\Katalon_Studio_Windows_64-9.6.0\plugins\jakarta.xml.bind-api_2.3.3.jar;C:\Users\Mary Joy Bisnar\.katalon\packages\Katalon_Studio_Windows_64-9.6.0\Katalon_Studio_Windows_64-9.6.0\plugins\com.sun.xml.bind.jaxb-impl_2.3.6.jar;C:\Users\Mary Joy Bisnar\.katalon\packages\Katalon_Studio_Windows_64-9.6.0\Katalon_Studio_Windows_64-9.6.0\plugins\org.eclipse.jface_3.29.0.v20230214-1401.jar;C:\Users\Mary Joy Bisnar\.katalon\packages\Katalon_Studio_Windows_64-9.6.0\Katalon_Studio_Windows_64-9.6.0\plugins\com.kms.katalon.logging_1.0.0.202406140959.jar;C:\Users\Mary Joy Bisnar\.katalon\packages\Katalon_Studio_Windows_64-9.6.0\Katalon_Studio_Windows_64-9.6.0\plugins\json_20240303.0.0.jar;C:\Users\Mary Joy Bisnar\.katalon\packages\Katalon_Studio_Windows_64-9.6.0\Katalon_Studio_Windows_64-9.6.0\plugins\assertj-core_3.25.3.jar;C:\Users\Mary Joy Bisnar\.katalon\packages\Katalon_Studio_Windows_64-9.6.0\Katalon_Studio_Windows_64-9.6.0\plugins\org.apache.commons.logging_1.2.0.v20180409-1502.jar;C:\Users\Mary Joy Bisnar\.katalon\packages\Katalon_Studio_Windows_64-9.6.0\Katalon_Studio_Windows_64-9.6.0\plugins\org.hamcrest.core_1.3.0.v20180420-1519.jar;C:\Users\Mary Joy Bisnar\.katalon\packages\Katalon_Studio_Windows_64-9.6.0\Katalon_Studio_Windows_64-9.6.0\plugins\org.beanshell.bsh_2.0.0.0b4.jar;C:\Users\Mary Joy Bisnar\.katalon\packages\Katalon_Studio_Windows_64-9.6.0\Katalon_Studio_Windows_64-9.6.0\plugins\org.apache.ant.launcher_1.9.6.jar;C:\Users\Mary Joy Bisnar\.katalon\packages\Katalon_Studio_Windows_64-9.6.0\Katalon_Studio_Windows_64-9.6.0\plugins\com.kms.katalon.core.appium_1.0.0.202406140959.jar;C:\Users\Mary Joy Bisnar\.katalon\packages\Katalon_Studio_Windows_64-9.6.0\Katalon_Studio_Windows_64-9.6.0\plugins\com.kms.katalon.api_1.0.0.202406140959.jar;C:\Users\Mary Joy Bisnar\.katalon\packages\Katalon_Studio_Windows_64-9.6.0\Katalon_Studio_Windows_64-9.6.0\plugins\org.eclipse.equinox.common_3.17.100.v20230202-1341.jar;C:\Users\Mary Joy Bisnar\.katalon\packages\Katalon_Studio_Windows_64-9.6.0\Katalon_Studio_Windows_64-9.6.0\plugins\com.kms.katalon.testcloud.core_1.0.0.202406140959.jar;C:\Users\Mary Joy Bisnar\.katalon\packages\Katalon_Studio_Windows_64-9.6.0\Katalon_Studio_Windows_64-9.6.0\plugins\org.eclipse.e4.core.di.annotations_1.7.200.v20220613-1008.jar;C:\Users\Mary Joy Bisnar\.katalon\packages\Katalon_Studio_Windows_64-9.6.0\Katalon_Studio_Windows_64-9.6.0\plugins\org.eclipse.swt_3.123.0.v20230220-1431.jar;C:\Users\Mary Joy Bisnar\.katalon\packages\Katalon_Studio_Windows_64-9.6.0\Katalon_Studio_Windows_64-9.6.0\plugins\com.kms.katalon.configuration.core_1.0.0.202406140959.jar;C:\Users\Mary Joy Bisnar\.katalon\packages\Katalon_Studio_Windows_64-9.6.0\Katalon_Studio_Windows_64-9.6.0\plugins\org.semver4j_5.3.0.jar;C:\Users\Mary Joy Bisnar\.katalon\packages\Katalon_Studio_Windows_64-9.6.0\Katalon_Studio_Windows_64-9.6.0\plugins\com.kms.katalon.core.webui_1.0.0.202406140959.jar;C:\Users\Mary Joy Bisnar\.katalon\packages\Katalon_Studio_Windows_64-9.6.0\Katalon_Studio_Windows_64-9.6.0\plugins\org.eclipse.e4.core.contexts_1.11.0.v20220716-0839.jar;C:\Users\Mary Joy Bisnar\.katalon\packages\Katalon_Studio_Windows_64-9.6.0\Katalon_Studio_Windows_64-9.6.0\plugins\org.eclipse.e4.core.services_2.3.400.v20220915-1347.jar;C:\Users\Mary Joy Bisnar\.katalon\packages\Katalon_Studio_Windows_64-9.6.0\Katalon_Studio_Windows_64-9.6.0\plugins\com.kms.katalon.core.mobile_1.0.0.202406140959.jar;C:\Users\Mary Joy Bisnar\.katalon\packages\Katalon_Studio_Windows_64-9.6.0\Katalon_Studio_Windows_64-9.6.0\plugins\org.apache.commons.commons-validator_1.7.0.jar;C:\Users\Mary Joy Bisnar\.katalon\packages\Katalon_Studio_Windows_64-9.6.0\Katalon_Studio_Windows_64-9.6.0\plugins\com.kms.katalon.core.cucumber_1.0.0.202406140959.jar;C:\Users\Mary Joy Bisnar\.katalon\packages\Katalon_Studio_Windows_64-9.6.0\Katalon_Studio_Windows_64-9.6.0\plugins\io.cucumber.core_3.0.3.jar;C:\Users\Mary Joy Bisnar\.katalon\packages\Katalon_Studio_Windows_64-9.6.0\Katalon_Studio_Windows_64-9.6.0\plugins\io.cucumber.datatable_1.1.15.jar;C:\Users\Mary Joy Bisnar\.katalon\packages\Katalon_Studio_Windows_64-9.6.0\Katalon_Studio_Windows_64-9.6.0\plugins\io.cucumber.datatable-dependencies_1.1.15.jar;C:\Users\Mary Joy Bisnar\.katalon\packages\Katalon_Studio_Windows_64-9.6.0\Katalon_Studio_Windows_64-9.6.0\plugins\io.cucumber.expressions_5.0.19.jar;C:\Users\Mary Joy Bisnar\.katalon\packages\Katalon_Studio_Windows_64-9.6.0\Katalon_Studio_Windows_64-9.6.0\plugins\io.cucumber.gherkin_5.0.0.jar;C:\Users\Mary Joy Bisnar\.katalon\packages\Katalon_Studio_Windows_64-9.6.0\Katalon_Studio_Windows_64-9.6.0\plugins\io.cucumber.html_0.2.7.jar;C:\Users\Mary Joy Bisnar\.katalon\packages\Katalon_Studio_Windows_64-9.6.0\Katalon_Studio_Windows_64-9.6.0\plugins\io.cucumber.java_3.0.3.jar;C:\Users\Mary Joy Bisnar\.katalon\packages\Katalon_Studio_Windows_64-9.6.0\Katalon_Studio_Windows_64-9.6.0\plugins\io.cucumber.tag-expressions_1.1.1.jar;C:\Users\Mary Joy Bisnar\.katalon\packages\Katalon_Studio_Windows_64-9.6.0\Katalon_Studio_Windows_64-9.6.0\plugins\io.cucumber.junit_3.0.3.jar;C:\Users\Mary Joy Bisnar\.katalon\packages\Katalon_Studio_Windows_64-9.6.0\Katalon_Studio_Windows_64-9.6.0\plugins\com.kms.katalon.core.webservice_1.0.0.202406140959.jar;C:\Users\Mary Joy Bisnar\.katalon\packages\Katalon_Studio_Windows_64-9.6.0\Katalon_Studio_Windows_64-9.6.0\plugins\wsdl4j_1.6.2.jar;C:\Users\Mary Joy Bisnar\.katalon\packages\Katalon_Studio_Windows_64-9.6.0\Katalon_Studio_Windows_64-9.6.0\plugins\com.google.oauth-client.google-oauth-client_1.22.0.jar;C:\Users\Mary Joy Bisnar\.katalon\packages\Katalon_Studio_Windows_64-9.6.0\Katalon_Studio_Windows_64-9.6.0\plugins\com.google.http-client.google-http-client_1.22.0.jar;C:\Users\Mary Joy Bisnar\.katalon\packages\Katalon_Studio_Windows_64-9.6.0\Katalon_Studio_Windows_64-9.6.0\plugins\ca.juliusdavies.not-yet-commons-ssl_0.3.11.jar;C:\Users\Mary Joy Bisnar\.katalon\packages\Katalon_Studio_Windows_64-9.6.0\Katalon_Studio_Windows_64-9.6.0\plugins\com.kms.katalon.preferences_1.0.0.202406140959.jar;C:\Users\Mary Joy Bisnar\.katalon\packages\Katalon_Studio_Windows_64-9.6.0\Katalon_Studio_Windows_64-9.6.0\plugins\org.apache.xmlbeans_3.1.0.jar;C:\Users\Mary Joy Bisnar\.katalon\packages\Katalon_Studio_Windows_64-9.6.0\Katalon_Studio_Windows_64-9.6.0\plugins\com.kms.katalon.entity_1.0.0.202406140959.jar;C:\Users\Mary Joy Bisnar\.katalon\packages\Katalon_Studio_Windows_64-9.6.0\Katalon_Studio_Windows_64-9.6.0\plugins\org.antlr.antlr4-runtime_4.9.2.jar;C:\Users\Mary Joy Bisnar\.katalon\packages\Katalon_Studio_Windows_64-9.6.0\Katalon_Studio_Windows_64-9.6.0\plugins\com.networknt.json-schema-validator_1.0.66.jar;C:\Users\Mary Joy Bisnar\.katalon\packages\Katalon_Studio_Windows_64-9.6.0\Katalon_Studio_Windows_64-9.6.0\plugins\jakarta.xml.ws-api_2.3.3.jar;C:\Users\Mary Joy Bisnar\.katalon\packages\Katalon_Studio_Windows_64-9.6.0\Katalon_Studio_Windows_64-9.6.0\plugins\javax.xml.soap-api_1.4.0.jar;C:\Users\Mary Joy Bisnar\.katalon\packages\Katalon_Studio_Windows_64-9.6.0\Katalon_Studio_Windows_64-9.6.0\plugins\com.kms.katalon.core.windows_1.0.0.202406140959.jar;C:\Users\Mary Joy Bisnar\.katalon\packages\Katalon_Studio_Windows_64-9.6.0\Katalon_Studio_Windows_64-9.6.0\plugins\com.kms.katalon.core.testng_1.0.0.202406140959.jar;C:\Users\Mary Joy Bisnar\.katalon\packages\Katalon_Studio_Windows_64-9.6.0\Katalon_Studio_Windows_64-9.6.0\configuration\org.eclipse.osgi\32\0\.cp\resources\basic-report\katalon-studio-report-plugin.jar;C:\Users\Mary Joy Bisnar\.katalon\packages\Katalon_Studio_Windows_64-9.6.0\Katalon_Studio_Windows_64-9.6.0\plugins\org.codehaus.groovy_3.0.17.v202303311542-e2303\lib\groovy-3.0.17-indy.jar;C:\Users\Mary Joy Bisnar\.katalon\packages\Katalon_Studio_Windows_64-9.6.0\Katalon_Studio_Windows_64-9.6.0\plugins\org.codehaus.groovy_3.0.17.v202303311542-e2303\lib\ivy-2.5.1.jar --main groovy.ui.GroovyMain --encoding UTF-8 --indy C:\Users\Mary Joy Bisnar\KatalonStudio\Libs\TempTestCase1719919324620.groovy

Host: Intel(R) Core(TM) i3-10100 CPU @ 3.60GHz, 8 cores, 7G,  Windows 11 , 64 bit Build 22621 (10.0.22621.3672)
Time: Tue Jul  2 19:22:12 2024 Malay Peninsula Standard Time elapsed time: 7.337519 seconds (0d 0h 0m 7s)

---------------  T H R E A D  ---------------

Current thread (0x00000239e4267ab0):  JavaThread "C2 CompilerThread1" daemon [_thread_in_native, id=6964, stack(0x000000c2a8e00000,0x000000c2a8f00000)]


Current CompileTask:
C2:   7337 5488       4       groovyjarjarantlr4.v4.runtime.BufferedTokenStream::sync (55 bytes)

Stack: [0x000000c2a8e00000,0x000000c2a8f00000]
Native frames: (J=compiled Java code, j=interpreted, Vv=VM code, C=native code)
V  [jvm.dll+0x67754a]
V  [jvm.dll+0x834304]
V  [jvm.dll+0x835aae]
V  [jvm.dll+0x836113]
V  [jvm.dll+0x24696f]
V  [jvm.dll+0xac0ac]
V  [jvm.dll+0xac67c]
V  [jvm.dll+0x364e37]
V  [jvm.dll+0x1bcde8]
V  [jvm.dll+0x219799]
V  [jvm.dll+0x218a61]
V  [jvm.dll+0x1a4d8d]
V  [jvm.dll+0x2284da]
V  [jvm.dll+0x226615]
V  [jvm.dll+0x7ea90b]
V  [jvm.dll+0x7e4e7a]
V  [jvm.dll+0x676395]
C  [ucrtbase.dll+0x29333]
C  [KERNEL32.DLL+0x1257d]
C  [ntdll.dll+0x5af28]


---------------  P R O C E S S  ---------------

Threads class SMR info:
_java_thread_list=0x00000239e267f1a0, length=23, elements={
0x00000239bccb7a70, 0x00000239dd046460, 0x00000239dd0472d0, 0x00000239dd0503d0,
0x00000239dd08b010, 0x00000239dd08b8d0, 0x00000239dd08e1a0, 0x00000239dd09fbe0,
0x00000239dd0a3500, 0x00000239dd0ac5d0, 0x00000239dd3d6570, 0x00000239de4b06a0,
0x00000239e166a230, 0x00000239e166b0a0, 0x00000239e166a700, 0x00000239e166abd0,
0x00000239e166d250, 0x00000239e166b570, 0x00000239e166c3e0, 0x00000239e166ba40,
0x00000239e166c8b0, 0x00000239e4267ab0, 0x00000239dda1b980
}

Java Threads: ( => current thread )
  0x00000239bccb7a70 JavaThread "Forwarding executeAsyncScript on session 6580b1085e5331cde6d72f39a29b3d41 to remote" [_thread_in_native, id=12988, stack(0x000000c2a7d00000,0x000000c2a7e00000)]
  0x00000239dd046460 JavaThread "Reference Handler" daemon [_thread_blocked, id=11556, stack(0x000000c2a8400000,0x000000c2a8500000)]
  0x00000239dd0472d0 JavaThread "Finalizer" daemon [_thread_blocked, id=2436, stack(0x000000c2a8500000,0x000000c2a8600000)]
  0x00000239dd0503d0 JavaThread "Signal Dispatcher" daemon [_thread_blocked, id=5936, stack(0x000000c2a8600000,0x000000c2a8700000)]
  0x00000239dd08b010 JavaThread "Attach Listener" daemon [_thread_blocked, id=13592, stack(0x000000c2a8700000,0x000000c2a8800000)]
  0x00000239dd08b8d0 JavaThread "Service Thread" daemon [_thread_blocked, id=4652, stack(0x000000c2a8800000,0x000000c2a8900000)]
  0x00000239dd08e1a0 JavaThread "Monitor Deflation Thread" daemon [_thread_blocked, id=10500, stack(0x000000c2a8900000,0x000000c2a8a00000)]
  0x00000239dd09fbe0 JavaThread "C2 CompilerThread0" daemon [_thread_blocked, id=17084, stack(0x000000c2a8a00000,0x000000c2a8b00000)]
  0x00000239dd0a3500 JavaThread "C1 CompilerThread0" daemon [_thread_blocked, id=3976, stack(0x000000c2a8b00000,0x000000c2a8c00000)]
  0x00000239dd0ac5d0 JavaThread "Sweeper thread" daemon [_thread_blocked, id=15324, stack(0x000000c2a8c00000,0x000000c2a8d00000)]
  0x00000239dd3d6570 JavaThread "Common-Cleaner" daemon [_thread_blocked, id=14948, stack(0x000000c2a8d00000,0x000000c2a8e00000)]
  0x00000239de4b06a0 JavaThread "Notification Thread" daemon [_thread_blocked, id=14880, stack(0x000000c2a8f00000,0x000000c2a9000000)]
  0x00000239e166a230 JavaThread "Exec Default Executor" daemon [_thread_in_native, id=4936, stack(0x000000c2a9a00000,0x000000c2a9b00000)]
  0x00000239e166b0a0 JavaThread "UrlChecker-2" daemon [_thread_blocked, id=6172, stack(0x000000c2a9b00000,0x000000c2a9c00000)]
  0x00000239e166a700 JavaThread "Exec Stream Pumper" daemon [_thread_in_native, id=15032, stack(0x000000c2a9d00000,0x000000c2a9e00000)]
  0x00000239e166abd0 JavaThread "Exec Stream Pumper" daemon [_thread_in_native, id=6828, stack(0x000000c2a9e00000,0x000000c2a9f00000)]
  0x00000239e166d250 JavaThread "Keep-Alive-Timer" daemon [_thread_blocked, id=8316, stack(0x000000c2a9f00000,0x000000c2aa000000)]
  0x00000239e166b570 JavaThread "ForkJoinPool.commonPool-worker-1" daemon [_thread_blocked, id=9696, stack(0x000000c2aa000000,0x000000c2aa100000)]
  0x00000239e166c3e0 JavaThread "ForkJoinPool.commonPool-worker-2" daemon [_thread_blocked, id=9192, stack(0x000000c2aa100000,0x000000c2aa200000)]
  0x00000239e166ba40 JavaThread "OkHttp ConnectionPool" daemon [_thread_blocked, id=8504, stack(0x000000c2aa200000,0x000000c2aa300000)]
  0x00000239e166c8b0 JavaThread "Okio Watchdog" daemon [_thread_blocked, id=10048, stack(0x000000c2aa300000,0x000000c2aa400000)]
=>0x00000239e4267ab0 JavaThread "C2 CompilerThread1" daemon [_thread_in_native, id=6964, stack(0x000000c2a8e00000,0x000000c2a8f00000)]
  0x00000239dda1b980 JavaThread "C2 CompilerThread2" daemon [_thread_in_native, id=15600, stack(0x000000c2a9100000,0x000000c2a9200000)]

Other Threads:
  0x00000239dd041740 VMThread "VM Thread" [stack: 0x000000c2a8300000,0x000000c2a8400000] [id=14812]
  0x00000239dd67a180 WatcherThread [stack: 0x000000c2a9000000,0x000000c2a9100000] [id=5144]
  0x00000239bcd19950 GCTaskThread "GC Thread#0" [stack: 0x000000c2a7e00000,0x000000c2a7f00000] [id=6940]
  0x00000239de0aeb40 GCTaskThread "GC Thread#1" [stack: 0x000000c2a9200000,0x000000c2a9300000] [id=16364]
  0x00000239de2a2870 GCTaskThread "GC Thread#2" [stack: 0x000000c2a9300000,0x000000c2a9400000] [id=15428]
  0x00000239e04409d0 GCTaskThread "GC Thread#3" [stack: 0x000000c2a9400000,0x000000c2a9500000] [id=12424]
  0x00000239dd975580 GCTaskThread "GC Thread#4" [stack: 0x000000c2a9500000,0x000000c2a9600000] [id=10964]
  0x00000239e0025be0 GCTaskThread "GC Thread#5" [stack: 0x000000c2a9600000,0x000000c2a9700000] [id=16172]
  0x00000239dfd603e0 GCTaskThread "GC Thread#6" [stack: 0x000000c2a9700000,0x000000c2a9800000] [id=10420]
  0x00000239df3fd8d0 GCTaskThread "GC Thread#7" [stack: 0x000000c2a9800000,0x000000c2a9900000] [id=14708]
  0x00000239bcd1e630 ConcurrentGCThread "G1 Main Marker" [stack: 0x000000c2a7f00000,0x000000c2a8000000] [id=12880]
  0x00000239d61ec440 ConcurrentGCThread "G1 Conc#0" [stack: 0x000000c2a8000000,0x000000c2a8100000] [id=9592]
  0x00000239e19af310 ConcurrentGCThread "G1 Conc#1" [stack: 0x000000c2a9900000,0x000000c2a9a00000] [id=8260]
  0x00000239d6266270 ConcurrentGCThread "G1 Refine#0" [stack: 0x000000c2a8100000,0x000000c2a8200000] [id=10296]
  0x00000239d6266c90 ConcurrentGCThread "G1 Service" [stack: 0x000000c2a8200000,0x000000c2a8300000] [id=16844]

Threads with active compile tasks:
C2 CompilerThread1     7354 5488       4       groovyjarjarantlr4.v4.runtime.BufferedTokenStream::sync (55 bytes)
C2 CompilerThread2     7354 5480       4       groovyjarjarantlr4.v4.runtime.atn.PredictionContext::getCachedContext (297 bytes)

VM state: not at safepoint (normal execution)

VM Mutex/Monitor currently owned by a thread: None

Heap address: 0x0000000080000000, size: 2048 MB, Compressed Oops mode: 32-bit

CDS archive(s) not mapped
Compressed class space mapped at: 0x0000000100000000-0x0000000140000000, reserved size: 1073741824
Narrow klass base: 0x0000000000000000, Narrow klass shift: 3, Narrow klass range: 0x140000000

GC Precious Log:
 CPUs: 8 total, 8 available
 Memory: 7835M
 Large Page Support: Disabled
 NUMA Support: Disabled
 Compressed Oops: Enabled (32-bit)
 Heap Region Size: 1M
 Heap Min Capacity: 8M
 Heap Initial Capacity: 124M
 Heap Max Capacity: 2G
 Pre-touch: Disabled
 Parallel Workers: 8
 Concurrent Workers: 2
 Concurrent Refinement Workers: 8
 Periodic GC: Disabled

Heap:
 garbage-first heap   total 111616K, used 47904K [0x0000000080000000, 0x0000000100000000)
  region size 1024K, 21 young (21504K), 8 survivors (8192K)
 Metaspace       used 44206K, committed 44736K, reserved 1114112K
  class space    used 4898K, committed 5120K, reserved 1048576K

Heap Regions: E=young(eden), S=young(survivor), O=old, HS=humongous(starts), HC=humongous(continues), CS=collection set, F=free, OA=open archive, CA=closed archive, TAMS=top-at-mark-start (previous, next)
|   0|0x0000000080000000, 0x0000000080100000, 0x0000000080100000|100%|HS|  |TAMS 0x0000000080100000, 0x0000000080000000| Complete 
|   1|0x0000000080100000, 0x0000000080200000, 0x0000000080200000|100%|HS|  |TAMS 0x0000000080200000, 0x0000000080100000| Complete 
|   2|0x0000000080200000, 0x0000000080300000, 0x0000000080300000|100%|HS|  |TAMS 0x0000000080300000, 0x0000000080200000| Complete 
|   3|0x0000000080300000, 0x0000000080400000, 0x0000000080400000|100%| O|  |TAMS 0x0000000080400000, 0x0000000080300000| Untracked 
|   4|0x0000000080400000, 0x0000000080500000, 0x0000000080500000|100%| O|  |TAMS 0x0000000080500000, 0x0000000080400000| Untracked 
|   5|0x0000000080500000, 0x0000000080600000, 0x0000000080600000|100%| O|  |TAMS 0x0000000080600000, 0x0000000080500000| Untracked 
|   6|0x0000000080600000, 0x0000000080700000, 0x0000000080700000|100%| O|  |TAMS 0x0000000080700000, 0x0000000080600000| Untracked 
|   7|0x0000000080700000, 0x0000000080800000, 0x0000000080800000|100%| O|  |TAMS 0x0000000080800000, 0x0000000080700000| Untracked 
|   8|0x0000000080800000, 0x0000000080900000, 0x0000000080900000|100%| O|  |TAMS 0x0000000080900000, 0x0000000080800000| Untracked 
|   9|0x0000000080900000, 0x0000000080a00000, 0x0000000080a00000|100%| O|  |TAMS 0x0000000080a00000, 0x0000000080900000| Untracked 
|  10|0x0000000080a00000, 0x0000000080b00000, 0x0000000080b00000|100%| O|  |TAMS 0x0000000080b00000, 0x0000000080a00000| Untracked 
|  11|0x0000000080b00000, 0x0000000080c00000, 0x0000000080c00000|100%| O|  |TAMS 0x0000000080c00000, 0x0000000080b00000| Untracked 
|  12|0x0000000080c00000, 0x0000000080d00000, 0x0000000080d00000|100%| O|  |TAMS 0x0000000080d00000, 0x0000000080c00000| Untracked 
|  13|0x0000000080d00000, 0x0000000080e00000, 0x0000000080e00000|100%| O|  |TAMS 0x0000000080e00000, 0x0000000080d00000| Untracked 
|  14|0x0000000080e00000, 0x0000000080f00000, 0x0000000080f00000|100%| O|  |TAMS 0x0000000080f00000, 0x0000000080e00000| Untracked 
|  15|0x0000000080f00000, 0x0000000080f8aa00, 0x0000000081000000| 54%| O|  |TAMS 0x0000000080f8aa00, 0x0000000080f00000| Untracked 
|  16|0x0000000081000000, 0x0000000081100000, 0x0000000081100000|100%| O|  |TAMS 0x0000000081100000, 0x0000000081000000| Untracked 
|  17|0x0000000081100000, 0x0000000081200000, 0x0000000081200000|100%| O|  |TAMS 0x0000000081200000, 0x0000000081100000| Untracked 
|  18|0x0000000081200000, 0x0000000081300000, 0x0000000081300000|100%| O|  |TAMS 0x0000000081300000, 0x0000000081200000| Untracked 
|  19|0x0000000081300000, 0x0000000081400000, 0x0000000081400000|100%| O|  |TAMS 0x0000000081400000, 0x0000000081300000| Untracked 
|  20|0x0000000081400000, 0x0000000081500000, 0x0000000081500000|100%| O|  |TAMS 0x0000000081500000, 0x0000000081400000| Untracked 
|  21|0x0000000081500000, 0x0000000081600000, 0x0000000081600000|100%| O|  |TAMS 0x0000000081600000, 0x0000000081500000| Untracked 
|  22|0x0000000081600000, 0x0000000081700000, 0x0000000081700000|100%| O|  |TAMS 0x0000000081700000, 0x0000000081600000| Untracked 
|  23|0x0000000081700000, 0x0000000081800000, 0x0000000081800000|100%| O|  |TAMS 0x0000000081800000, 0x0000000081700000| Untracked 
|  24|0x0000000081800000, 0x0000000081900000, 0x0000000081900000|100%| O|  |TAMS 0x00000000818c8000, 0x0000000081800000| Untracked 
|  25|0x0000000081900000, 0x0000000081a00000, 0x0000000081a00000|100%| O|  |TAMS 0x0000000081900000, 0x0000000081900000| Untracked 
|  26|0x0000000081a00000, 0x0000000081b00000, 0x0000000081b00000|100%| O|  |TAMS 0x0000000081a00000, 0x0000000081a00000| Untracked 
|  27|0x0000000081b00000, 0x0000000081b5f600, 0x0000000081c00000| 37%| O|  |TAMS 0x0000000081b00000, 0x0000000081b00000| Untracked 
|  28|0x0000000081c00000, 0x0000000081c00000, 0x0000000081d00000|  0%| F|  |TAMS 0x0000000081c00000, 0x0000000081c00000| Untracked 
|  29|0x0000000081d00000, 0x0000000081d00000, 0x0000000081e00000|  0%| F|  |TAMS 0x0000000081d00000, 0x0000000081d00000| Untracked 
|  30|0x0000000081e00000, 0x0000000081e00000, 0x0000000081f00000|  0%| F|  |TAMS 0x0000000081e00000, 0x0000000081e00000| Untracked 
|  31|0x0000000081f00000, 0x0000000081f00000, 0x0000000082000000|  0%| F|  |TAMS 0x0000000081f00000, 0x0000000081f00000| Untracked 
|  32|0x0000000082000000, 0x0000000082000000, 0x0000000082100000|  0%| F|  |TAMS 0x0000000082000000, 0x0000000082000000| Untracked 
|  33|0x0000000082100000, 0x0000000082100000, 0x0000000082200000|  0%| F|  |TAMS 0x0000000082100000, 0x0000000082100000| Untracked 
|  34|0x0000000082200000, 0x0000000082200000, 0x0000000082300000|  0%| F|  |TAMS 0x0000000082200000, 0x0000000082200000| Untracked 
|  35|0x0000000082300000, 0x0000000082300000, 0x0000000082400000|  0%| F|  |TAMS 0x0000000082300000, 0x0000000082300000| Untracked 
|  36|0x0000000082400000, 0x0000000082400000, 0x0000000082500000|  0%| F|  |TAMS 0x0000000082400000, 0x0000000082400000| Untracked 
|  37|0x0000000082500000, 0x0000000082500000, 0x0000000082600000|  0%| F|  |TAMS 0x0000000082500000, 0x0000000082500000| Untracked 
|  38|0x0000000082600000, 0x00000000826de2e0, 0x0000000082700000| 86%| S|CS|TAMS 0x0000000082600000, 0x0000000082600000| Complete 
|  39|0x0000000082700000, 0x0000000082800000, 0x0000000082800000|100%| S|CS|TAMS 0x0000000082700000, 0x0000000082700000| Complete 
|  40|0x0000000082800000, 0x0000000082900000, 0x0000000082900000|100%| S|CS|TAMS 0x0000000082800000, 0x0000000082800000| Complete 
|  41|0x0000000082900000, 0x0000000082a00000, 0x0000000082a00000|100%| S|CS|TAMS 0x0000000082900000, 0x0000000082900000| Complete 
|  42|0x0000000082a00000, 0x0000000082b00000, 0x0000000082b00000|100%| S|CS|TAMS 0x0000000082a00000, 0x0000000082a00000| Complete 
|  43|0x0000000082b00000, 0x0000000082c00000, 0x0000000082c00000|100%| S|CS|TAMS 0x0000000082b00000, 0x0000000082b00000| Complete 
|  44|0x0000000082c00000, 0x0000000082d00000, 0x0000000082d00000|100%| S|CS|TAMS 0x0000000082c00000, 0x0000000082c00000| Complete 
|  45|0x0000000082d00000, 0x0000000082e00000, 0x0000000082e00000|100%| S|CS|TAMS 0x0000000082d00000, 0x0000000082d00000| Complete 
|  46|0x0000000082e00000, 0x0000000082e00000, 0x0000000082f00000|  0%| F|  |TAMS 0x0000000082e00000, 0x0000000082e00000| Untracked 
|  47|0x0000000082f00000, 0x0000000082f00000, 0x0000000083000000|  0%| F|  |TAMS 0x0000000082f00000, 0x0000000082f00000| Untracked 
|  48|0x0000000083000000, 0x0000000083000000, 0x0000000083100000|  0%| F|  |TAMS 0x0000000083000000, 0x0000000083000000| Untracked 
|  49|0x0000000083100000, 0x0000000083100000, 0x0000000083200000|  0%| F|  |TAMS 0x0000000083100000, 0x0000000083100000| Untracked 
|  50|0x0000000083200000, 0x0000000083200000, 0x0000000083300000|  0%| F|  |TAMS 0x0000000083200000, 0x0000000083200000| Untracked 
|  51|0x0000000083300000, 0x0000000083300000, 0x0000000083400000|  0%| F|  |TAMS 0x0000000083300000, 0x0000000083300000| Untracked 
|  52|0x0000000083400000, 0x0000000083400000, 0x0000000083500000|  0%| F|  |TAMS 0x0000000083400000, 0x0000000083400000| Untracked 
|  53|0x0000000083500000, 0x0000000083500000, 0x0000000083600000|  0%| F|  |TAMS 0x0000000083500000, 0x0000000083500000| Untracked 
|  54|0x0000000083600000, 0x0000000083600000, 0x0000000083700000|  0%| F|  |TAMS 0x0000000083600000, 0x0000000083600000| Untracked 
|  55|0x0000000083700000, 0x0000000083700000, 0x0000000083800000|  0%| F|  |TAMS 0x0000000083700000, 0x0000000083700000| Untracked 
|  56|0x0000000083800000, 0x0000000083800000, 0x0000000083900000|  0%| F|  |TAMS 0x0000000083800000, 0x0000000083800000| Untracked 
|  57|0x0000000083900000, 0x0000000083900000, 0x0000000083a00000|  0%| F|  |TAMS 0x0000000083900000, 0x0000000083900000| Untracked 
|  58|0x0000000083a00000, 0x0000000083a00000, 0x0000000083b00000|  0%| F|  |TAMS 0x0000000083a00000, 0x0000000083a00000| Untracked 
|  59|0x0000000083b00000, 0x0000000083b00000, 0x0000000083c00000|  0%| F|  |TAMS 0x0000000083b00000, 0x0000000083b00000| Untracked 
|  60|0x0000000083c00000, 0x0000000083c00000, 0x0000000083d00000|  0%| F|  |TAMS 0x0000000083c00000, 0x0000000083c00000| Untracked 
|  61|0x0000000083d00000, 0x0000000083d00000, 0x0000000083e00000|  0%| F|  |TAMS 0x0000000083d00000, 0x0000000083d00000| Untracked 
|  62|0x0000000083e00000, 0x0000000083e00000, 0x0000000083f00000|  0%| F|  |TAMS 0x0000000083e00000, 0x0000000083e00000| Untracked 
|  63|0x0000000083f00000, 0x0000000083f00000, 0x0000000084000000|  0%| F|  |TAMS 0x0000000083f00000, 0x0000000083f00000| Untracked 
|  64|0x0000000084000000, 0x0000000084000000, 0x0000000084100000|  0%| F|  |TAMS 0x0000000084000000, 0x0000000084000000| Untracked 
|  65|0x0000000084100000, 0x0000000084100000, 0x0000000084200000|  0%| F|  |TAMS 0x0000000084100000, 0x0000000084100000| Untracked 
|  66|0x0000000084200000, 0x0000000084200000, 0x0000000084300000|  0%| F|  |TAMS 0x0000000084200000, 0x0000000084200000| Untracked 
|  67|0x0000000084300000, 0x0000000084300000, 0x0000000084400000|  0%| F|  |TAMS 0x0000000084300000, 0x0000000084300000| Untracked 
|  68|0x0000000084400000, 0x0000000084400000, 0x0000000084500000|  0%| F|  |TAMS 0x0000000084400000, 0x0000000084400000| Untracked 
|  69|0x0000000084500000, 0x0000000084500000, 0x0000000084600000|  0%| F|  |TAMS 0x0000000084500000, 0x0000000084500000| Untracked 
|  70|0x0000000084600000, 0x0000000084600000, 0x0000000084700000|  0%| F|  |TAMS 0x0000000084600000, 0x0000000084600000| Untracked 
|  71|0x0000000084700000, 0x0000000084700000, 0x0000000084800000|  0%| F|  |TAMS 0x0000000084700000, 0x0000000084700000| Untracked 
|  72|0x0000000084800000, 0x0000000084800000, 0x0000000084900000|  0%| F|  |TAMS 0x0000000084800000, 0x0000000084800000| Untracked 
|  73|0x0000000084900000, 0x0000000084900000, 0x0000000084a00000|  0%| F|  |TAMS 0x0000000084900000, 0x0000000084900000| Untracked 
|  74|0x0000000084a00000, 0x0000000084a00000, 0x0000000084b00000|  0%| F|  |TAMS 0x0000000084a00000, 0x0000000084a00000| Untracked 
|  75|0x0000000084b00000, 0x0000000084b00000, 0x0000000084c00000|  0%| F|  |TAMS 0x0000000084b00000, 0x0000000084b00000| Untracked 
|  76|0x0000000084c00000, 0x0000000084c00000, 0x0000000084d00000|  0%| F|  |TAMS 0x0000000084c00000, 0x0000000084c00000| Untracked 
|  77|0x0000000084d00000, 0x0000000084d00000, 0x0000000084e00000|  0%| F|  |TAMS 0x0000000084d00000, 0x0000000084d00000| Untracked 
|  78|0x0000000084e00000, 0x0000000084e00000, 0x0000000084f00000|  0%| F|  |TAMS 0x0000000084e00000, 0x0000000084e00000| Untracked 
|  79|0x0000000084f00000, 0x0000000084f00000, 0x0000000085000000|  0%| F|  |TAMS 0x0000000084f00000, 0x0000000084f00000| Untracked 
|  80|0x0000000085000000, 0x0000000085000000, 0x0000000085100000|  0%| F|  |TAMS 0x0000000085000000, 0x0000000085000000| Untracked 
|  81|0x0000000085100000, 0x0000000085100000, 0x0000000085200000|  0%| F|  |TAMS 0x0000000085100000, 0x0000000085100000| Untracked 
|  82|0x0000000085200000, 0x0000000085200000, 0x0000000085300000|  0%| F|  |TAMS 0x0000000085200000, 0x0000000085200000| Untracked 
|  83|0x0000000085300000, 0x0000000085300000, 0x0000000085400000|  0%| F|  |TAMS 0x0000000085300000, 0x0000000085300000| Untracked 
|  84|0x0000000085400000, 0x0000000085400000, 0x0000000085500000|  0%| F|  |TAMS 0x0000000085400000, 0x0000000085400000| Untracked 
|  85|0x0000000085500000, 0x0000000085500000, 0x0000000085600000|  0%| F|  |TAMS 0x0000000085500000, 0x0000000085500000| Untracked 
|  86|0x0000000085600000, 0x0000000085600000, 0x0000000085700000|  0%| F|  |TAMS 0x0000000085600000, 0x0000000085600000| Untracked 
|  87|0x0000000085700000, 0x0000000085700000, 0x0000000085800000|  0%| F|  |TAMS 0x0000000085700000, 0x0000000085700000| Untracked 
|  88|0x0000000085800000, 0x0000000085800000, 0x0000000085900000|  0%| F|  |TAMS 0x0000000085800000, 0x0000000085800000| Untracked 
|  89|0x0000000085900000, 0x0000000085900000, 0x0000000085a00000|  0%| F|  |TAMS 0x0000000085900000, 0x0000000085900000| Untracked 
|  90|0x0000000085a00000, 0x0000000085a00000, 0x0000000085b00000|  0%| F|  |TAMS 0x0000000085a00000, 0x0000000085a00000| Untracked 
|  91|0x0000000085b00000, 0x0000000085b00000, 0x0000000085c00000|  0%| F|  |TAMS 0x0000000085b00000, 0x0000000085b00000| Untracked 
|  92|0x0000000085c00000, 0x0000000085c00000, 0x0000000085d00000|  0%| F|  |TAMS 0x0000000085c00000, 0x0000000085c00000| Untracked 
|  93|0x0000000085d00000, 0x0000000085d00000, 0x0000000085e00000|  0%| F|  |TAMS 0x0000000085d00000, 0x0000000085d00000| Untracked 
|  94|0x0000000085e00000, 0x0000000085e00000, 0x0000000085f00000|  0%| F|  |TAMS 0x0000000085e00000, 0x0000000085e00000| Untracked 
|  95|0x0000000085f00000, 0x0000000085f00000, 0x0000000086000000|  0%| F|  |TAMS 0x0000000085f00000, 0x0000000085f00000| Untracked 
|  96|0x0000000086000000, 0x0000000086100000, 0x0000000086100000|100%| E|  |TAMS 0x0000000086000000, 0x0000000086000000| Complete 
|  97|0x0000000086100000, 0x0000000086200000, 0x0000000086200000|100%| E|CS|TAMS 0x0000000086100000, 0x0000000086100000| Complete 
|  98|0x0000000086200000, 0x0000000086300000, 0x0000000086300000|100%| E|CS|TAMS 0x0000000086200000, 0x0000000086200000| Complete 
|  99|0x0000000086300000, 0x0000000086400000, 0x0000000086400000|100%| E|CS|TAMS 0x0000000086300000, 0x0000000086300000| Complete 
| 100|0x0000000086400000, 0x0000000086500000, 0x0000000086500000|100%| E|CS|TAMS 0x0000000086400000, 0x0000000086400000| Complete 
| 101|0x0000000086500000, 0x0000000086600000, 0x0000000086600000|100%| E|CS|TAMS 0x0000000086500000, 0x0000000086500000| Complete 
| 102|0x0000000086600000, 0x0000000086700000, 0x0000000086700000|100%| E|CS|TAMS 0x0000000086600000, 0x0000000086600000| Complete 
| 103|0x0000000086700000, 0x0000000086800000, 0x0000000086800000|100%| E|CS|TAMS 0x0000000086700000, 0x0000000086700000| Complete 
| 104|0x0000000086800000, 0x0000000086900000, 0x0000000086900000|100%| E|CS|TAMS 0x0000000086800000, 0x0000000086800000| Complete 
| 105|0x0000000086900000, 0x0000000086a00000, 0x0000000086a00000|100%| E|CS|TAMS 0x0000000086900000, 0x0000000086900000| Complete 
| 106|0x0000000086a00000, 0x0000000086b00000, 0x0000000086b00000|100%| E|CS|TAMS 0x0000000086a00000, 0x0000000086a00000| Complete 
| 107|0x0000000086b00000, 0x0000000086c00000, 0x0000000086c00000|100%| E|CS|TAMS 0x0000000086b00000, 0x0000000086b00000| Complete 
| 123|0x0000000087b00000, 0x0000000087c00000, 0x0000000087c00000|100%| E|CS|TAMS 0x0000000087b00000, 0x0000000087b00000| Complete 

Card table byte_map: [0x00000239d1950000,0x00000239d1d50000] _byte_map_base: 0x00000239d1550000

Marking Bits (Prev, Next): (CMBitMap*) 0x00000239bcd19f60, (CMBitMap*) 0x00000239bcd19fa0
 Prev Bits: [0x00000239d2150000, 0x00000239d4150000)
 Next Bits: [0x00000239d4150000, 0x00000239d6150000)

Polling page: 0x00000239bcd20000

Metaspace:

Usage:
  Non-class:     38.39 MB used.
      Class:      4.78 MB used.
       Both:     43.17 MB used.

Virtual space:
  Non-class space:       64.00 MB reserved,      38.69 MB ( 60%) committed,  1 nodes.
      Class space:        1.00 GB reserved,       5.00 MB ( <1%) committed,  1 nodes.
             Both:        1.06 GB reserved,      43.69 MB (  4%) committed. 

Chunk freelists:
   Non-Class:  8.72 MB
       Class:  10.84 MB
        Both:  19.56 MB

MaxMetaspaceSize: unlimited
CompressedClassSpaceSize: 1.00 GB
Initial GC threshold: 21.00 MB
Current GC threshold: 58.69 MB
CDS: off
MetaspaceReclaimPolicy: balanced
 - commit_granule_bytes: 65536.
 - commit_granule_words: 8192.
 - virtual_space_node_default_size: 8388608.
 - enlarge_chunks_in_place: 1.
 - new_chunks_are_fully_committed: 0.
 - uncommit_free_chunks: 1.
 - use_allocation_guard: 0.
 - handle_deallocations: 1.


Internal statistics:

num_allocs_failed_limit: 6.
num_arena_births: 628.
num_arena_deaths: 0.
num_vsnodes_births: 2.
num_vsnodes_deaths: 0.
num_space_committed: 699.
num_space_uncommitted: 0.
num_chunks_returned_to_freelist: 6.
num_chunks_taken_from_freelist: 1704.
num_chunk_merges: 6.
num_chunk_splits: 1158.
num_chunks_enlarged: 802.
num_inconsistent_stats: 0.

CodeHeap 'non-profiled nmethods': size=120000Kb used=3005Kb max_used=3005Kb free=116994Kb
 bounds [0x00000239c95b0000, 0x00000239c98b0000, 0x00000239d0ae0000]
CodeHeap 'profiled nmethods': size=120000Kb used=8552Kb max_used=8552Kb free=111447Kb
 bounds [0x00000239c1ae0000, 0x00000239c2340000, 0x00000239c9010000]
CodeHeap 'non-nmethods': size=5760Kb used=2315Kb max_used=2420Kb free=3445Kb
 bounds [0x00000239c9010000, 0x00000239c9280000, 0x00000239c95b0000]
 total_blobs=5458 nmethods=4628 adapters=742
 compilation: enabled
              stopped_count=0, restarted_count=0
 full_count=0

Compilation events (20 events):
Event: 7.327 Thread 0x00000239dd09fbe0 5516       4       java.util.stream.AbstractPipeline::wrapSink (37 bytes)
Event: 7.328 Thread 0x00000239dd09fbe0 nmethod 5516 0x00000239c976bf10 code [0x00000239c976c0a0, 0x00000239c976c1b8]
Event: 7.328 Thread 0x00000239dd09fbe0 5526       4       java.util.Optional::orElse (16 bytes)
Event: 7.328 Thread 0x00000239dd09fbe0 nmethod 5526 0x00000239c976bc10 code [0x00000239c976bd80, 0x00000239c976be18]
Event: 7.328 Thread 0x00000239dd09fbe0 5479       4       groovyjarjarantlr4.v4.runtime.atn.SingletonPredictionContext::equals (65 bytes)
Event: 7.329 Thread 0x00000239dd09fbe0 nmethod 5479 0x00000239c976b810 code [0x00000239c976b9a0, 0x00000239c976bad8]
Event: 7.329 Thread 0x00000239dd09fbe0 5485       4       java.util.ArrayDeque::pop (5 bytes)
Event: 7.330 Thread 0x00000239dd09fbe0 nmethod 5485 0x00000239c976b410 code [0x00000239c976b580, 0x00000239c976b6b8]
Event: 7.330 Thread 0x00000239dd09fbe0 5487       4       groovyjarjarantlr4.v4.runtime.misc.FlexibleHashMap::<init> (53 bytes)
Event: 7.332 Thread 0x00000239dd09fbe0 nmethod 5487 0x00000239c976ad90 code [0x00000239c976af20, 0x00000239c976b2f8]
Event: 7.332 Thread 0x00000239dd09fbe0 5477       4       java.util.AbstractSequentialList::iterator (5 bytes)
Event: 7.334 Thread 0x00000239dd09fbe0 nmethod 5477 0x00000239c976a890 code [0x00000239c976aa20, 0x00000239c976ac18]
Event: 7.334 Thread 0x00000239dd09fbe0 5478       4       java.util.LinkedList::<init> (10 bytes)
Event: 7.334 Thread 0x00000239dd09fbe0 nmethod 5478 0x00000239c976a590 code [0x00000239c976a700, 0x00000239c976a778]
Event: 7.334 Thread 0x00000239dd09fbe0 5482       4       java.util.ArrayDeque::push (6 bytes)
Event: 7.335 Thread 0x00000239dd09fbe0 nmethod 5482 0x00000239c976a090 code [0x00000239c976a220, 0x00000239c976a438]
Event: 7.335 Thread 0x00000239dd09fbe0 5489       4       java.util.ArrayList::isEmpty (13 bytes)
Event: 7.336 Thread 0x00000239dd09fbe0 nmethod 5489 0x00000239c9769d90 code [0x00000239c9769f00, 0x00000239c9769f98]
Event: 7.336 Thread 0x00000239dd09fbe0 5528       4       org.openqa.selenium.json.JsonOutput$$Lambda$452/0x0000000100495728::apply (5 bytes)
Event: 7.336 Thread 0x00000239dd09fbe0 nmethod 5528 0x00000239c9769a90 code [0x00000239c9769c20, 0x00000239c9769cc8]

GC Heap History (20 events):
Event: 1.787 GC heap before
{Heap before GC invocations=3 (full 0):
 garbage-first heap   total 126976K, used 45655K [0x0000000080000000, 0x0000000100000000)
  region size 1024K, 32 young (32768K), 6 survivors (6144K)
 Metaspace       used 21320K, committed 21504K, reserved 1114112K
  class space    used 2231K, committed 2304K, reserved 1048576K
}
Event: 1.792 GC heap after
{Heap after GC invocations=4 (full 0):
 garbage-first heap   total 126976K, used 21034K [0x0000000080000000, 0x0000000100000000)
  region size 1024K, 5 young (5120K), 5 survivors (5120K)
 Metaspace       used 21320K, committed 21504K, reserved 1114112K
  class space    used 2231K, committed 2304K, reserved 1048576K
}
Event: 1.999 GC heap before
{Heap before GC invocations=5 (full 0):
 garbage-first heap   total 75776K, used 58922K [0x0000000080000000, 0x0000000100000000)
  region size 1024K, 43 young (44032K), 5 survivors (5120K)
 Metaspace       used 22078K, committed 22272K, reserved 1114112K
  class space    used 2310K, committed 2432K, reserved 1048576K
}
Event: 2.008 GC heap after
{Heap after GC invocations=6 (full 0):
 garbage-first heap   total 91136K, used 21958K [0x0000000080000000, 0x0000000100000000)
  region size 1024K, 6 young (6144K), 6 survivors (6144K)
 Metaspace       used 22078K, committed 22272K, reserved 1114112K
  class space    used 2310K, committed 2432K, reserved 1048576K
}
Event: 2.525 GC heap before
{Heap before GC invocations=6 (full 0):
 garbage-first heap   total 91136K, used 62918K [0x0000000080000000, 0x0000000100000000)
  region size 1024K, 46 young (47104K), 6 survivors (6144K)
 Metaspace       used 26354K, committed 26688K, reserved 1114112K
  class space    used 2750K, committed 2880K, reserved 1048576K
}
Event: 2.535 GC heap after
{Heap after GC invocations=7 (full 0):
 garbage-first heap   total 91136K, used 25557K [0x0000000080000000, 0x0000000100000000)
  region size 1024K, 6 young (6144K), 6 survivors (6144K)
 Metaspace       used 26354K, committed 26688K, reserved 1114112K
  class space    used 2750K, committed 2880K, reserved 1048576K
}
Event: 3.022 GC heap before
{Heap before GC invocations=7 (full 0):
 garbage-first heap   total 91136K, used 64469K [0x0000000080000000, 0x0000000100000000)
  region size 1024K, 44 young (45056K), 6 survivors (6144K)
 Metaspace       used 31521K, committed 31808K, reserved 1114112K
  class space    used 3367K, committed 3520K, reserved 1048576K
}
Event: 3.030 GC heap after
{Heap after GC invocations=8 (full 0):
 garbage-first heap   total 91136K, used 27466K [0x0000000080000000, 0x0000000100000000)
  region size 1024K, 3 young (3072K), 3 survivors (3072K)
 Metaspace       used 31521K, committed 31808K, reserved 1114112K
  class space    used 3367K, committed 3520K, reserved 1048576K
}
Event: 3.140 GC heap before
{Heap before GC invocations=8 (full 0):
 garbage-first heap   total 91136K, used 69450K [0x0000000080000000, 0x0000000100000000)
  region size 1024K, 41 young (41984K), 3 survivors (3072K)
 Metaspace       used 32711K, committed 33088K, reserved 1114112K
  class space    used 3447K, committed 3648K, reserved 1048576K
}
Event: 3.144 GC heap after
{Heap after GC invocations=9 (full 0):
 garbage-first heap   total 91136K, used 27811K [0x0000000080000000, 0x0000000100000000)
  region size 1024K, 3 young (3072K), 3 survivors (3072K)
 Metaspace       used 32711K, committed 33088K, reserved 1114112K
  class space    used 3447K, committed 3648K, reserved 1048576K
}
Event: 3.414 GC heap before
{Heap before GC invocations=9 (full 0):
 garbage-first heap   total 91136K, used 68771K [0x0000000080000000, 0x0000000100000000)
  region size 1024K, 43 young (44032K), 3 survivors (3072K)
 Metaspace       used 34633K, committed 35008K, reserved 1114112K
  class space    used 3661K, committed 3840K, reserved 1048576K
}
Event: 3.419 GC heap after
{Heap after GC invocations=10 (full 0):
 garbage-first heap   total 111616K, used 28745K [0x0000000080000000, 0x0000000100000000)
  region size 1024K, 4 young (4096K), 4 survivors (4096K)
 Metaspace       used 34633K, committed 35008K, reserved 1114112K
  class space    used 3661K, committed 3840K, reserved 1048576K
}
Event: 3.741 GC heap before
{Heap before GC invocations=10 (full 0):
 garbage-first heap   total 111616K, used 86089K [0x0000000080000000, 0x0000000100000000)
  region size 1024K, 60 young (61440K), 4 survivors (4096K)
 Metaspace       used 35048K, committed 35456K, reserved 1114112K
  class space    used 3697K, committed 3904K, reserved 1048576K
}
Event: 3.746 GC heap after
{Heap after GC invocations=11 (full 0):
 garbage-first heap   total 111616K, used 29324K [0x0000000080000000, 0x0000000100000000)
  region size 1024K, 5 young (5120K), 5 survivors (5120K)
 Metaspace       used 35048K, committed 35456K, reserved 1114112K
  class space    used 3697K, committed 3904K, reserved 1048576K
}
Event: 3.984 GC heap before
{Heap before GC invocations=11 (full 0):
 garbage-first heap   total 111616K, used 88716K [0x0000000080000000, 0x0000000100000000)
  region size 1024K, 63 young (64512K), 5 survivors (5120K)
 Metaspace       used 35165K, committed 35584K, reserved 1114112K
  class space    used 3704K, committed 3904K, reserved 1048576K
}
Event: 3.990 GC heap after
{Heap after GC invocations=12 (full 0):
 garbage-first heap   total 111616K, used 29730K [0x0000000080000000, 0x0000000100000000)
  region size 1024K, 5 young (5120K), 5 survivors (5120K)
 Metaspace       used 35165K, committed 35584K, reserved 1114112K
  class space    used 3704K, committed 3904K, reserved 1048576K
}
Event: 4.074 GC heap before
{Heap before GC invocations=12 (full 0):
 garbage-first heap   total 111616K, used 60450K [0x0000000080000000, 0x0000000100000000)
  region size 1024K, 36 young (36864K), 5 survivors (5120K)
 Metaspace       used 35500K, committed 35968K, reserved 1114112K
  class space    used 3735K, committed 3968K, reserved 1048576K
}
Event: 4.084 GC heap after
{Heap after GC invocations=13 (full 0):
 garbage-first heap   total 111616K, used 31827K [0x0000000080000000, 0x0000000100000000)
  region size 1024K, 5 young (5120K), 5 survivors (5120K)
 Metaspace       used 35500K, committed 35968K, reserved 1114112K
  class space    used 3735K, committed 3968K, reserved 1048576K
}
Event: 5.600 GC heap before
{Heap before GC invocations=14 (full 0):
 garbage-first heap   total 111616K, used 91219K [0x0000000080000000, 0x0000000100000000)
  region size 1024K, 63 young (64512K), 5 survivors (5120K)
 Metaspace       used 43395K, committed 43904K, reserved 1114112K
  class space    used 4803K, committed 5056K, reserved 1048576K
}
Event: 5.612 GC heap after
{Heap after GC invocations=15 (full 0):
 garbage-first heap   total 111616K, used 35616K [0x0000000080000000, 0x0000000100000000)
  region size 1024K, 8 young (8192K), 8 survivors (8192K)
 Metaspace       used 43395K, committed 43904K, reserved 1114112K
  class space    used 4803K, committed 5056K, reserved 1048576K
}

Dll operation events (7 events):
Event: 0.011 Loaded shared library C:\Users\Mary Joy Bisnar\.katalon\packages\Katalon_Studio_Windows_64-9.6.0\Katalon_Studio_Windows_64-9.6.0\jre\bin\java.dll
Event: 0.229 Loaded shared library C:\Users\Mary Joy Bisnar\.katalon\packages\Katalon_Studio_Windows_64-9.6.0\Katalon_Studio_Windows_64-9.6.0\jre\bin\net.dll
Event: 0.231 Loaded shared library C:\Users\Mary Joy Bisnar\.katalon\packages\Katalon_Studio_Windows_64-9.6.0\Katalon_Studio_Windows_64-9.6.0\jre\bin\nio.dll
Event: 0.239 Loaded shared library C:\Users\Mary Joy Bisnar\.katalon\packages\Katalon_Studio_Windows_64-9.6.0\Katalon_Studio_Windows_64-9.6.0\jre\bin\zip.dll
Event: 0.511 Loaded shared library C:\Users\Mary Joy Bisnar\.katalon\packages\Katalon_Studio_Windows_64-9.6.0\Katalon_Studio_Windows_64-9.6.0\jre\bin\verify.dll
Event: 0.704 Loaded shared library C:\Users\Mary Joy Bisnar\.katalon\packages\Katalon_Studio_Windows_64-9.6.0\Katalon_Studio_Windows_64-9.6.0\jre\bin\jimage.dll
Event: 4.459 Loaded shared library C:\Users\Mary Joy Bisnar\.katalon\packages\Katalon_Studio_Windows_64-9.6.0\Katalon_Studio_Windows_64-9.6.0\jre\bin\sunmscapi.dll

Deoptimization events (20 events):
Event: 4.825 Thread 0x00000239bccb7a70 DEOPT PACKING pc=0x00000239c96214c0 sp=0x000000c2a7dfadd0
Event: 4.825 Thread 0x00000239bccb7a70 DEOPT UNPACKING pc=0x00000239c90669a3 sp=0x000000c2a7dfad28 mode 2
Event: 4.825 Thread 0x00000239bccb7a70 Uncommon trap: trap_request=0xffffff45 fr.pc=0x00000239c9714468 relative=0x0000000000000228
Event: 4.825 Thread 0x00000239bccb7a70 Uncommon trap: reason=unstable_if action=reinterpret pc=0x00000239c9714468 method=java.util.regex.Pattern$BmpCharProperty.match(Ljava/util/regex/Matcher;ILjava/lang/CharSequence;)Z @ 5 c2
Event: 4.825 Thread 0x00000239bccb7a70 DEOPT PACKING pc=0x00000239c9714468 sp=0x000000c2a7dfac00
Event: 4.825 Thread 0x00000239bccb7a70 DEOPT UNPACKING pc=0x00000239c90669a3 sp=0x000000c2a7dfab98 mode 2
Event: 4.825 Thread 0x00000239bccb7a70 Uncommon trap: trap_request=0xffffffc6 fr.pc=0x00000239c96214c0 relative=0x0000000000000a20
Event: 4.825 Thread 0x00000239bccb7a70 Uncommon trap: reason=bimorphic_or_optimized_type_check action=maybe_recompile pc=0x00000239c96214c0 method=java.util.regex.Matcher.search(I)Z @ 121 c2
Event: 4.825 Thread 0x00000239bccb7a70 DEOPT PACKING pc=0x00000239c96214c0 sp=0x000000c2a7dfaea0
Event: 4.825 Thread 0x00000239bccb7a70 DEOPT UNPACKING pc=0x00000239c90669a3 sp=0x000000c2a7dfadf8 mode 2
Event: 4.826 Thread 0x00000239bccb7a70 Uncommon trap: trap_request=0xffffffc6 fr.pc=0x00000239c96214c0 relative=0x0000000000000a20
Event: 4.826 Thread 0x00000239bccb7a70 Uncommon trap: reason=bimorphic_or_optimized_type_check action=maybe_recompile pc=0x00000239c96214c0 method=java.util.regex.Matcher.search(I)Z @ 121 c2
Event: 4.826 Thread 0x00000239bccb7a70 DEOPT PACKING pc=0x00000239c96214c0 sp=0x000000c2a7dfaf80
Event: 4.826 Thread 0x00000239bccb7a70 DEOPT UNPACKING pc=0x00000239c90669a3 sp=0x000000c2a7dfaed8 mode 2
Event: 4.826 Thread 0x00000239bccb7a70 Uncommon trap: trap_request=0xffffffc6 fr.pc=0x00000239c96214c0 relative=0x0000000000000a20
Event: 4.826 Thread 0x00000239bccb7a70 Uncommon trap: reason=bimorphic_or_optimized_type_check action=maybe_recompile pc=0x00000239c96214c0 method=java.util.regex.Matcher.search(I)Z @ 121 c2
Event: 4.826 Thread 0x00000239bccb7a70 DEOPT PACKING pc=0x00000239c96214c0 sp=0x000000c2a7dfadd0
Event: 4.826 Thread 0x00000239bccb7a70 DEOPT UNPACKING pc=0x00000239c90669a3 sp=0x000000c2a7dfad28 mode 2
Event: 7.220 Thread 0x00000239bccb7a70 DEOPT PACKING pc=0x00000239c1c16bc3 sp=0x000000c2a7dfbca0
Event: 7.220 Thread 0x00000239bccb7a70 DEOPT UNPACKING pc=0x00000239c9067143 sp=0x000000c2a7dfb1c0 mode 0

Classes unloaded (0 events):
No events

Classes redefined (0 events):
No events

Internal exceptions (20 events):
Event: 4.649 Thread 0x00000239e166a230 Exception <a 'java/lang/NoSuchMethodError'{0x0000000083fb5318}: 'java.lang.Object java.lang.invoke.Invokers$Holder.linkToTargetMethod(java.lang.Object, long, java.lang.Object)'> (0x0000000083fb5318) 
thrown [s\src\hotspot\share\interpreter\linkResolver.cpp, line 759]
Event: 4.652 Thread 0x00000239e166b0a0 Exception <a 'java/net/ConnectException'{0x0000000083e0c2f8}: Connection refused: no further information> (0x0000000083e0c2f8) 
thrown [s\src\hotspot\share\prims\jni.cpp, line 535]
Event: 4.652 Thread 0x00000239e166b0a0 Exception <a 'java/net/SocketException'{0x0000000083e0c630}: Socket is not connected: shutdown> (0x0000000083e0c630) 
thrown [s\src\hotspot\share\prims\jni.cpp, line 535]
Event: 4.666 Thread 0x00000239e166b0a0 Exception <a 'java/net/ConnectException'{0x0000000083e0d698}: Connection refused: no further information> (0x0000000083e0d698) 
thrown [s\src\hotspot\share\prims\jni.cpp, line 535]
Event: 4.666 Thread 0x00000239e166b0a0 Exception <a 'java/net/SocketException'{0x0000000083e0d9d0}: Socket is not connected: shutdown> (0x0000000083e0d9d0) 
thrown [s\src\hotspot\share\prims\jni.cpp, line 535]
Event: 4.717 Thread 0x00000239bccb7a70 Exception <a 'java/lang/IncompatibleClassChangeError'{0x0000000083d8df38}: Found class java.lang.Object, but interface was expected> (0x0000000083d8df38) 
thrown [s\src\hotspot\share\interpreter\linkResolver.cpp, line 826]
Event: 4.718 Thread 0x00000239bccb7a70 Exception <a 'java/lang/NoSuchMethodError'{0x0000000083d94870}: 'int java.lang.invoke.DirectMethodHandle$Holder.invokeSpecialIFC(java.lang.Object, java.lang.Object, java.lang.Object, java.lang.Object)'> (0x0000000083d94870) 
thrown [s\src\hotspot\share\interpreter\linkResolver.cpp, line 759]
Event: 4.728 Thread 0x00000239bccb7a70 Exception <a 'java/lang/NoSuchMethodError'{0x0000000083c263c8}: 'double java.lang.invoke.DirectMethodHandle$Holder.invokeVirtual(java.lang.Object, java.lang.Object)'> (0x0000000083c263c8) 
thrown [s\src\hotspot\share\interpreter\linkResolver.cpp, line 759]
Event: 4.729 Thread 0x00000239bccb7a70 Exception <a 'java/lang/NoSuchMethodError'{0x0000000083c2cdf0}: 'float java.lang.invoke.DirectMethodHandle$Holder.invokeVirtual(java.lang.Object, java.lang.Object)'> (0x0000000083c2cdf0) 
thrown [s\src\hotspot\share\interpreter\linkResolver.cpp, line 759]
Event: 4.730 Thread 0x00000239bccb7a70 Exception <a 'java/lang/NoSuchMethodError'{0x0000000083c36058}: 'long java.lang.invoke.DirectMethodHandle$Holder.invokeVirtual(java.lang.Object, java.lang.Object)'> (0x0000000083c36058) 
thrown [s\src\hotspot\share\interpreter\linkResolver.cpp, line 759]
Event: 4.823 Thread 0x00000239bccb7a70 Exception <a 'java/lang/NoSuchMethodError'{0x00000000837aa270}: 'void java.lang.invoke.DirectMethodHandle$Holder.invokeInterface(java.lang.Object, java.lang.Object, java.lang.Object)'> (0x00000000837aa270) 
thrown [s\src\hotspot\share\interpreter\linkResolver.cpp, line 759]
Event: 5.624 Thread 0x00000239bccb7a70 Exception <a 'java/lang/NoSuchMethodError'{0x0000000087b5f648}: 'java.lang.Object java.lang.invoke.DirectMethodHandle$Holder.invokeSpecialIFC(java.lang.Object, java.lang.Object, java.lang.Object)'> (0x0000000087b5f648) 
thrown [s\src\hotspot\share\interpreter\linkResolver.cpp, line 759]
Event: 5.732 Thread 0x00000239bccb7a70 Exception <a 'java/lang/ClassNotFoundException'{0x0000000086744d18}: com/kms/katalon/core/webui/keyword/builtin/NavigateToUrlKeywordBeanInfo> (0x0000000086744d18) 
thrown [s\src\hotspot\share\classfile\systemDictionary.cpp, line 256]
Event: 5.736 Thread 0x00000239bccb7a70 Exception <a 'java/lang/ClassNotFoundException'{0x000000008677bbc0}: com/kms/katalon/core/webui/keyword/builtin/NavigateToUrlKeywordCustomizer> (0x000000008677bbc0) 
thrown [s\src\hotspot\share\classfile\systemDictionary.cpp, line 256]
Event: 7.208 Thread 0x00000239bccb7a70 Exception <a 'java/lang/ClassNotFoundException'{0x0000000086532fb8}: com/kms/katalon/core/testobject/ObjectRepositoryBeanInfo> (0x0000000086532fb8) 
thrown [s\src\hotspot\share\classfile\systemDictionary.cpp, line 256]
Event: 7.210 Thread 0x00000239bccb7a70 Exception <a 'java/lang/ClassNotFoundException'{0x00000000865666c8}: com/kms/katalon/core/testobject/ObjectRepositoryCustomizer> (0x00000000865666c8) 
thrown [s\src\hotspot\share\classfile\systemDictionary.cpp, line 256]
Event: 7.264 Thread 0x00000239bccb7a70 Exception <a 'java/lang/ClassNotFoundException'{0x00000000863fc678}: Script1BeanInfo> (0x00000000863fc678) 
thrown [s\src\hotspot\share\classfile\systemDictionary.cpp, line 256]
Event: 7.270 Thread 0x00000239bccb7a70 Exception <a 'java/lang/ClassNotFoundException'{0x000000008622f688}: Script1Customizer> (0x000000008622f688) 
thrown [s\src\hotspot\share\classfile\systemDictionary.cpp, line 256]
Event: 7.312 Thread 0x00000239bccb7a70 Exception <a 'java/lang/ClassNotFoundException'{0x00000000861c1558}: com/kms/katalon/core/webui/keyword/builtin/SetTextKeywordBeanInfo> (0x00000000861c1558) 
thrown [s\src\hotspot\share\classfile\systemDictionary.cpp, line 256]
Event: 7.314 Thread 0x00000239bccb7a70 Exception <a 'java/lang/ClassNotFoundException'{0x00000000861f74b8}: com/kms/katalon/core/webui/keyword/builtin/SetTextKeywordCustomizer> (0x00000000861f74b8) 
thrown [s\src\hotspot\share\classfile\systemDictionary.cpp, line 256]

VM Operations (20 events):
Event: 4.523 Executing VM operation: HandshakeAllThreads
Event: 4.523 Executing VM operation: HandshakeAllThreads done
Event: 4.524 Executing VM operation: HandshakeAllThreads
Event: 4.524 Executing VM operation: HandshakeAllThreads done
Event: 4.699 Executing VM operation: HandshakeAllThreads
Event: 4.699 Executing VM operation: HandshakeAllThreads done
Event: 4.699 Executing VM operation: HandshakeAllThreads
Event: 4.699 Executing VM operation: HandshakeAllThreads done
Event: 4.701 Executing VM operation: HandshakeAllThreads
Event: 4.701 Executing VM operation: HandshakeAllThreads done
Event: 5.600 Executing VM operation: ICBufferFull
Event: 5.600 Executing VM operation: ICBufferFull done
Event: 5.600 Executing VM operation: G1CollectForAllocation
Event: 5.612 Executing VM operation: G1CollectForAllocation done
Event: 5.860 Executing VM operation: HandshakeAllThreads
Event: 5.860 Executing VM operation: HandshakeAllThreads done
Event: 6.862 Executing VM operation: Cleanup
Event: 6.862 Executing VM operation: Cleanup done
Event: 7.219 Executing VM operation: HandshakeAllThreads
Event: 7.219 Executing VM operation: HandshakeAllThreads done

Events (20 events):
Event: 4.938 loading class java/net/UnknownServiceException
Event: 4.938 loading class java/net/UnknownServiceException done
Event: 4.950 Thread 0x00000239e166ba40 Thread added: 0x00000239e166ba40
Event: 4.956 Thread 0x00000239e166c8b0 Thread added: 0x00000239e166c8b0
Event: 5.616 loading class jdk/internal/access/foreign/MemorySegmentProxy
Event: 5.616 loading class jdk/internal/access/foreign/MemorySegmentProxy done
Event: 5.643 loading class java/util/UUID$Holder
Event: 5.643 loading class java/util/UUID$Holder done
Event: 5.720 loading class java/lang/StackTraceElement$HashedModules
Event: 5.720 loading class java/lang/StackTraceElement$HashedModules done
Event: 5.743 loading class sun/net/www/protocol/https/Handler
Event: 5.743 loading class sun/net/www/protocol/https/Handler done
Event: 5.862 Thread 0x00000239dd0ac5d0 flushing nmethod 0x00000239c9767790
Event: 5.862 Thread 0x00000239dd0ac5d0 flushing nmethod 0x00000239c97cf790
Event: 5.863 Thread 0x00000239dd0ac5d0 flushing nmethod 0x00000239c1e40910
Event: 5.864 Thread 0x00000239dd0ac5d0 flushing nmethod 0x00000239c20d6a90
Event: 7.187 Thread 0x00000239de156950 Thread exited: 0x00000239de156950
Event: 7.187 Thread 0x00000239dd1bfa60 Thread exited: 0x00000239dd1bfa60
Event: 7.226 Thread 0x00000239e4267ab0 Thread added: 0x00000239e4267ab0
Event: 7.226 Thread 0x00000239dda1b980 Thread added: 0x00000239dda1b980


Dynamic libraries:
0x00007ff7cb050000 - 0x00007ff7cb05e000 	C:\Users\Mary Joy Bisnar\.katalon\packages\Katalon_Studio_Windows_64-9.6.0\Katalon_Studio_Windows_64-9.6.0\jre\bin\javaw.exe
0x00007ff985230000 - 0x00007ff985447000 	C:\WINDOWS\SYSTEM32\ntdll.dll
0x00007ff9839a0000 - 0x00007ff983a64000 	C:\WINDOWS\System32\KERNEL32.DLL
0x00007ff982700000 - 0x00007ff982aac000 	C:\WINDOWS\System32\KERNELBASE.dll
0x00007ff982db0000 - 0x00007ff982ec1000 	C:\WINDOWS\System32\ucrtbase.dll
0x00007ff97dbb0000 - 0x00007ff97dbc9000 	C:\Users\Mary Joy Bisnar\.katalon\packages\Katalon_Studio_Windows_64-9.6.0\Katalon_Studio_Windows_64-9.6.0\jre\bin\VCRUNTIME140.dll
0x00007ff97c4e0000 - 0x00007ff97c4f7000 	C:\Users\Mary Joy Bisnar\.katalon\packages\Katalon_Studio_Windows_64-9.6.0\Katalon_Studio_Windows_64-9.6.0\jre\bin\jli.dll
0x00007ff983400000 - 0x00007ff9835ae000 	C:\WINDOWS\System32\USER32.dll
0x00007ff982d80000 - 0x00007ff982da6000 	C:\WINDOWS\System32\win32u.dll
0x00007ff965750000 - 0x00007ff9659e3000 	C:\WINDOWS\WinSxS\amd64_microsoft.windows.common-controls_6595b64144ccf1df_6.0.22621.3672_none_2713b9d173822955\COMCTL32.dll
0x00007ff983180000 - 0x00007ff9831a9000 	C:\WINDOWS\System32\GDI32.dll
0x00007ff9831b0000 - 0x00007ff983257000 	C:\WINDOWS\System32\msvcrt.dll
0x00007ff982ab0000 - 0x00007ff982bc9000 	C:\WINDOWS\System32\gdi32full.dll
0x00007ff982ed0000 - 0x00007ff982f6a000 	C:\WINDOWS\System32\msvcp_win.dll
0x00007ff983050000 - 0x00007ff983081000 	C:\WINDOWS\System32\IMM32.DLL
0x00007ff97efa0000 - 0x00007ff97efac000 	C:\Users\Mary Joy Bisnar\.katalon\packages\Katalon_Studio_Windows_64-9.6.0\Katalon_Studio_Windows_64-9.6.0\jre\bin\vcruntime140_1.dll
0x00007ff95ee60000 - 0x00007ff95eef1000 	C:\Users\Mary Joy Bisnar\.katalon\packages\Katalon_Studio_Windows_64-9.6.0\Katalon_Studio_Windows_64-9.6.0\jre\bin\msvcp140.dll
0x00007ff910010000 - 0x00007ff910c58000 	C:\Users\Mary Joy Bisnar\.katalon\packages\Katalon_Studio_Windows_64-9.6.0\Katalon_Studio_Windows_64-9.6.0\jre\bin\server\jvm.dll
0x00007ff984060000 - 0x00007ff984112000 	C:\WINDOWS\System32\ADVAPI32.dll
0x00007ff983fb0000 - 0x00007ff98405a000 	C:\WINDOWS\System32\sechost.dll
0x00007ff9826d0000 - 0x00007ff9826f8000 	C:\WINDOWS\System32\bcrypt.dll
0x00007ff983c30000 - 0x00007ff983d45000 	C:\WINDOWS\System32\RPCRT4.dll
0x00007ff913730000 - 0x00007ff913739000 	C:\WINDOWS\SYSTEM32\WSOCK32.dll
0x00007ff983f10000 - 0x00007ff983f81000 	C:\WINDOWS\System32\WS2_32.dll
0x00007ff97d760000 - 0x00007ff97d76a000 	C:\WINDOWS\SYSTEM32\VERSION.dll
0x00007ff97d9f0000 - 0x00007ff97da24000 	C:\WINDOWS\SYSTEM32\WINMM.dll
0x00007ff981590000 - 0x00007ff9815a8000 	C:\WINDOWS\SYSTEM32\kernel.appcore.dll
0x00007ff912b30000 - 0x00007ff912b3a000 	C:\Users\Mary Joy Bisnar\.katalon\packages\Katalon_Studio_Windows_64-9.6.0\Katalon_Studio_Windows_64-9.6.0\jre\bin\jimage.dll
0x00007ff97fe90000 - 0x00007ff9800c2000 	C:\WINDOWS\SYSTEM32\DBGHELP.DLL
0x00007ff983610000 - 0x00007ff983998000 	C:\WINDOWS\System32\combase.dll
0x00007ff982f70000 - 0x00007ff983047000 	C:\WINDOWS\System32\OLEAUT32.dll
0x00007ff96d690000 - 0x00007ff96d6c2000 	C:\WINDOWS\SYSTEM32\dbgcore.DLL
0x00007ff982d00000 - 0x00007ff982d7b000 	C:\WINDOWS\System32\bcryptPrimitives.dll
0x00007ff912b00000 - 0x00007ff912b25000 	C:\Users\Mary Joy Bisnar\.katalon\packages\Katalon_Studio_Windows_64-9.6.0\Katalon_Studio_Windows_64-9.6.0\jre\bin\java.dll
0x00007ff912ae0000 - 0x00007ff912af8000 	C:\Users\Mary Joy Bisnar\.katalon\packages\Katalon_Studio_Windows_64-9.6.0\Katalon_Studio_Windows_64-9.6.0\jre\bin\zip.dll
0x00007ff984440000 - 0x00007ff984c9c000 	C:\WINDOWS\System32\SHELL32.dll
0x00007ff9804b0000 - 0x00007ff980da7000 	C:\WINDOWS\SYSTEM32\windows.storage.dll
0x00007ff980370000 - 0x00007ff9804af000 	C:\WINDOWS\SYSTEM32\wintypes.dll
0x00007ff983b20000 - 0x00007ff983c14000 	C:\WINDOWS\System32\SHCORE.dll
0x00007ff9833a0000 - 0x00007ff9833fe000 	C:\WINDOWS\System32\shlwapi.dll
0x00007ff982490000 - 0x00007ff9824b1000 	C:\WINDOWS\SYSTEM32\profapi.dll
0x00007ff912ac0000 - 0x00007ff912ad9000 	C:\Users\Mary Joy Bisnar\.katalon\packages\Katalon_Studio_Windows_64-9.6.0\Katalon_Studio_Windows_64-9.6.0\jre\bin\net.dll
0x00007ff97ec00000 - 0x00007ff97ed36000 	C:\WINDOWS\SYSTEM32\WINHTTP.dll
0x00007ff981a00000 - 0x00007ff981a69000 	C:\WINDOWS\system32\mswsock.dll
0x00007ff912aa0000 - 0x00007ff912ab5000 	C:\Users\Mary Joy Bisnar\.katalon\packages\Katalon_Studio_Windows_64-9.6.0\Katalon_Studio_Windows_64-9.6.0\jre\bin\nio.dll
0x00007ff915760000 - 0x00007ff915770000 	C:\Users\Mary Joy Bisnar\.katalon\packages\Katalon_Studio_Windows_64-9.6.0\Katalon_Studio_Windows_64-9.6.0\jre\bin\verify.dll
0x00007ff981080000 - 0x00007ff981178000 	C:\WINDOWS\SYSTEM32\DNSAPI.dll
0x00007ff981010000 - 0x00007ff98103d000 	C:\WINDOWS\SYSTEM32\IPHLPAPI.DLL
0x00007ff984120000 - 0x00007ff984129000 	C:\WINDOWS\System32\NSI.dll
0x00007ff97ae20000 - 0x00007ff97ae2a000 	C:\Windows\System32\rasadhlp.dll
0x00007ff97bc50000 - 0x00007ff97bcd3000 	C:\WINDOWS\System32\fwpuclnt.dll
0x00007ff8fb1e0000 - 0x00007ff8fb1ee000 	C:\Users\Mary Joy Bisnar\.katalon\packages\Katalon_Studio_Windows_64-9.6.0\Katalon_Studio_Windows_64-9.6.0\jre\bin\sunmscapi.dll
0x00007ff982560000 - 0x00007ff9826c7000 	C:\WINDOWS\System32\CRYPT32.dll
0x00007ff981e20000 - 0x00007ff981e4e000 	C:\WINDOWS\SYSTEM32\ncrypt.dll
0x00007ff981de0000 - 0x00007ff981e17000 	C:\WINDOWS\SYSTEM32\NTASN1.dll
0x00007ff981c60000 - 0x00007ff981c7b000 	C:\WINDOWS\SYSTEM32\CRYPTSP.dll
0x00007ff9814f0000 - 0x00007ff981525000 	C:\WINDOWS\system32\rsaenh.dll
0x00007ff981b00000 - 0x00007ff981b28000 	C:\WINDOWS\SYSTEM32\USERENV.dll
0x00007ff981c80000 - 0x00007ff981c8c000 	C:\WINDOWS\SYSTEM32\CRYPTBASE.dll
0x00007ff97eee0000 - 0x00007ff97eef9000 	C:\WINDOWS\SYSTEM32\dhcpcsvc6.DLL
0x00007ff97edb0000 - 0x00007ff97edcf000 	C:\WINDOWS\SYSTEM32\dhcpcsvc.DLL

dbghelp: loaded successfully - version: 4.0.5 - missing functions: none
symbol engine: initialized successfully - sym options: 0x614 - pdb path: .;C:\Users\Mary Joy Bisnar\.katalon\packages\Katalon_Studio_Windows_64-9.6.0\Katalon_Studio_Windows_64-9.6.0\jre\bin;C:\WINDOWS\SYSTEM32;C:\WINDOWS\WinSxS\amd64_microsoft.windows.common-controls_6595b64144ccf1df_6.0.22621.3672_none_2713b9d173822955;C:\Users\Mary Joy Bisnar\.katalon\packages\Katalon_Studio_Windows_64-9.6.0\Katalon_Studio_Windows_64-9.6.0\jre\bin\server

VM Arguments:
jvm_args: -Dgroovy.home=C:\Users\Mary Joy Bisnar/.groovy -Djava.system.class.loader=groovy.lang.GroovyClassLoader -Xmx2048m -Dfile.encoding=UTF-8 -XX:+ShowCodeDetailsInExceptionMessages 
java_command: org.codehaus.groovy.tools.GroovyStarter --classpath C:\Users\Mary Joy Bisnar\KatalonStudio\bin\keyword;C:\Users\Mary Joy Bisnar\KatalonStudio\Keywords;C:\Users\Mary Joy Bisnar\KatalonStudio\bin\listener;C:\Users\Mary Joy Bisnar\KatalonStudio\Test Listeners;C:\Users\Mary Joy Bisnar\KatalonStudio\bin\lib;C:\Users\Mary Joy Bisnar\KatalonStudio\Libs;C:\Users\Mary Joy Bisnar\KatalonStudio\bin\groovy;C:\Users\Mary Joy Bisnar\KatalonStudio\Include\scripts\groovy;C:\Users\Mary Joy Bisnar\.katalon\packages\Katalon_Studio_Windows_64-9.6.0\Katalon_Studio_Windows_64-9.6.0\plugins\com.kms.katalon.core_1.0.0.202406140959.jar;C:\Users\Mary Joy Bisnar\.katalon\packages\Katalon_Studio_Windows_64-9.6.0\Katalon_Studio_Windows_64-9.6.0\configuration\resources\lib\aalto-xml-1.0.0.jar;C:\Users\Mary Joy Bisnar\.katalon\packages\Katalon_Studio_Windows_64-9.6.0\Katalon_Studio_Windows_64-9.6.0\configuration\resources\lib\aspectjweaver-1.9.1.jar;C:\Users\Mary Joy Bisnar\.katalon\packages\Katalon_Studio_Windows_64-9.6.0\Katalon_Studio_Windows_64-9.6.0\configuration\resources\lib\bcpkix-jdk15on-1.64.jar;C:\Users\Mary Joy Bisnar\.katalon\packages\Katalon_Studio_Windows_64-9.6.0\Katalon_Studio_Windows_64-9.6.0\configuration\resources\lib\bcprov-jdk15on-1.64.jar;C:\Users\Mary Joy Bisnar\.katalon\packages\Katalon_Studio_Windows_64-9.6.0\Katalon_Studio_Windows_64-9.6.0\configuration\resources\lib\browsermob-core-2.1.5.jar;C:\Users\Mary Joy Bisnar\.katalon\packages\Katalon_Studio_Windows_64-9.6.0\Katalon_Studio_Windows_64-9.6.0\configuration\resources\lib\byte-buddy-1.14.3.jar;C:\Users\Mary Joy Bisnar\.katalon\packages\Katalon_Studio_Windows_64-9.6.0\Katalon_Studio_Windows_64-9.6.0\configuration\resources\lib\byte-buddy-agent-1.14.3.jar;C:\Users\Mary Joy Bisnar\.katalon\packages\Katalon_Studio_Windows_64-9.6.0\Katalon_Studio_Windows_64-9.6.0\configuration\resources\lib\cglib-3.2.10.jar;C:\Users\Mary Joy Bisnar\.katalon\packages\Katalon_Studio_Windows_64-9.6.0\Katalon_Studio_Windows_64
java_class_path (initial): C:\Users\Mary Joy Bisnar\KatalonStudio\bin\keyword;C:\Users\Mary Joy Bisnar\KatalonStudio\bin\listener;C:\Users\Mary Joy Bisnar\KatalonStudio\bin\lib;C:\Users\Mary Joy Bisnar\KatalonStudio\bin\groovy;C:\Users\Mary Joy Bisnar\KatalonStudio\bin;C:\Users\Mary Joy Bisnar\.katalon\packages\Katalon_Studio_Windows_64-9.6.0\Katalon_Studio_Windows_64-9.6.0\plugins\com.kms.katalon.core_1.0.0.202406140959.jar;C:\Users\Mary Joy Bisnar\.katalon\packages\Katalon_Studio_Windows_64-9.6.0\Katalon_Studio_Windows_64-9.6.0\configuration\resources\lib\aalto-xml-1.0.0.jar;C:\Users\Mary Joy Bisnar\.katalon\packages\Katalon_Studio_Windows_64-9.6.0\Katalon_Studio_Windows_64-9.6.0\configuration\resources\lib\aspectjweaver-1.9.1.jar;C:\Users\Mary Joy Bisnar\.katalon\packages\Katalon_Studio_Windows_64-9.6.0\Katalon_Studio_Windows_64-9.6.0\configuration\resources\lib\bcpkix-jdk15on-1.64.jar;C:\Users\Mary Joy Bisnar\.katalon\packages\Katalon_Studio_Windows_64-9.6.0\Katalon_Studio_Windows_64-9.6.0\configuration\resources\lib\bcprov-jdk15on-1.64.jar;C:\Users\Mary Joy Bisnar\.katalon\packages\Katalon_Studio_Windows_64-9.6.0\Katalon_Studio_Windows_64-9.6.0\configuration\resources\lib\browsermob-core-2.1.5.jar;C:\Users\Mary Joy Bisnar\.katalon\packages\Katalon_Studio_Windows_64-9.6.0\Katalon_Studio_Windows_64-9.6.0\configuration\resources\lib\byte-buddy-1.14.3.jar;C:\Users\Mary Joy Bisnar\.katalon\packages\Katalon_Studio_Windows_64-9.6.0\Katalon_Studio_Windows_64-9.6.0\configuration\resources\lib\byte-buddy-agent-1.14.3.jar;C:\Users\Mary Joy Bisnar\.katalon\packages\Katalon_Studio_Windows_64-9.6.0\Katalon_Studio_Windows_64-9.6.0\configuration\resources\lib\cglib-3.2.10.jar;C:\Users\Mary Joy Bisnar\.katalon\packages\Katalon_Studio_Windows_64-9.6.0\Katalon_Studio_Windows_64-9.6.0\configuration\resources\lib\commons-codec-1.10.jar;C:\Users\Mary Joy Bisnar\.katalon\packages\Katalon_Studio_Windows_64-9.6.0\Katalon_Studio_Windows_64-9.6.0\configuration\resources\lib\commons-col
Launcher Type: SUN_STANDARD

[Global flags]
     intx CICompilerCount                          = 4                                         {product} {ergonomic}
     uint ConcGCThreads                            = 2                                         {product} {ergonomic}
     uint G1ConcRefinementThreads                  = 8                                         {product} {ergonomic}
   size_t G1HeapRegionSize                         = 1048576                                   {product} {ergonomic}
    uintx GCDrainStackTargetSize                   = 64                                        {product} {ergonomic}
   size_t InitialHeapSize                          = 130023424                                 {product} {ergonomic}
   size_t MarkStackSize                            = 4194304                                   {product} {ergonomic}
   size_t MaxHeapSize                              = 2147483648                                {product} {command line}
   size_t MaxNewSize                               = 1287651328                                {product} {ergonomic}
   size_t MinHeapDeltaBytes                        = 1048576                                   {product} {ergonomic}
   size_t MinHeapSize                              = 8388608                                   {product} {ergonomic}
    uintx NonNMethodCodeHeapSize                   = 5839372                                {pd product} {ergonomic}
    uintx NonProfiledCodeHeapSize                  = 122909434                              {pd product} {ergonomic}
    uintx ProfiledCodeHeapSize                     = 122909434                              {pd product} {ergonomic}
    uintx ReservedCodeCacheSize                    = 251658240                              {pd product} {ergonomic}
     bool SegmentedCodeCache                       = true                                      {product} {ergonomic}
     bool ShowCodeDetailsInExceptionMessages       = true                                   {manageable} {command line}
   size_t SoftMaxHeapSize                          = 2147483648                             {manageable} {ergonomic}
     bool UseCompressedClassPointers               = true                           {product lp64_product} {ergonomic}
     bool UseCompressedOops                        = true                           {product lp64_product} {ergonomic}
     bool UseG1GC                                  = true                                      {product} {ergonomic}
     bool UseLargePagesIndividualAllocation        = false                                  {pd product} {ergonomic}

Logging:
Log output configuration:
 #0: stdout all=warning uptime,level,tags
 #1: stderr all=off uptime,level,tags

Environment Variables:
PATH=C:/Users/Mary Joy Bisnar/.katalon/packages/Katalon_Studio_Windows_64-9.6.0/Katalon_Studio_Windows_64-9.6.0/jre/bin/server;C:/Users/Mary Joy Bisnar/.katalon/packages/Katalon_Studio_Windows_64-9.6.0/Katalon_Studio_Windows_64-9.6.0/jre/bin;C:\WINDOWS\system32;C:\WINDOWS;C:\WINDOWS\System32\Wbem;C:\WINDOWS\System32\WindowsPowerShell\v1.0\;C:\WINDOWS\System32\OpenSSH\;C:\Program Files\dotnet\;C:\Program Files\Git\cmd;C:\xampp\php;C:\ProgramData\ComposerSetup\bin;C:\Users\Mary Joy Bisnar\AppData\Local\Microsoft\WindowsApps;C:\Users\Mary Joy Bisnar\.dotnet\tools;C:\Users\Mary Joy Bisnar\AppData\Local\gitkraken\bin;C:\Users\Mary Joy Bisnar\AppData\Local\Microsoft\WindowsApps;C:\Users\Mary Joy Bisnar\Desktop\PyCharm Community Edition 2022.3.2\bin;;C:\Users\Mary Joy Bisnar\AppData\Local\Programs\Microsoft VS Code\bin;C:\Users\Mary Joy Bisnar\Desktop\IntelliJ IDEA 2023.1.4\bin;;C:\Users\Mary Joy Bisnar\AppData\Local\GitHubDesktop\bin;C:\Users\Mary Joy Bisnar\AppData\Roaming\Composer\vendor\bin;C:\Users\Mary Joy Bisnar\.katalon\packages\Katalon_Studio_Windows_64-9.6.0\Katalon_Studio_Windows_64-9.6.0;
USERNAME=Mary Joy Bisnar
OS=Windows_NT
PROCESSOR_IDENTIFIER=Intel64 Family 6 Model 165 Stepping 3, GenuineIntel
TMP=C:\Users\MARYJO~1\AppData\Local\Temp
TEMP=C:\Users\MARYJO~1\AppData\Local\Temp



---------------  S Y S T E M  ---------------

OS:
 Windows 11 , 64 bit Build 22621 (10.0.22621.3672)
OS uptime: 0 days 3:36 hours

CPU: total 8 (initial active 8) (4 cores per cpu, 2 threads per core) family 6 model 165 stepping 3 microcode 0xf4, cx8, cmov, fxsr, ht, mmx, 3dnowpref, sse, sse2, sse3, ssse3, sse4.1, sse4.2, popcnt, lzcnt, tsc, tscinvbit, avx, avx2, aes, erms, clmul, bmi1, bmi2, adx, fma, vzeroupper, clflush, clflushopt

Memory: 4k page, system-wide physical 7835M (703M free)
TotalPageFile size 9883M (AvailPageFile size 108M)
current process WorkingSet (physical memory assigned to process): 258M, peak: 308M
current process commit charge ("private bytes"): 290M, peak: 340M

vm_info: OpenJDK 64-Bit Server VM (17.0.7+7) for windows-amd64 JRE (17.0.7+7), built on Apr 18 2023 22:10:42 by "temurin" with MS VC++ 16.7 (VS2019)

END.
