#
# There is insufficient memory for the Java Runtime Environment to continue.
# Native memory allocation (malloc) failed to allocate 1224976 bytes for Chunk::new
# Possible reasons:
#   The system is out of physical RAM or swap space
#   The process is running with CompressedOops enabled, and the Java Heap may be blocking the growth of the native heap
# Possible solutions:
#   Reduce memory load on the system
#   Increase physical memory or swap space
#   Check if swap backing store is full
#   Decrease Java heap size (-Xmx/-Xms)
#   Decrease number of Java threads
#   Decrease Java thread stack sizes (-Xss)
#   Set larger code cache with -XX:ReservedCodeCacheSize=
#   JVM is running with Unscaled Compressed Oops mode in which the Java heap is
#     placed in the first 4GB address space. The Java Heap base address is the
#     maximum limit for the native heap growth. Please use -XX:HeapBaseMinAddress
#     to set the Java Heap base and to place the Java Heap above 4GB virtual address.
# This output file may be truncated or incomplete.
#
#  Out of Memory Error (arena.cpp:189), pid=9248, tid=12928
#
# JRE version: OpenJDK Runtime Environment Temurin-17.0.7+7 (17.0.7+7) (build 17.0.7+7)
# Java VM: OpenJDK 64-Bit Server VM Temurin-17.0.7+7 (17.0.7+7, mixed mode, tiered, compressed oops, compressed class ptrs, g1 gc, windows-amd64)
# No core dump will be written. Minidumps are not enabled by default on client versions of Windows
#

---------------  S U M M A R Y ------------

Command Line: -Dgroovy.home=C:\Users\Mary Joy Bisnar/.groovy -Djava.system.class.loader=groovy.lang.GroovyClassLoader -Xmx2048m -Dfile.encoding=UTF-8 -XX:+ShowCodeDetailsInExceptionMessages org.codehaus.groovy.tools.GroovyStarter --classpath C:\Users\Mary Joy Bisnar\KatalonStudio\bin\keyword;C:\Users\Mary Joy Bisnar\KatalonStudio\Keywords;C:\Users\Mary Joy Bisnar\KatalonStudio\bin\listener;C:\Users\Mary Joy Bisnar\KatalonStudio\Test Listeners;C:\Users\Mary Joy Bisnar\KatalonStudio\bin\lib;C:\Users\Mary Joy Bisnar\KatalonStudio\Libs;C:\Users\Mary Joy Bisnar\KatalonStudio\bin\groovy;C:\Users\Mary Joy Bisnar\KatalonStudio\Include\scripts\groovy;C:\Users\Mary Joy Bisnar\.katalon\packages\Katalon_Studio_Windows_64-9.6.0\Katalon_Studio_Windows_64-9.6.0\plugins\com.kms.katalon.core_1.0.0.202406140959.jar;C:\Users\Mary Joy Bisnar\.katalon\packages\Katalon_Studio_Windows_64-9.6.0\Katalon_Studio_Windows_64-9.6.0\configuration\resources\lib\aalto-xml-1.0.0.jar;C:\Users\Mary Joy Bisnar\.katalon\packages\Katalon_Studio_Windows_64-9.6.0\Katalon_Studio_Windows_64-9.6.0\configuration\resources\lib\aspectjweaver-1.9.1.jar;C:\Users\Mary Joy Bisnar\.katalon\packages\Katalon_Studio_Windows_64-9.6.0\Katalon_Studio_Windows_64-9.6.0\configuration\resources\lib\bcpkix-jdk15on-1.64.jar;C:\Users\Mary Joy Bisnar\.katalon\packages\Katalon_Studio_Windows_64-9.6.0\Katalon_Studio_Windows_64-9.6.0\configuration\resources\lib\bcprov-jdk15on-1.64.jar;C:\Users\Mary Joy Bisnar\.katalon\packages\Katalon_Studio_Windows_64-9.6.0\Katalon_Studio_Windows_64-9.6.0\configuration\resources\lib\browsermob-core-2.1.5.jar;C:\Users\Mary Joy Bisnar\.katalon\packages\Katalon_Studio_Windows_64-9.6.0\Katalon_Studio_Windows_64-9.6.0\configuration\resources\lib\byte-buddy-1.14.3.jar;C:\Users\Mary Joy Bisnar\.katalon\packages\Katalon_Studio_Windows_64-9.6.0\Katalon_Studio_Windows_64-9.6.0\configuration\resources\lib\byte-buddy-agent-1.14.3.jar;C:\Users\Mary Joy Bisnar\.katalon\packages\Katalon_Studio_Windows_64-9.6.0\Katalon_Studio_Windows_64-9.6.0\configuration\resources\lib\cglib-3.2.10.jar;C:\Users\Mary Joy Bisnar\.katalon\packages\Katalon_Studio_Windows_64-9.6.0\Katalon_Studio_Windows_64-9.6.0\configuration\resources\lib\commons-codec-1.10.jar;C:\Users\Mary Joy Bisnar\.katalon\packages\Katalon_Studio_Windows_64-9.6.0\Katalon_Studio_Windows_64-9.6.0\configuration\resources\lib\commons-collections4-4.1.jar;C:\Users\Mary Joy Bisnar\.katalon\packages\Katalon_Studio_Windows_64-9.6.0\Katalon_Studio_Windows_64-9.6.0\configuration\resources\lib\commons-validator-1.6.jar;C:\Users\Mary Joy Bisnar\.katalon\packages\Katalon_Studio_Windows_64-9.6.0\Katalon_Studio_Windows_64-9.6.0\configuration\resources\lib\curvesapi-1.04.jar;C:\Users\Mary Joy Bisnar\.katalon\packages\Katalon_Studio_Windows_64-9.6.0\Katalon_Studio_Windows_64-9.6.0\configuration\resources\lib\dnsjava-2.1.8.jar;C:\Users\Mary Joy Bisnar\.katalon\packages\Katalon_Studio_Windows_64-9.6.0\Katalon_Studio_Windows_64-9.6.0\configuration\resources\lib\groovy-ant-3.0.17.jar;C:\Users\Mary Joy Bisnar\.katalon\packages\Katalon_Studio_Windows_64-9.6.0\Katalon_Studio_Windows_64-9.6.0\configuration\resources\lib\groovy-astbuilder-3.0.17.jar;C:\Users\Mary Joy Bisnar\.katalon\packages\Katalon_Studio_Windows_64-9.6.0\Katalon_Studio_Windows_64-9.6.0\configuration\resources\lib\groovy-cli-picocli-3.0.17.jar;C:\Users\Mary Joy Bisnar\.katalon\packages\Katalon_Studio_Windows_64-9.6.0\Katalon_Studio_Windows_64-9.6.0\configuration\resources\lib\groovy-console-3.0.17.jar;C:\Users\Mary Joy Bisnar\.katalon\packages\Katalon_Studio_Windows_64-9.6.0\Katalon_Studio_Windows_64-9.6.0\configuration\resources\lib\groovy-datetime-3.0.17.jar;C:\Users\Mary Joy Bisnar\.katalon\packages\Katalon_Studio_Windows_64-9.6.0\Katalon_Studio_Windows_64-9.6.0\configuration\resources\lib\groovy-dateutil-3.0.17.jar;C:\Users\Mary Joy Bisnar\.katalon\packages\Katalon_Studio_Windows_64-9.6.0\Katalon_Studio_Windows_64-9.6.0\configuration\resources\lib\groovy-docgenerator-3.0.17.jar;C:\Users\Mary Joy Bisnar\.katalon\packages\Katalon_Studio_Windows_64-9.6.0\Katalon_Studio_Windows_64-9.6.0\configuration\resources\lib\groovy-groovydoc-3.0.17.jar;C:\Users\Mary Joy Bisnar\.katalon\packages\Katalon_Studio_Windows_64-9.6.0\Katalon_Studio_Windows_64-9.6.0\configuration\resources\lib\groovy-groovysh-3.0.17.jar;C:\Users\Mary Joy Bisnar\.katalon\packages\Katalon_Studio_Windows_64-9.6.0\Katalon_Studio_Windows_64-9.6.0\configuration\resources\lib\groovy-jmx-3.0.17.jar;C:\Users\Mary Joy Bisnar\.katalon\packages\Katalon_Studio_Windows_64-9.6.0\Katalon_Studio_Windows_64-9.6.0\configuration\resources\lib\groovy-json-3.0.17.jar;C:\Users\Mary Joy Bisnar\.katalon\packages\Katalon_Studio_Windows_64-9.6.0\Katalon_Studio_Windows_64-9.6.0\configuration\resources\lib\groovy-jsr223-3.0.17.jar;C:\Users\Mary Joy Bisnar\.katalon\packages\Katalon_Studio_Windows_64-9.6.0\Katalon_Studio_Windows_64-9.6.0\configuration\resources\lib\groovy-macro-3.0.17.jar;C:\Users\Mary Joy Bisnar\.katalon\packages\Katalon_Studio_Windows_64-9.6.0\Katalon_Studio_Windows_64-9.6.0\configuration\resources\lib\groovy-nio-3.0.17.jar;C:\Users\Mary Joy Bisnar\.katalon\packages\Katalon_Studio_Windows_64-9.6.0\Katalon_Studio_Windows_64-9.6.0\configuration\resources\lib\groovy-servlet-3.0.17.jar;C:\Users\Mary Joy Bisnar\.katalon\packages\Katalon_Studio_Windows_64-9.6.0\Katalon_Studio_Windows_64-9.6.0\configuration\resources\lib\groovy-sql-3.0.17.jar;C:\Users\Mary Joy Bisnar\.katalon\packages\Katalon_Studio_Windows_64-9.6.0\Katalon_Studio_Windows_64-9.6.0\configuration\resources\lib\groovy-swing-3.0.17.jar;C:\Users\Mary Joy Bisnar\.katalon\packages\Katalon_Studio_Windows_64-9.6.0\Katalon_Studio_Windows_64-9.6.0\configuration\resources\lib\groovy-templates-3.0.17.jar;C:\Users\Mary Joy Bisnar\.katalon\packages\Katalon_Studio_Windows_64-9.6.0\Katalon_Studio_Windows_64-9.6.0\configuration\resources\lib\groovy-test-3.0.17.jar;C:\Users\Mary Joy Bisnar\.katalon\packages\Katalon_Studio_Windows_64-9.6.0\Katalon_Studio_Windows_64-9.6.0\configuration\resources\lib\groovy-test-junit5-3.0.17.jar;C:\Users\Mary Joy Bisnar\.katalon\packages\Katalon_Studio_Windows_64-9.6.0\Katalon_Studio_Windows_64-9.6.0\configuration\resources\lib\groovy-testng-3.0.17.jar;C:\Users\Mary Joy Bisnar\.katalon\packages\Katalon_Studio_Windows_64-9.6.0\Katalon_Studio_Windows_64-9.6.0\configuration\resources\lib\groovy-xml-3.0.17.jar;C:\Users\Mary Joy Bisnar\.katalon\packages\Katalon_Studio_Windows_64-9.6.0\Katalon_Studio_Windows_64-9.6.0\configuration\resources\lib\java-client-7.0.0.jar;C:\Users\Mary Joy Bisnar\.katalon\packages\Katalon_Studio_Windows_64-9.6.0\Katalon_Studio_Windows_64-9.6.0\configuration\resources\lib\javax.servlet-api_3.1.0.jar;C:\Users\Mary Joy Bisnar\.katalon\packages\Katalon_Studio_Windows_64-9.6.0\Katalon_Studio_Windows_64-9.6.0\configuration\resources\lib\jna-5.12.1.jar;C:\Users\Mary Joy Bisnar\.katalon\packages\Katalon_Studio_Windows_64-9.6.0\Katalon_Studio_Windows_64-9.6.0\configuration\resources\lib\jna-platform-5.12.1.jar;C:\Users\Mary Joy Bisnar\.katalon\packages\Katalon_Studio_Windows_64-9.6.0\Katalon_Studio_Windows_64-9.6.0\configuration\resources\lib\jzlib-1.1.3.jar;C:\Users\Mary Joy Bisnar\.katalon\packages\Katalon_Studio_Windows_64-9.6.0\Katalon_Studio_Windows_64-9.6.0\configuration\resources\lib\kat-server.jar;C:\Users\Mary Joy Bisnar\.katalon\packages\Katalon_Studio_Windows_64-9.6.0\Katalon_Studio_Windows_64-9.6.0\configuration\resources\lib\littleproxy-1.1.0-beta-bmp-17.jar;C:\Users\Mary Joy Bisnar\.katalon\packages\Katalon_Studio_Windows_64-9.6.0\Katalon_Studio_Windows_64-9.6.0\configuration\resources\lib\log4j-1.2-api-2.17.1.jar;C:\Users\Mary Joy Bisnar\.katalon\packages\Katalon_Studio_Windows_64-9.6.0\Katalon_Studio_Windows_64-9.6.0\configuration\resources\lib\log4j-api-2.17.1.jar;C:\Users\Mary Joy Bisnar\.katalon\packages\Katalon_Studio_Windows_64-9.6.0\Katalon_Studio_Windows_64-9.6.0\configuration\resources\lib\log4j-core-2.17.1.jar;C:\Users\Mary Joy Bisnar\.katalon\packages\Katalon_Studio_Windows_64-9.6.0\Katalon_Studio_Windows_64-9.6.0\configuration\resources\lib\mitm-2.1.5.jar;C:\Users\Mary Joy Bisnar\.katalon\packages\Katalon_Studio_Windows_64-9.6.0\Katalon_Studio_Windows_64-9.6.0\configuration\resources\lib\mockito-core-5.2.0.jar;C:\Users\Mary Joy Bisnar\.katalon\packages\Katalon_Studio_Windows_64-9.6.0\Katalon_Studio_Windows_64-9.6.0\configuration\resources\lib\mockito-inline-5.2.0.jar;C:\Users\Mary Joy Bisnar\.katalon\packages\Katalon_Studio_Windows_64-9.6.0\Katalon_Studio_Windows_64-9.6.0\configuration\resources\lib\netty-all-4.1.109.Final.jar;C:\Users\Mary Joy Bisnar\.katalon\packages\Katalon_Studio_Windows_64-9.6.0\Katalon_Studio_Windows_64-9.6.0\configuration\resources\lib\objenesis-3.3.jar;C:\Users\Mary Joy Bisnar\.katalon\packages\Katalon_Studio_Windows_64-9.6.0\Katalon_Studio_Windows_64-9.6.0\configuration\resources\lib\poi-3.17.jar;C:\Users\Mary Joy Bisnar\.katalon\packages\Katalon_Studio_Windows_64-9.6.0\Katalon_Studio_Windows_64-9.6.0\configuration\resources\lib\poi-ooxml-3.17.jar;C:\Users\Mary Joy Bisnar\.katalon\packages\Katalon_Studio_Windows_64-9.6.0\Katalon_Studio_Windows_64-9.6.0\configuration\resources\lib\poi-ooxml-schemas-3.17.jar;C:\Users\Mary Joy Bisnar\.katalon\packages\Katalon_Studio_Windows_64-9.6.0\Katalon_Studio_Windows_64-9.6.0\configuration\resources\lib\proxy-vole-1.0.4-SNAPSHOT-jar-with-dependencies.jar;C:\Users\Mary Joy Bisnar\.katalon\packages\Katalon_Studio_Windows_64-9.6.0\Katalon_Studio_Windows_64-9.6.0\configuration\resources\lib\repackaged-sikuli-api-1.0.2-standalone.jar;C:\Users\Mary Joy Bisnar\.katalon\packages\Katalon_Studio_Windows_64-9.6.0\Katalon_Studio_Windows_64-9.6.0\configuration\resources\lib\selenium-leg-rc-3.141.59.jar;C:\Users\Mary Joy Bisnar\.katalon\packages\Katalon_Studio_Windows_64-9.6.0\Katalon_Studio_Windows_64-9.6.0\configuration\resources\lib\selenium-server-standalone-3.141.59.jar;C:\Users\Mary Joy Bisnar\.katalon\packages\Katalon_Studio_Windows_64-9.6.0\Katalon_Studio_Windows_64-9.6.0\configuration\resources\lib\selenium-shutterbug-1.1.jar;C:\Users\Mary Joy Bisnar\.katalon\packages\Katalon_Studio_Windows_64-9.6.0\Katalon_Studio_Windows_64-9.6.0\configuration\resources\lib\slf4j-api-1.7.25.jar;C:\Users\Mary Joy Bisnar\.katalon\packages\Katalon_Studio_Windows_64-9.6.0\Katalon_Studio_Windows_64-9.6.0\configuration\resources\lib\soap-builder-1.0.0.jar;C:\Users\Mary Joy Bisnar\.katalon\packages\Katalon_Studio_Windows_64-9.6.0\Katalon_Studio_Windows_64-9.6.0\configuration\resources\lib\soap-common-1.0.0.jar;C:\Users\Mary Joy Bisnar\.katalon\packages\Katalon_Studio_Windows_64-9.6.0\Katalon_Studio_Windows_64-9.6.0\configuration\resources\lib\soap-legacy-1.0.0.jar;C:\Users\Mary Joy Bisnar\.katalon\packages\Katalon_Studio_Windows_64-9.6.0\Katalon_Studio_Windows_64-9.6.0\configuration\resources\lib\spring-context-5.3.19.jar;C:\Users\Mary Joy Bisnar\.katalon\packages\Katalon_Studio_Windows_64-9.6.0\Katalon_Studio_Windows_64-9.6.0\configuration\resources\lib\stax2-api-4.0.0.jar;C:\Users\Mary Joy Bisnar\.katalon\packages\Katalon_Studio_Windows_64-9.6.0\Katalon_Studio_Windows_64-9.6.0\configuration\resources\lib\su.jar;C:\Users\Mary Joy Bisnar\.katalon\packages\Katalon_Studio_Windows_64-9.6.0\Katalon_Studio_Windows_64-9.6.0\configuration\resources\lib\testng-7.8.0.jar;C:\Users\Mary Joy Bisnar\.katalon\packages\Katalon_Studio_Windows_64-9.6.0\Katalon_Studio_Windows_64-9.6.0\configuration\resources\lib\wadl.jar;C:\Users\Mary Joy Bisnar\.katalon\packages\Katalon_Studio_Windows_64-9.6.0\Katalon_Studio_Windows_64-9.6.0\configuration\resources\lib\xmlbeans-3.1.0.jar;C:\Users\Mary Joy Bisnar\.katalon\packages\Katalon_Studio_Windows_64-9.6.0\Katalon_Studio_Windows_64-9.6.0\plugins\net.sf.supercsv.super-csv_2.1.0.jar;C:\Users\Mary Joy Bisnar\.katalon\packages\Katalon_Studio_Windows_64-9.6.0\Katalon_Studio_Windows_64-9.6.0\plugins\org.apache.commons.io_2.4.0.jar;C:\Users\Mary Joy Bisnar\.katalon\packages\Katalon_Studio_Windows_64-9.6.0\Katalon_Studio_Windows_64-9.6.0\plugins\org.apache.commons.lang_2.6.0.jar;C:\Users\Mary Joy Bisnar\.katalon\packages\Katalon_Studio_Windows_64-9.6.0\Katalon_Studio_Windows_64-9.6.0\plugins\com.google.gson_2.10.1.v20230109-0753.jar;C:\Users\Mary Joy Bisnar\.katalon\packages\Katalon_Studio_Windows_64-9.6.0\Katalon_Studio_Windows_64-9.6.0\plugins\org.jsoup_1.14.3.jar;C:\Users\Mary Joy Bisnar\.katalon\packages\Katalon_Studio_Windows_64-9.6.0\Katalon_Studio_Windows_64-9.6.0\plugins\org.apache.commons.dbutils_1.6.0.jar;C:\Users\Mary Joy Bisnar\.katalon\packages\Katalon_Studio_Windows_64-9.6.0\Katalon_Studio_Windows_64-9.6.0\plugins\com.oracle.jdbc.ojdbc7_12.1.0.2.jar;C:\Users\Mary Joy Bisnar\.katalon\packages\Katalon_Studio_Windows_64-9.6.0\Katalon_Studio_Windows_64-9.6.0\plugins\org.postgresql.jdbc_42.7.3.jar;c:\Users\Mary Joy Bisnar\.katalon\packages\Katalon_Studio_Windows_64-9.6.0\Katalon_Studio_Windows_64-9.6.0\plugins\org.eclipse.osgi_3.18.300.v20230220-1352.jar;C:\Users\Mary Joy Bisnar\.katalon\packages\Katalon_Studio_Windows_64-9.6.0\Katalon_Studio_Windows_64-9.6.0\plugins\com.kms.katalon.constant_1.0.0.202406140959.jar;C:\Users\Mary Joy Bisnar\.katalon\packages\Katalon_Studio_Windows_64-9.6.0\Katalon_Studio_Windows_64-9.6.0\plugins\org.eclipse.persistence.eclipselink_2.7.11.jar;C:\Users\Mary Joy Bisnar\.katalon\packages\Katalon_Studio_Windows_64-9.6.0\Katalon_Studio_Windows_64-9.6.0\plugins\com.kms.katalon.selenium-standalone_1.0.0.202406140959.jar;C:\Users\Mary Joy Bisnar\.katalon\packages\Katalon_Studio_Windows_64-9.6.0\Katalon_Studio_Windows_64-9.6.0\plugins\atu.testrecorder.screen-recorder_2.1.0.jar;C:\Users\Mary Joy Bisnar\.katalon\packages\Katalon_Studio_Windows_64-9.6.0\Katalon_Studio_Windows_64-9.6.0\plugins\com.google.guava_23.0.0.jar;C:\Users\Mary Joy Bisnar\.katalon\packages\Katalon_Studio_Windows_64-9.6.0\Katalon_Studio_Windows_64-9.6.0\plugins\com.kms.katalon.util_1.0.0.202406140959.jar;C:\Users\Mary Joy Bisnar\.katalon\packages\Katalon_Studio_Windows_64-9.6.0\Katalon_Studio_Windows_64-9.6.0\plugins\org.apache.httpcomponents.httpclient_4.5.14.v20221207-1049.jar;C:\Users\Mary Joy Bisnar\.katalon\packages\Katalon_Studio_Windows_64-9.6.0\Katalon_Studio_Windows_64-9.6.0\plugins\org.apache.httpcomponents.httpcore_4.4.16.v20221207-1049.jar;C:\Users\Mary Joy Bisnar\.katalon\packages\Katalon_Studio_Windows_64-9.6.0\Katalon_Studio_Windows_64-9.6.0\plugins\org.apache.httpcomponents.httpmime_4.5.13.jar;C:\Users\Mary Joy Bisnar\.katalon\packages\Katalon_Studio_Windows_64-9.6.0\Katalon_Studio_Windows_64-9.6.0\plugins\org.apache.commons.lang3_3.14.0.jar;C:\Users\Mary Joy Bisnar\.katalon\packages\Katalon_Studio_Windows_64-9.6.0\Katalon_Studio_Windows_64-9.6.0\plugins\org.greenrobot.eventbus_3.1.1.jar;C:\Users\Mary Joy Bisnar\.katalon\packages\Katalon_Studio_Windows_64-9.6.0\Katalon_Studio_Windows_64-9.6.0\plugins\net.bytebuddy.byte-buddy_1.14.15.jar;C:\Users\Mary Joy Bisnar\.katalon\packages\Katalon_Studio_Windows_64-9.6.0\Katalon_Studio_Windows_64-9.6.0\plugins\org.junit_4.13.2.v20211018-1956.jar;C:\Users\Mary Joy Bisnar\.katalon\packages\Katalon_Studio_Windows_64-9.6.0\Katalon_Studio_Windows_64-9.6.0\plugins\com.fasterxml.jackson.core.jackson-databind_2.17.1.jar;C:\Users\Mary Joy Bisnar\.katalon\packages\Katalon_Studio_Windows_64-9.6.0\Katalon_Studio_Windows_64-9.6.0\plugins\com.fasterxml.jackson.core.jackson-core_2.17.1.jar;C:\Users\Mary Joy Bisnar\.katalon\packages\Katalon_Studio_Windows_64-9.6.0\Katalon_Studio_Windows_64-9.6.0\plugins\com.fasterxml.jackson.core.jackson-annotations_2.17.1.jar;C:\Users\Mary Joy Bisnar\.katalon\packages\Katalon_Studio_Windows_64-9.6.0\Katalon_Studio_Windows_64-9.6.0\plugins\ch.qos.logback.classic_1.2.13.jar;C:\Users\Mary Joy Bisnar\.katalon\packages\Katalon_Studio_Windows_64-9.6.0\Katalon_Studio_Windows_64-9.6.0\plugins\ch.qos.logback.core_1.2.13.jar;C:\Users\Mary Joy Bisnar\.katalon\packages\Katalon_Studio_Windows_64-9.6.0\Katalon_Studio_Windows_64-9.6.0\plugins\slf4j.api_1.7.36.jar;C:\Users\Mary Joy Bisnar\.katalon\packages\Katalon_Studio_Windows_64-9.6.0\Katalon_Studio_Windows_64-9.6.0\plugins\org.fusesource.jansi_1.17.1.jar;C:\Users\Mary Joy Bisnar\.katalon\packages\Katalon_Studio_Windows_64-9.6.0\Katalon_Studio_Windows_64-9.6.0\plugins\com.kms.katalon.netlightbody_1.0.0.202406140959.jar;C:\Users\Mary Joy Bisnar\.katalon\packages\Katalon_Studio_Windows_64-9.6.0\Katalon_Studio_Windows_64-9.6.0\plugins\com.kms.katalon.poi_1.0.0.202406140959.jar;C:\Users\Mary Joy Bisnar\.katalon\packages\Katalon_Studio_Windows_64-9.6.0\Katalon_Studio_Windows_64-9.6.0\plugins\org.apache.commons.commons-text_1.10.0.jar;C:\Users\Mary Joy Bisnar\.katalon\packages\Katalon_Studio_Windows_64-9.6.0\Katalon_Studio_Windows_64-9.6.0\plugins\com.kms.katalon.proxyvole_1.0.0.202406140959.jar;C:\Users\Mary Joy Bisnar\.katalon\packages\Katalon_Studio_Windows_64-9.6.0\Katalon_Studio_Windows_64-9.6.0\plugins\com.microsoft.sqlserver.mssql-jdbc_6.2.2.jre8.jar;C:\Users\Mary Joy Bisnar\.katalon\packages\Katalon_Studio_Windows_64-9.6.0\Katalon_Studio_Windows_64-9.6.0\plugins\com.github.kklisura.cdt.java-client_2.1.0.jar;C:\Users\Mary Joy Bisnar\.katalon\packages\Katalon_Studio_Windows_64-9.6.0\Katalon_Studio_Windows_64-9.6.0\plugins\javax.websocket-api_1.1.0.jar;C:\Users\Mary Joy Bisnar\.katalon\packages\Katalon_Studio_Windows_64-9.6.0\Katalon_Studio_Windows_64-9.6.0\plugins\org.glassfish.tyrus.container-grizzly-client_1.13.1.jar;C:\Users\Mary Joy Bisnar\.katalon\packages\Katalon_Studio_Windows_64-9.6.0\Katalon_Studio_Windows_64-9.6.0\plugins\org.glassfish.grizzly.http-server_2.3.25.jar;C:\Users\Mary Joy Bisnar\.katalon\packages\Katalon_Studio_Windows_64-9.6.0\Katalon_Studio_Windows_64-9.6.0\plugins\org.glassfish.grizzly.framework_2.3.25.jar;C:\Users\Mary Joy Bisnar\.katalon\packages\Katalon_Studio_Windows_64-9.6.0\Katalon_Studio_Windows_64-9.6.0\plugins\org.glassfish.grizzly.http_2.3.25.jar;C:\Users\Mary Joy Bisnar\.katalon\packages\Katalon_Studio_Windows_64-9.6.0\Katalon_Studio_Windows_64-9.6.0\plugins\org.glassfish.tyrus.client_1.13.1.jar;C:\Users\Mary Joy Bisnar\.katalon\packages\Katalon_Studio_Windows_64-9.6.0\Katalon_Studio_Windows_64-9.6.0\plugins\org.glassfish.tyrus.core_1.13.1.jar;C:\Users\Mary Joy Bisnar\.katalon\packages\Katalon_Studio_Windows_64-9.6.0\Katalon_Studio_Windows_64-9.6.0\plugins\org.glassfish.tyrus.spi_1.13.1.jar;C:\Users\Mary Joy Bisnar\.katalon\packages\Katalon_Studio_Windows_64-9.6.0\Katalon_Studio_Windows_64-9.6.0\plugins\javassist_3.28.0.GA.jar;C:\Users\Mary Joy Bisnar\.katalon\packages\Katalon_Studio_Windows_64-9.6.0\Katalon_Studio_Windows_64-9.6.0\plugins\graphql-java_17.5.0.jar;C:\Users\Mary Joy Bisnar\.katalon\packages\Katalon_Studio_Windows_64-9.6.0\Katalon_Studio_Windows_64-9.6.0\plugins\org.glassfish.jaxb.runtime_2.3.6.jar;C:\Users\Mary Joy Bisnar\.katalon\packages\Katalon_Studio_Windows_64-9.6.0\Katalon_Studio_Windows_64-9.6.0\plugins\org.glassfish.jaxb.txw2_2.3.6.jar;C:\Users\Mary Joy Bisnar\.katalon\packages\Katalon_Studio_Windows_64-9.6.0\Katalon_Studio_Windows_64-9.6.0\plugins\org.dom4j_2.1.4.jar;C:\Users\Mary Joy Bisnar\.katalon\packages\Katalon_Studio_Windows_64-9.6.0\Katalon_Studio_Windows_64-9.6.0\plugins\com.kms.katalon.groovy-extended_1.0.0.202406140959.jar;C:\Users\Mary Joy Bisnar\.katalon\packages\Katalon_Studio_Windows_64-9.6.0\Katalon_Studio_Windows_64-9.6.0\plugins\com.sun.activation.javax.activation_1.2.0.jar;C:\Users\Mary Joy Bisnar\.katalon\packages\Katalon_Studio_Windows_64-9.6.0\Katalon_Studio_Windows_64-9.6.0\plugins\jakarta.xml.bind-api_2.3.3.jar;C:\Users\Mary Joy Bisnar\.katalon\packages\Katalon_Studio_Windows_64-9.6.0\Katalon_Studio_Windows_64-9.6.0\plugins\com.sun.xml.bind.jaxb-impl_2.3.6.jar;C:\Users\Mary Joy Bisnar\.katalon\packages\Katalon_Studio_Windows_64-9.6.0\Katalon_Studio_Windows_64-9.6.0\plugins\org.eclipse.jface_3.29.0.v20230214-1401.jar;C:\Users\Mary Joy Bisnar\.katalon\packages\Katalon_Studio_Windows_64-9.6.0\Katalon_Studio_Windows_64-9.6.0\plugins\com.kms.katalon.logging_1.0.0.202406140959.jar;C:\Users\Mary Joy Bisnar\.katalon\packages\Katalon_Studio_Windows_64-9.6.0\Katalon_Studio_Windows_64-9.6.0\plugins\json_20240303.0.0.jar;C:\Users\Mary Joy Bisnar\.katalon\packages\Katalon_Studio_Windows_64-9.6.0\Katalon_Studio_Windows_64-9.6.0\plugins\assertj-core_3.25.3.jar;C:\Users\Mary Joy Bisnar\.katalon\packages\Katalon_Studio_Windows_64-9.6.0\Katalon_Studio_Windows_64-9.6.0\plugins\org.apache.commons.logging_1.2.0.v20180409-1502.jar;C:\Users\Mary Joy Bisnar\.katalon\packages\Katalon_Studio_Windows_64-9.6.0\Katalon_Studio_Windows_64-9.6.0\plugins\org.hamcrest.core_1.3.0.v20180420-1519.jar;C:\Users\Mary Joy Bisnar\.katalon\packages\Katalon_Studio_Windows_64-9.6.0\Katalon_Studio_Windows_64-9.6.0\plugins\org.beanshell.bsh_2.0.0.0b4.jar;C:\Users\Mary Joy Bisnar\.katalon\packages\Katalon_Studio_Windows_64-9.6.0\Katalon_Studio_Windows_64-9.6.0\plugins\org.apache.ant.launcher_1.9.6.jar;C:\Users\Mary Joy Bisnar\.katalon\packages\Katalon_Studio_Windows_64-9.6.0\Katalon_Studio_Windows_64-9.6.0\plugins\com.kms.katalon.core.appium_1.0.0.202406140959.jar;C:\Users\Mary Joy Bisnar\.katalon\packages\Katalon_Studio_Windows_64-9.6.0\Katalon_Studio_Windows_64-9.6.0\plugins\com.kms.katalon.api_1.0.0.202406140959.jar;C:\Users\Mary Joy Bisnar\.katalon\packages\Katalon_Studio_Windows_64-9.6.0\Katalon_Studio_Windows_64-9.6.0\plugins\org.eclipse.equinox.common_3.17.100.v20230202-1341.jar;C:\Users\Mary Joy Bisnar\.katalon\packages\Katalon_Studio_Windows_64-9.6.0\Katalon_Studio_Windows_64-9.6.0\plugins\com.kms.katalon.testcloud.core_1.0.0.202406140959.jar;C:\Users\Mary Joy Bisnar\.katalon\packages\Katalon_Studio_Windows_64-9.6.0\Katalon_Studio_Windows_64-9.6.0\plugins\org.eclipse.e4.core.di.annotations_1.7.200.v20220613-1008.jar;C:\Users\Mary Joy Bisnar\.katalon\packages\Katalon_Studio_Windows_64-9.6.0\Katalon_Studio_Windows_64-9.6.0\plugins\org.eclipse.swt_3.123.0.v20230220-1431.jar;C:\Users\Mary Joy Bisnar\.katalon\packages\Katalon_Studio_Windows_64-9.6.0\Katalon_Studio_Windows_64-9.6.0\plugins\com.kms.katalon.configuration.core_1.0.0.202406140959.jar;C:\Users\Mary Joy Bisnar\.katalon\packages\Katalon_Studio_Windows_64-9.6.0\Katalon_Studio_Windows_64-9.6.0\plugins\org.semver4j_5.3.0.jar;C:\Users\Mary Joy Bisnar\.katalon\packages\Katalon_Studio_Windows_64-9.6.0\Katalon_Studio_Windows_64-9.6.0\plugins\com.kms.katalon.core.webui_1.0.0.202406140959.jar;C:\Users\Mary Joy Bisnar\.katalon\packages\Katalon_Studio_Windows_64-9.6.0\Katalon_Studio_Windows_64-9.6.0\plugins\org.eclipse.e4.core.contexts_1.11.0.v20220716-0839.jar;C:\Users\Mary Joy Bisnar\.katalon\packages\Katalon_Studio_Windows_64-9.6.0\Katalon_Studio_Windows_64-9.6.0\plugins\org.eclipse.e4.core.services_2.3.400.v20220915-1347.jar;C:\Users\Mary Joy Bisnar\.katalon\packages\Katalon_Studio_Windows_64-9.6.0\Katalon_Studio_Windows_64-9.6.0\plugins\com.kms.katalon.core.mobile_1.0.0.202406140959.jar;C:\Users\Mary Joy Bisnar\.katalon\packages\Katalon_Studio_Windows_64-9.6.0\Katalon_Studio_Windows_64-9.6.0\plugins\org.apache.commons.commons-validator_1.7.0.jar;C:\Users\Mary Joy Bisnar\.katalon\packages\Katalon_Studio_Windows_64-9.6.0\Katalon_Studio_Windows_64-9.6.0\plugins\com.kms.katalon.core.cucumber_1.0.0.202406140959.jar;C:\Users\Mary Joy Bisnar\.katalon\packages\Katalon_Studio_Windows_64-9.6.0\Katalon_Studio_Windows_64-9.6.0\plugins\io.cucumber.core_3.0.3.jar;C:\Users\Mary Joy Bisnar\.katalon\packages\Katalon_Studio_Windows_64-9.6.0\Katalon_Studio_Windows_64-9.6.0\plugins\io.cucumber.datatable_1.1.15.jar;C:\Users\Mary Joy Bisnar\.katalon\packages\Katalon_Studio_Windows_64-9.6.0\Katalon_Studio_Windows_64-9.6.0\plugins\io.cucumber.datatable-dependencies_1.1.15.jar;C:\Users\Mary Joy Bisnar\.katalon\packages\Katalon_Studio_Windows_64-9.6.0\Katalon_Studio_Windows_64-9.6.0\plugins\io.cucumber.expressions_5.0.19.jar;C:\Users\Mary Joy Bisnar\.katalon\packages\Katalon_Studio_Windows_64-9.6.0\Katalon_Studio_Windows_64-9.6.0\plugins\io.cucumber.gherkin_5.0.0.jar;C:\Users\Mary Joy Bisnar\.katalon\packages\Katalon_Studio_Windows_64-9.6.0\Katalon_Studio_Windows_64-9.6.0\plugins\io.cucumber.html_0.2.7.jar;C:\Users\Mary Joy Bisnar\.katalon\packages\Katalon_Studio_Windows_64-9.6.0\Katalon_Studio_Windows_64-9.6.0\plugins\io.cucumber.java_3.0.3.jar;C:\Users\Mary Joy Bisnar\.katalon\packages\Katalon_Studio_Windows_64-9.6.0\Katalon_Studio_Windows_64-9.6.0\plugins\io.cucumber.tag-expressions_1.1.1.jar;C:\Users\Mary Joy Bisnar\.katalon\packages\Katalon_Studio_Windows_64-9.6.0\Katalon_Studio_Windows_64-9.6.0\plugins\io.cucumber.junit_3.0.3.jar;C:\Users\Mary Joy Bisnar\.katalon\packages\Katalon_Studio_Windows_64-9.6.0\Katalon_Studio_Windows_64-9.6.0\plugins\com.kms.katalon.core.webservice_1.0.0.202406140959.jar;C:\Users\Mary Joy Bisnar\.katalon\packages\Katalon_Studio_Windows_64-9.6.0\Katalon_Studio_Windows_64-9.6.0\plugins\wsdl4j_1.6.2.jar;C:\Users\Mary Joy Bisnar\.katalon\packages\Katalon_Studio_Windows_64-9.6.0\Katalon_Studio_Windows_64-9.6.0\plugins\com.google.oauth-client.google-oauth-client_1.22.0.jar;C:\Users\Mary Joy Bisnar\.katalon\packages\Katalon_Studio_Windows_64-9.6.0\Katalon_Studio_Windows_64-9.6.0\plugins\com.google.http-client.google-http-client_1.22.0.jar;C:\Users\Mary Joy Bisnar\.katalon\packages\Katalon_Studio_Windows_64-9.6.0\Katalon_Studio_Windows_64-9.6.0\plugins\ca.juliusdavies.not-yet-commons-ssl_0.3.11.jar;C:\Users\Mary Joy Bisnar\.katalon\packages\Katalon_Studio_Windows_64-9.6.0\Katalon_Studio_Windows_64-9.6.0\plugins\com.kms.katalon.preferences_1.0.0.202406140959.jar;C:\Users\Mary Joy Bisnar\.katalon\packages\Katalon_Studio_Windows_64-9.6.0\Katalon_Studio_Windows_64-9.6.0\plugins\org.apache.xmlbeans_3.1.0.jar;C:\Users\Mary Joy Bisnar\.katalon\packages\Katalon_Studio_Windows_64-9.6.0\Katalon_Studio_Windows_64-9.6.0\plugins\com.kms.katalon.entity_1.0.0.202406140959.jar;C:\Users\Mary Joy Bisnar\.katalon\packages\Katalon_Studio_Windows_64-9.6.0\Katalon_Studio_Windows_64-9.6.0\plugins\org.antlr.antlr4-runtime_4.9.2.jar;C:\Users\Mary Joy Bisnar\.katalon\packages\Katalon_Studio_Windows_64-9.6.0\Katalon_Studio_Windows_64-9.6.0\plugins\com.networknt.json-schema-validator_1.0.66.jar;C:\Users\Mary Joy Bisnar\.katalon\packages\Katalon_Studio_Windows_64-9.6.0\Katalon_Studio_Windows_64-9.6.0\plugins\jakarta.xml.ws-api_2.3.3.jar;C:\Users\Mary Joy Bisnar\.katalon\packages\Katalon_Studio_Windows_64-9.6.0\Katalon_Studio_Windows_64-9.6.0\plugins\javax.xml.soap-api_1.4.0.jar;C:\Users\Mary Joy Bisnar\.katalon\packages\Katalon_Studio_Windows_64-9.6.0\Katalon_Studio_Windows_64-9.6.0\plugins\com.kms.katalon.core.windows_1.0.0.202406140959.jar;C:\Users\Mary Joy Bisnar\.katalon\packages\Katalon_Studio_Windows_64-9.6.0\Katalon_Studio_Windows_64-9.6.0\plugins\com.kms.katalon.core.testng_1.0.0.202406140959.jar;C:\Users\Mary Joy Bisnar\.katalon\packages\Katalon_Studio_Windows_64-9.6.0\Katalon_Studio_Windows_64-9.6.0\configuration\org.eclipse.osgi\32\0\.cp\resources\basic-report\katalon-studio-report-plugin.jar;C:\Users\Mary Joy Bisnar\.katalon\packages\Katalon_Studio_Windows_64-9.6.0\Katalon_Studio_Windows_64-9.6.0\plugins\org.codehaus.groovy_3.0.17.v202303311542-e2303\lib\groovy-3.0.17-indy.jar;C:\Users\Mary Joy Bisnar\.katalon\packages\Katalon_Studio_Windows_64-9.6.0\Katalon_Studio_Windows_64-9.6.0\plugins\org.codehaus.groovy_3.0.17.v202303311542-e2303\lib\ivy-2.5.1.jar --main groovy.ui.GroovyMain --encoding UTF-8 --indy C:\Users\Mary Joy Bisnar\KatalonStudio\Libs\TempTestCase1719919293251.groovy

Host: Intel(R) Core(TM) i3-10100 CPU @ 3.60GHz, 8 cores, 7G,  Windows 11 , 64 bit Build 22621 (10.0.22621.3672)
Time: Tue Jul  2 19:21:42 2024 Malay Peninsula Standard Time elapsed time: 8.190506 seconds (0d 0h 0m 8s)

---------------  T H R E A D  ---------------

Current thread (0x000002473bceed50):  JavaThread "C2 CompilerThread1" daemon [_thread_in_native, id=12928, stack(0x000000da41e00000,0x000000da41f00000)]


Current CompileTask:
C2:   8190 5390       4       groovyjarjarantlr4.v4.runtime.atn.PredictionContext::getCachedContext (297 bytes)

Stack: [0x000000da41e00000,0x000000da41f00000]
Native frames: (J=compiled Java code, j=interpreted, Vv=VM code, C=native code)
V  [jvm.dll+0x67754a]
V  [jvm.dll+0x834304]
V  [jvm.dll+0x835aae]
V  [jvm.dll+0x836113]
V  [jvm.dll+0x24696f]
V  [jvm.dll+0xac0ac]
V  [jvm.dll+0xac67c]
V  [jvm.dll+0x364de2]
V  [jvm.dll+0x1bcc02]
V  [jvm.dll+0x219799]
V  [jvm.dll+0x218a61]
V  [jvm.dll+0x1a4d8d]
V  [jvm.dll+0x2284da]
V  [jvm.dll+0x226615]
V  [jvm.dll+0x7ea90b]
V  [jvm.dll+0x7e4e7a]
V  [jvm.dll+0x676395]
C  [ucrtbase.dll+0x29333]
C  [KERNEL32.DLL+0x1257d]
C  [ntdll.dll+0x5af28]


---------------  P R O C E S S  ---------------

Threads class SMR info:
_java_thread_list=0x000002473a05f240, length=22, elements={
0x00000247182cc650, 0x000002473235e670, 0x000002473235f2e0, 0x0000024732347d30,
0x0000024732381000, 0x0000024732381fc0, 0x0000024732384980, 0x0000024732390f80,
0x0000024732393590, 0x0000024732395ba0, 0x0000024732564fd0, 0x00000247371c76a0,
0x000002473287b790, 0x00000247328521f0, 0x000002473acee540, 0x000002473aceea10,
0x000002473acef3b0, 0x000002473aceeee0, 0x000002473838ac70, 0x000002473838a7a0,
0x000002473838b140, 0x000002473bceed50
}

Java Threads: ( => current thread )
  0x00000247182cc650 JavaThread "Forwarding executeAsyncScript on session 9da382dc036a8751eac478e973389ea3 to remote" [_thread_in_native, id=10708, stack(0x000000da40d00000,0x000000da40e00000)]
  0x000002473235e670 JavaThread "Reference Handler" daemon [_thread_blocked, id=12712, stack(0x000000da41400000,0x000000da41500000)]
  0x000002473235f2e0 JavaThread "Finalizer" daemon [_thread_blocked, id=9824, stack(0x000000da41500000,0x000000da41600000)]
  0x0000024732347d30 JavaThread "Signal Dispatcher" daemon [_thread_blocked, id=16496, stack(0x000000da41600000,0x000000da41700000)]
  0x0000024732381000 JavaThread "Attach Listener" daemon [_thread_blocked, id=6060, stack(0x000000da41700000,0x000000da41800000)]
  0x0000024732381fc0 JavaThread "Service Thread" daemon [_thread_blocked, id=13792, stack(0x000000da41800000,0x000000da41900000)]
  0x0000024732384980 JavaThread "Monitor Deflation Thread" daemon [_thread_blocked, id=9404, stack(0x000000da41900000,0x000000da41a00000)]
  0x0000024732390f80 JavaThread "C2 CompilerThread0" daemon [_thread_blocked, id=8808, stack(0x000000da41a00000,0x000000da41b00000)]
  0x0000024732393590 JavaThread "C1 CompilerThread0" daemon [_thread_blocked, id=12396, stack(0x000000da41b00000,0x000000da41c00000)]
  0x0000024732395ba0 JavaThread "Sweeper thread" daemon [_thread_blocked, id=5748, stack(0x000000da41c00000,0x000000da41d00000)]
  0x0000024732564fd0 JavaThread "Common-Cleaner" daemon [_thread_blocked, id=14588, stack(0x000000da41d00000,0x000000da41e00000)]
  0x00000247371c76a0 JavaThread "Notification Thread" daemon [_thread_blocked, id=6912, stack(0x000000da41f00000,0x000000da42000000)]
  0x000002473287b790 JavaThread "Exec Default Executor" daemon [_thread_in_native, id=13364, stack(0x000000da42a00000,0x000000da42b00000)]
  0x00000247328521f0 JavaThread "UrlChecker-2" daemon [_thread_blocked, id=5172, stack(0x000000da42b00000,0x000000da42c00000)]
  0x000002473acee540 JavaThread "Exec Stream Pumper" daemon [_thread_in_native, id=15764, stack(0x000000da42d00000,0x000000da42e00000)]
  0x000002473aceea10 JavaThread "Exec Stream Pumper" daemon [_thread_in_native, id=12384, stack(0x000000da42e00000,0x000000da42f00000)]
  0x000002473acef3b0 JavaThread "Keep-Alive-Timer" daemon [_thread_blocked, id=13032, stack(0x000000da42f00000,0x000000da43000000)]
  0x000002473aceeee0 JavaThread "ForkJoinPool.commonPool-worker-1" daemon [_thread_blocked, id=15028, stack(0x000000da43000000,0x000000da43100000)]
  0x000002473838ac70 JavaThread "ForkJoinPool.commonPool-worker-2" daemon [_thread_blocked, id=14640, stack(0x000000da43100000,0x000000da43200000)]
  0x000002473838a7a0 JavaThread "OkHttp ConnectionPool" daemon [_thread_blocked, id=1344, stack(0x000000da43200000,0x000000da43300000)]
  0x000002473838b140 JavaThread "Okio Watchdog" daemon [_thread_blocked, id=16948, stack(0x000000da43300000,0x000000da43400000)]
=>0x000002473bceed50 JavaThread "C2 CompilerThread1" daemon [_thread_in_native, id=12928, stack(0x000000da41e00000,0x000000da41f00000)]

Other Threads:
  0x000002472fa3e0e0 VMThread "VM Thread" [stack: 0x000000da41300000,0x000000da41400000] [id=8884]
  0x0000024732b2fae0 WatcherThread [stack: 0x000000da42000000,0x000000da42100000] [id=6024]
  0x000002472f8819b0 GCTaskThread "GC Thread#0" [stack: 0x000000da40e00000,0x000000da40f00000] [id=6080]
  0x0000024737028640 GCTaskThread "GC Thread#1" [stack: 0x000000da42200000,0x000000da42300000] [id=2236]
  0x0000024737029100 GCTaskThread "GC Thread#2" [stack: 0x000000da42300000,0x000000da42400000] [id=2584]
  0x00000247370288f0 GCTaskThread "GC Thread#3" [stack: 0x000000da42400000,0x000000da42500000] [id=2100]
  0x00000247370293b0 GCTaskThread "GC Thread#4" [stack: 0x000000da42500000,0x000000da42600000] [id=7452]
  0x0000024737029e70 GCTaskThread "GC Thread#5" [stack: 0x000000da42600000,0x000000da42700000] [id=10000]
  0x0000024737029bc0 GCTaskThread "GC Thread#6" [stack: 0x000000da42700000,0x000000da42800000] [id=12644]
  0x0000024739761190 GCTaskThread "GC Thread#7" [stack: 0x000000da42800000,0x000000da42900000] [id=1652]
  0x0000024718321b60 ConcurrentGCThread "G1 Main Marker" [stack: 0x000000da40f00000,0x000000da41000000] [id=1904]
  0x0000024718322380 ConcurrentGCThread "G1 Conc#0" [stack: 0x000000da41000000,0x000000da41100000] [id=9352]
  0x0000024739761440 ConcurrentGCThread "G1 Conc#1" [stack: 0x000000da42900000,0x000000da42a00000] [id=2608]
  0x000002471832e4f0 ConcurrentGCThread "G1 Refine#0" [stack: 0x000000da41100000,0x000000da41200000] [id=8644]
  0x000002472f8ebb40 ConcurrentGCThread "G1 Service" [stack: 0x000000da41200000,0x000000da41300000] [id=8052]

Threads with active compile tasks:
C2 CompilerThread1     8211 5390       4       groovyjarjarantlr4.v4.runtime.atn.PredictionContext::getCachedContext (297 bytes)

VM state: not at safepoint (normal execution)

VM Mutex/Monitor currently owned by a thread: None

Heap address: 0x0000000080000000, size: 2048 MB, Compressed Oops mode: 32-bit

CDS archive(s) not mapped
Compressed class space mapped at: 0x0000000100000000-0x0000000140000000, reserved size: 1073741824
Narrow klass base: 0x0000000000000000, Narrow klass shift: 3, Narrow klass range: 0x140000000

GC Precious Log:
 CPUs: 8 total, 8 available
 Memory: 7835M
 Large Page Support: Disabled
 NUMA Support: Disabled
 Compressed Oops: Enabled (32-bit)
 Heap Region Size: 1M
 Heap Min Capacity: 8M
 Heap Initial Capacity: 124M
 Heap Max Capacity: 2G
 Pre-touch: Disabled
 Parallel Workers: 8
 Concurrent Workers: 2
 Concurrent Refinement Workers: 8
 Periodic GC: Disabled

Heap:
 garbage-first heap   total 109568K, used 48533K [0x0000000080000000, 0x0000000100000000)
  region size 1024K, 22 young (22528K), 8 survivors (8192K)
 Metaspace       used 44210K, committed 44672K, reserved 1114112K
  class space    used 4898K, committed 5120K, reserved 1048576K

Heap Regions: E=young(eden), S=young(survivor), O=old, HS=humongous(starts), HC=humongous(continues), CS=collection set, F=free, OA=open archive, CA=closed archive, TAMS=top-at-mark-start (previous, next)
|   0|0x0000000080000000, 0x0000000080100000, 0x0000000080100000|100%|HS|  |TAMS 0x0000000080100000, 0x0000000080000000| Complete 
|   1|0x0000000080100000, 0x0000000080200000, 0x0000000080200000|100%|HS|  |TAMS 0x0000000080200000, 0x0000000080100000| Complete 
|   2|0x0000000080200000, 0x0000000080300000, 0x0000000080300000|100%|HS|  |TAMS 0x0000000080300000, 0x0000000080200000| Complete 
|   3|0x0000000080300000, 0x0000000080400000, 0x0000000080400000|100%| O|  |TAMS 0x0000000080400000, 0x0000000080300000| Untracked 
|   4|0x0000000080400000, 0x0000000080500000, 0x0000000080500000|100%| O|  |TAMS 0x0000000080500000, 0x0000000080400000| Untracked 
|   5|0x0000000080500000, 0x0000000080600000, 0x0000000080600000|100%| O|  |TAMS 0x0000000080600000, 0x0000000080500000| Untracked 
|   6|0x0000000080600000, 0x0000000080700000, 0x0000000080700000|100%| O|  |TAMS 0x0000000080700000, 0x0000000080600000| Untracked 
|   7|0x0000000080700000, 0x0000000080800000, 0x0000000080800000|100%| O|  |TAMS 0x0000000080800000, 0x0000000080700000| Untracked 
|   8|0x0000000080800000, 0x0000000080900000, 0x0000000080900000|100%| O|  |TAMS 0x0000000080900000, 0x0000000080800000| Untracked 
|   9|0x0000000080900000, 0x0000000080a00000, 0x0000000080a00000|100%| O|  |TAMS 0x0000000080a00000, 0x0000000080900000| Untracked 
|  10|0x0000000080a00000, 0x0000000080b00000, 0x0000000080b00000|100%| O|  |TAMS 0x0000000080b00000, 0x0000000080a00000| Untracked 
|  11|0x0000000080b00000, 0x0000000080c00000, 0x0000000080c00000|100%| O|  |TAMS 0x0000000080c00000, 0x0000000080b00000| Untracked 
|  12|0x0000000080c00000, 0x0000000080d00000, 0x0000000080d00000|100%| O|  |TAMS 0x0000000080d00000, 0x0000000080c00000| Untracked 
|  13|0x0000000080d00000, 0x0000000080e00000, 0x0000000080e00000|100%| O|  |TAMS 0x0000000080e00000, 0x0000000080d00000| Untracked 
|  14|0x0000000080e00000, 0x0000000080f00000, 0x0000000080f00000|100%| O|  |TAMS 0x0000000080f00000, 0x0000000080e00000| Untracked 
|  15|0x0000000080f00000, 0x0000000080f4fa00, 0x0000000081000000| 31%| O|  |TAMS 0x0000000080f4fa00, 0x0000000080f00000| Untracked 
|  16|0x0000000081000000, 0x0000000081100000, 0x0000000081100000|100%| O|  |TAMS 0x0000000081100000, 0x0000000081000000| Untracked 
|  17|0x0000000081100000, 0x0000000081200000, 0x0000000081200000|100%| O|  |TAMS 0x0000000081200000, 0x0000000081100000| Untracked 
|  18|0x0000000081200000, 0x0000000081300000, 0x0000000081300000|100%| O|  |TAMS 0x0000000081300000, 0x0000000081200000| Untracked 
|  19|0x0000000081300000, 0x0000000081400000, 0x0000000081400000|100%| O|  |TAMS 0x0000000081400000, 0x0000000081300000| Untracked 
|  20|0x0000000081400000, 0x0000000081500000, 0x0000000081500000|100%| O|  |TAMS 0x0000000081500000, 0x0000000081400000| Untracked 
|  21|0x0000000081500000, 0x0000000081550800, 0x0000000081600000| 31%| O|  |TAMS 0x0000000081500000, 0x0000000081500000| Untracked 
|  22|0x0000000081600000, 0x0000000081600000, 0x0000000081700000|  0%| F|  |TAMS 0x0000000081600000, 0x0000000081600000| Untracked 
|  23|0x0000000081700000, 0x0000000081700000, 0x0000000081800000|  0%| F|  |TAMS 0x0000000081700000, 0x0000000081700000| Untracked 
|  24|0x0000000081800000, 0x0000000081900000, 0x0000000081900000|100%| O|  |TAMS 0x0000000081900000, 0x0000000081800000| Untracked 
|  25|0x0000000081900000, 0x0000000081a00000, 0x0000000081a00000|100%| O|  |TAMS 0x0000000081a00000, 0x0000000081900000| Untracked 
|  26|0x0000000081a00000, 0x0000000081b00000, 0x0000000081b00000|100%| O|  |TAMS 0x0000000081b00000, 0x0000000081a00000| Untracked 
|  27|0x0000000081b00000, 0x0000000081c00000, 0x0000000081c00000|100%| O|  |TAMS 0x0000000081c00000, 0x0000000081b00000| Untracked 
|  28|0x0000000081c00000, 0x0000000081d00000, 0x0000000081d00000|100%| O|  |TAMS 0x0000000081d00000, 0x0000000081c00000| Untracked 
|  29|0x0000000081d00000, 0x0000000081e00000, 0x0000000081e00000|100%| O|  |TAMS 0x0000000081dcb600, 0x0000000081d00000| Untracked 
|  30|0x0000000081e00000, 0x0000000081e00000, 0x0000000081f00000|  0%| F|  |TAMS 0x0000000081e00000, 0x0000000081e00000| Untracked 
|  31|0x0000000081f00000, 0x0000000081f00000, 0x0000000082000000|  0%| F|  |TAMS 0x0000000081f00000, 0x0000000081f00000| Untracked 
|  32|0x0000000082000000, 0x0000000082000000, 0x0000000082100000|  0%| F|  |TAMS 0x0000000082000000, 0x0000000082000000| Untracked 
|  33|0x0000000082100000, 0x0000000082100000, 0x0000000082200000|  0%| F|  |TAMS 0x0000000082100000, 0x0000000082100000| Untracked 
|  34|0x0000000082200000, 0x0000000082200000, 0x0000000082300000|  0%| F|  |TAMS 0x0000000082200000, 0x0000000082200000| Untracked 
|  35|0x0000000082300000, 0x0000000082300000, 0x0000000082400000|  0%| F|  |TAMS 0x0000000082300000, 0x0000000082300000| Untracked 
|  36|0x0000000082400000, 0x0000000082400000, 0x0000000082500000|  0%| F|  |TAMS 0x0000000082400000, 0x0000000082400000| Untracked 
|  37|0x0000000082500000, 0x00000000825c54b0, 0x0000000082600000| 77%| S|CS|TAMS 0x0000000082500000, 0x0000000082500000| Complete 
|  38|0x0000000082600000, 0x0000000082700000, 0x0000000082700000|100%| S|CS|TAMS 0x0000000082600000, 0x0000000082600000| Complete 
|  39|0x0000000082700000, 0x0000000082800000, 0x0000000082800000|100%| S|CS|TAMS 0x0000000082700000, 0x0000000082700000| Complete 
|  40|0x0000000082800000, 0x0000000082900000, 0x0000000082900000|100%| S|CS|TAMS 0x0000000082800000, 0x0000000082800000| Complete 
|  41|0x0000000082900000, 0x0000000082a00000, 0x0000000082a00000|100%| S|CS|TAMS 0x0000000082900000, 0x0000000082900000| Complete 
|  42|0x0000000082a00000, 0x0000000082b00000, 0x0000000082b00000|100%| S|CS|TAMS 0x0000000082a00000, 0x0000000082a00000| Complete 
|  43|0x0000000082b00000, 0x0000000082c00000, 0x0000000082c00000|100%| S|CS|TAMS 0x0000000082b00000, 0x0000000082b00000| Complete 
|  44|0x0000000082c00000, 0x0000000082d00000, 0x0000000082d00000|100%| S|CS|TAMS 0x0000000082c00000, 0x0000000082c00000| Complete 
|  45|0x0000000082d00000, 0x0000000082d00000, 0x0000000082e00000|  0%| F|  |TAMS 0x0000000082d00000, 0x0000000082d00000| Untracked 
|  46|0x0000000082e00000, 0x0000000082e00000, 0x0000000082f00000|  0%| F|  |TAMS 0x0000000082e00000, 0x0000000082e00000| Untracked 
|  47|0x0000000082f00000, 0x0000000082f00000, 0x0000000083000000|  0%| F|  |TAMS 0x0000000082f00000, 0x0000000082f00000| Untracked 
|  48|0x0000000083000000, 0x0000000083000000, 0x0000000083100000|  0%| F|  |TAMS 0x0000000083000000, 0x0000000083000000| Untracked 
|  49|0x0000000083100000, 0x0000000083100000, 0x0000000083200000|  0%| F|  |TAMS 0x0000000083100000, 0x0000000083100000| Untracked 
|  50|0x0000000083200000, 0x0000000083200000, 0x0000000083300000|  0%| F|  |TAMS 0x0000000083200000, 0x0000000083200000| Untracked 
|  51|0x0000000083300000, 0x0000000083300000, 0x0000000083400000|  0%| F|  |TAMS 0x0000000083300000, 0x0000000083300000| Untracked 
|  52|0x0000000083400000, 0x0000000083400000, 0x0000000083500000|  0%| F|  |TAMS 0x0000000083400000, 0x0000000083400000| Untracked 
|  53|0x0000000083500000, 0x0000000083500000, 0x0000000083600000|  0%| F|  |TAMS 0x0000000083500000, 0x0000000083500000| Untracked 
|  54|0x0000000083600000, 0x0000000083600000, 0x0000000083700000|  0%| F|  |TAMS 0x0000000083600000, 0x0000000083600000| Untracked 
|  55|0x0000000083700000, 0x0000000083700000, 0x0000000083800000|  0%| F|  |TAMS 0x0000000083700000, 0x0000000083700000| Untracked 
|  56|0x0000000083800000, 0x0000000083800000, 0x0000000083900000|  0%| F|  |TAMS 0x0000000083800000, 0x0000000083800000| Untracked 
|  57|0x0000000083900000, 0x0000000083900000, 0x0000000083a00000|  0%| F|  |TAMS 0x0000000083900000, 0x0000000083900000| Untracked 
|  58|0x0000000083a00000, 0x0000000083a00000, 0x0000000083b00000|  0%| F|  |TAMS 0x0000000083a00000, 0x0000000083a00000| Untracked 
|  59|0x0000000083b00000, 0x0000000083b00000, 0x0000000083c00000|  0%| F|  |TAMS 0x0000000083b00000, 0x0000000083b00000| Untracked 
|  60|0x0000000083c00000, 0x0000000083c00000, 0x0000000083d00000|  0%| F|  |TAMS 0x0000000083c00000, 0x0000000083c00000| Untracked 
|  61|0x0000000083d00000, 0x0000000083d00000, 0x0000000083e00000|  0%| F|  |TAMS 0x0000000083d00000, 0x0000000083d00000| Untracked 
|  62|0x0000000083e00000, 0x0000000083e00000, 0x0000000083f00000|  0%| F|  |TAMS 0x0000000083e00000, 0x0000000083e00000| Untracked 
|  63|0x0000000083f00000, 0x0000000083f00000, 0x0000000084000000|  0%| F|  |TAMS 0x0000000083f00000, 0x0000000083f00000| Untracked 
|  64|0x0000000084000000, 0x0000000084000000, 0x0000000084100000|  0%| F|  |TAMS 0x0000000084000000, 0x0000000084000000| Untracked 
|  65|0x0000000084100000, 0x0000000084100000, 0x0000000084200000|  0%| F|  |TAMS 0x0000000084100000, 0x0000000084100000| Untracked 
|  66|0x0000000084200000, 0x0000000084200000, 0x0000000084300000|  0%| F|  |TAMS 0x0000000084200000, 0x0000000084200000| Untracked 
|  67|0x0000000084300000, 0x0000000084300000, 0x0000000084400000|  0%| F|  |TAMS 0x0000000084300000, 0x0000000084300000| Untracked 
|  68|0x0000000084400000, 0x0000000084400000, 0x0000000084500000|  0%| F|  |TAMS 0x0000000084400000, 0x0000000084400000| Untracked 
|  69|0x0000000084500000, 0x0000000084500000, 0x0000000084600000|  0%| F|  |TAMS 0x0000000084500000, 0x0000000084500000| Untracked 
|  70|0x0000000084600000, 0x0000000084600000, 0x0000000084700000|  0%| F|  |TAMS 0x0000000084600000, 0x0000000084600000| Untracked 
|  71|0x0000000084700000, 0x0000000084700000, 0x0000000084800000|  0%| F|  |TAMS 0x0000000084700000, 0x0000000084700000| Untracked 
|  72|0x0000000084800000, 0x0000000084800000, 0x0000000084900000|  0%| F|  |TAMS 0x0000000084800000, 0x0000000084800000| Untracked 
|  73|0x0000000084900000, 0x0000000084900000, 0x0000000084a00000|  0%| F|  |TAMS 0x0000000084900000, 0x0000000084900000| Untracked 
|  74|0x0000000084a00000, 0x0000000084a00000, 0x0000000084b00000|  0%| F|  |TAMS 0x0000000084a00000, 0x0000000084a00000| Untracked 
|  75|0x0000000084b00000, 0x0000000084b00000, 0x0000000084c00000|  0%| F|  |TAMS 0x0000000084b00000, 0x0000000084b00000| Untracked 
|  76|0x0000000084c00000, 0x0000000084c00000, 0x0000000084d00000|  0%| F|  |TAMS 0x0000000084c00000, 0x0000000084c00000| Untracked 
|  77|0x0000000084d00000, 0x0000000084d00000, 0x0000000084e00000|  0%| F|  |TAMS 0x0000000084d00000, 0x0000000084d00000| Untracked 
|  78|0x0000000084e00000, 0x0000000084e00000, 0x0000000084f00000|  0%| F|  |TAMS 0x0000000084e00000, 0x0000000084e00000| Untracked 
|  79|0x0000000084f00000, 0x0000000084f00000, 0x0000000085000000|  0%| F|  |TAMS 0x0000000084f00000, 0x0000000084f00000| Untracked 
|  80|0x0000000085000000, 0x0000000085000000, 0x0000000085100000|  0%| F|  |TAMS 0x0000000085000000, 0x0000000085000000| Untracked 
|  81|0x0000000085100000, 0x0000000085100000, 0x0000000085200000|  0%| F|  |TAMS 0x0000000085100000, 0x0000000085100000| Untracked 
|  82|0x0000000085200000, 0x0000000085200000, 0x0000000085300000|  0%| F|  |TAMS 0x0000000085200000, 0x0000000085200000| Untracked 
|  83|0x0000000085300000, 0x0000000085300000, 0x0000000085400000|  0%| F|  |TAMS 0x0000000085300000, 0x0000000085300000| Untracked 
|  84|0x0000000085400000, 0x0000000085400000, 0x0000000085500000|  0%| F|  |TAMS 0x0000000085400000, 0x0000000085400000| Untracked 
|  85|0x0000000085500000, 0x0000000085500000, 0x0000000085600000|  0%| F|  |TAMS 0x0000000085500000, 0x0000000085500000| Untracked 
|  86|0x0000000085600000, 0x0000000085600000, 0x0000000085700000|  0%| F|  |TAMS 0x0000000085600000, 0x0000000085600000| Untracked 
|  87|0x0000000085700000, 0x0000000085700000, 0x0000000085800000|  0%| F|  |TAMS 0x0000000085700000, 0x0000000085700000| Untracked 
|  88|0x0000000085800000, 0x0000000085800000, 0x0000000085900000|  0%| F|  |TAMS 0x0000000085800000, 0x0000000085800000| Untracked 
|  89|0x0000000085900000, 0x0000000085900000, 0x0000000085a00000|  0%| F|  |TAMS 0x0000000085900000, 0x0000000085900000| Untracked 
|  90|0x0000000085a00000, 0x0000000085a00000, 0x0000000085b00000|  0%| F|  |TAMS 0x0000000085a00000, 0x0000000085a00000| Untracked 
|  91|0x0000000085b00000, 0x0000000085b00000, 0x0000000085c00000|  0%| F|  |TAMS 0x0000000085b00000, 0x0000000085b00000| Untracked 
|  92|0x0000000085c00000, 0x0000000085c00000, 0x0000000085d00000|  0%| F|  |TAMS 0x0000000085c00000, 0x0000000085c00000| Untracked 
|  93|0x0000000085d00000, 0x0000000085d80800, 0x0000000085e00000| 50%| E|  |TAMS 0x0000000085d00000, 0x0000000085d00000| Complete 
|  94|0x0000000085e00000, 0x0000000085f00000, 0x0000000085f00000|100%| E|CS|TAMS 0x0000000085e00000, 0x0000000085e00000| Complete 
|  95|0x0000000085f00000, 0x0000000086000000, 0x0000000086000000|100%| E|CS|TAMS 0x0000000085f00000, 0x0000000085f00000| Complete 
|  96|0x0000000086000000, 0x0000000086100000, 0x0000000086100000|100%| E|CS|TAMS 0x0000000086000000, 0x0000000086000000| Complete 
|  97|0x0000000086100000, 0x0000000086200000, 0x0000000086200000|100%| E|CS|TAMS 0x0000000086100000, 0x0000000086100000| Complete 
|  98|0x0000000086200000, 0x0000000086300000, 0x0000000086300000|100%| E|CS|TAMS 0x0000000086200000, 0x0000000086200000| Complete 
|  99|0x0000000086300000, 0x0000000086400000, 0x0000000086400000|100%| E|CS|TAMS 0x0000000086300000, 0x0000000086300000| Complete 
| 100|0x0000000086400000, 0x0000000086500000, 0x0000000086500000|100%| E|CS|TAMS 0x0000000086400000, 0x0000000086400000| Complete 
| 101|0x0000000086500000, 0x0000000086600000, 0x0000000086600000|100%| E|CS|TAMS 0x0000000086500000, 0x0000000086500000| Complete 
| 102|0x0000000086600000, 0x0000000086700000, 0x0000000086700000|100%| E|CS|TAMS 0x0000000086600000, 0x0000000086600000| Complete 
| 103|0x0000000086700000, 0x0000000086800000, 0x0000000086800000|100%| E|CS|TAMS 0x0000000086700000, 0x0000000086700000| Complete 
| 104|0x0000000086800000, 0x0000000086900000, 0x0000000086900000|100%| E|CS|TAMS 0x0000000086800000, 0x0000000086800000| Complete 
| 105|0x0000000086900000, 0x0000000086a00000, 0x0000000086a00000|100%| E|CS|TAMS 0x0000000086900000, 0x0000000086900000| Complete 
| 123|0x0000000087b00000, 0x0000000087c00000, 0x0000000087c00000|100%| E|CS|TAMS 0x0000000087b00000, 0x0000000087b00000| Complete 

Card table byte_map: [0x000002472b060000,0x000002472b460000] _byte_map_base: 0x000002472ac60000

Marking Bits (Prev, Next): (CMBitMap*) 0x0000024718310a90, (CMBitMap*) 0x0000024718310ad0
 Prev Bits: [0x000002472b860000, 0x000002472d860000)
 Next Bits: [0x000002472d860000, 0x000002472f860000)

Polling page: 0x0000024717a30000

Metaspace:

Usage:
  Non-class:     38.39 MB used.
      Class:      4.78 MB used.
       Both:     43.17 MB used.

Virtual space:
  Non-class space:       64.00 MB reserved,      38.62 MB ( 60%) committed,  1 nodes.
      Class space:        1.00 GB reserved,       5.00 MB ( <1%) committed,  1 nodes.
             Both:        1.06 GB reserved,      43.62 MB (  4%) committed. 

Chunk freelists:
   Non-Class:  8.63 MB
       Class:  10.84 MB
        Both:  19.46 MB

MaxMetaspaceSize: unlimited
CompressedClassSpaceSize: 1.00 GB
Initial GC threshold: 21.00 MB
Current GC threshold: 58.75 MB
CDS: off
MetaspaceReclaimPolicy: balanced
 - commit_granule_bytes: 65536.
 - commit_granule_words: 8192.
 - virtual_space_node_default_size: 8388608.
 - enlarge_chunks_in_place: 1.
 - new_chunks_are_fully_committed: 0.
 - uncommit_free_chunks: 1.
 - use_allocation_guard: 0.
 - handle_deallocations: 1.


Internal statistics:

num_allocs_failed_limit: 6.
num_arena_births: 630.
num_arena_deaths: 0.
num_vsnodes_births: 2.
num_vsnodes_deaths: 0.
num_space_committed: 698.
num_space_uncommitted: 0.
num_chunks_returned_to_freelist: 6.
num_chunks_taken_from_freelist: 1710.
num_chunk_merges: 6.
num_chunk_splits: 1169.
num_chunks_enlarged: 801.
num_inconsistent_stats: 0.

CodeHeap 'non-profiled nmethods': size=120000Kb used=3235Kb max_used=3235Kb free=116764Kb
 bounds [0x00000247233f0000, 0x0000024723720000, 0x000002472a920000]
CodeHeap 'profiled nmethods': size=120000Kb used=8777Kb max_used=8777Kb free=111222Kb
 bounds [0x000002471b920000, 0x000002471c1c0000, 0x0000024722e50000]
CodeHeap 'non-nmethods': size=5760Kb used=2313Kb max_used=2444Kb free=3446Kb
 bounds [0x0000024722e50000, 0x00000247230f0000, 0x00000247233f0000]
 total_blobs=5509 nmethods=4679 adapters=742
 compilation: enabled
              stopped_count=0, restarted_count=0
 full_count=0

Compilation events (20 events):
Event: 8.147 Thread 0x0000024732393590 5443       3       com.google.common.collect.ImmutableCollection::<init> (5 bytes)
Event: 8.147 Thread 0x0000024732393590 nmethod 5443 0x000002471c1aa890 code [0x000002471c1aaa40, 0x000002471c1aabf8]
Event: 8.147 Thread 0x0000024732393590 5444       3       com.google.common.collect.ImmutableMap$Builder::ensureCapacity (38 bytes)
Event: 8.147 Thread 0x0000024732393590 nmethod 5444 0x000002471c1aad10 code [0x000002471c1aaee0, 0x000002471c1ab298]
Event: 8.147 Thread 0x0000024732393590 5445       3       com.google.common.collect.ImmutableMap::entryOf (10 bytes)
Event: 8.147 Thread 0x0000024732390f80 5448       4       java.util.stream.IntPipeline$1$1::accept (23 bytes)
Event: 8.147 Thread 0x0000024732393590 nmethod 5445 0x000002471c1ab410 code [0x000002471c1ab5e0, 0x000002471c1ab9a8]
Event: 8.148 Thread 0x0000024732393590 5447       3       org.openqa.selenium.json.JsonOutput::lambda$asString$31 (36 bytes)
Event: 8.148 Thread 0x0000024732393590 nmethod 5447 0x000002471c1abb10 code [0x000002471c1abd80, 0x000002471c1ac7f8]
Event: 8.148 Thread 0x0000024732390f80 nmethod 5448 0x0000024723718910 code [0x0000024723718aa0, 0x0000024723718b78]
Event: 8.148 Thread 0x0000024732393590 5446       3       com.google.common.collect.ImmutableMap$Builder::put (35 bytes)
Event: 8.149 Thread 0x0000024732393590 nmethod 5446 0x000002471c1acb90 code [0x000002471c1acd80, 0x000002471c1ad3d8]
Event: 8.149 Thread 0x0000024732393590 5449       3       java.util.Objects::nonNull (10 bytes)
Event: 8.149 Thread 0x0000024732393590 nmethod 5449 0x000002471c1ad610 code [0x000002471c1ad7a0, 0x000002471c1ad8f8]
Event: 8.150 Thread 0x0000024732393590 5450       3       okio.Buffer::writeUtf8 (543 bytes)
Event: 8.153 Thread 0x0000024732393590 nmethod 5450 0x000002471c1ad990 code [0x000002471c1adfc0, 0x000002471c1b0ed8]
Event: 8.153 Thread 0x0000024732393590 5451       3       okio.Buffer::writableSegment (92 bytes)
Event: 8.154 Thread 0x0000024732393590 nmethod 5451 0x000002471c1b2110 code [0x000002471c1b2320, 0x000002471c1b29c8]
Event: 8.154 Thread 0x0000024732393590 5452       3       okio.RealBufferedSink::emitCompleteSegments (47 bytes)
Event: 8.154 Thread 0x0000024732393590 nmethod 5452 0x000002471c1b2c10 code [0x000002471c1b2de0, 0x000002471c1b3148]

GC Heap History (20 events):
Event: 2.167 GC heap before
{Heap before GC invocations=5 (full 0):
 garbage-first heap   total 75776K, used 58686K [0x0000000080000000, 0x0000000100000000)
  region size 1024K, 43 young (44032K), 5 survivors (5120K)
 Metaspace       used 22097K, committed 22336K, reserved 1114112K
  class space    used 2310K, committed 2432K, reserved 1048576K
}
Event: 2.174 GC heap after
{Heap after GC invocations=6 (full 0):
 garbage-first heap   total 75776K, used 21723K [0x0000000080000000, 0x0000000100000000)
  region size 1024K, 6 young (6144K), 6 survivors (6144K)
 Metaspace       used 22097K, committed 22336K, reserved 1114112K
  class space    used 2310K, committed 2432K, reserved 1048576K
}
Event: 2.505 GC heap before
{Heap before GC invocations=6 (full 0):
 garbage-first heap   total 75776K, used 52443K [0x0000000080000000, 0x0000000100000000)
  region size 1024K, 36 young (36864K), 6 survivors (6144K)
 Metaspace       used 24352K, committed 24640K, reserved 1114112K
  class space    used 2526K, committed 2688K, reserved 1048576K
}
Event: 2.514 GC heap after
{Heap after GC invocations=7 (full 0):
 garbage-first heap   total 91136K, used 23337K [0x0000000080000000, 0x0000000100000000)
  region size 1024K, 4 young (4096K), 4 survivors (4096K)
 Metaspace       used 24352K, committed 24640K, reserved 1114112K
  class space    used 2526K, committed 2688K, reserved 1048576K
}
Event: 3.275 GC heap before
{Heap before GC invocations=7 (full 0):
 garbage-first heap   total 91136K, used 65321K [0x0000000080000000, 0x0000000100000000)
  region size 1024K, 45 young (46080K), 4 survivors (4096K)
 Metaspace       used 31540K, committed 31936K, reserved 1114112K
  class space    used 3367K, committed 3520K, reserved 1048576K
}
Event: 3.283 GC heap after
{Heap after GC invocations=8 (full 0):
 garbage-first heap   total 91136K, used 26775K [0x0000000080000000, 0x0000000100000000)
  region size 1024K, 6 young (6144K), 6 survivors (6144K)
 Metaspace       used 31540K, committed 31936K, reserved 1114112K
  class space    used 3367K, committed 3520K, reserved 1048576K
}
Event: 3.419 GC heap before
{Heap before GC invocations=8 (full 0):
 garbage-first heap   total 91136K, used 68759K [0x0000000080000000, 0x0000000100000000)
  region size 1024K, 45 young (46080K), 6 survivors (6144K)
 Metaspace       used 32737K, committed 33088K, reserved 1114112K
  class space    used 3447K, committed 3648K, reserved 1048576K
}
Event: 3.426 GC heap after
{Heap after GC invocations=9 (full 0):
 garbage-first heap   total 91136K, used 27756K [0x0000000080000000, 0x0000000100000000)
  region size 1024K, 1 young (1024K), 1 survivors (1024K)
 Metaspace       used 32737K, committed 33088K, reserved 1114112K
  class space    used 3447K, committed 3648K, reserved 1048576K
}
Event: 3.678 GC heap before
{Heap before GC invocations=9 (full 0):
 garbage-first heap   total 91136K, used 69740K [0x0000000080000000, 0x0000000100000000)
  region size 1024K, 42 young (43008K), 1 survivors (1024K)
 Metaspace       used 34591K, committed 35008K, reserved 1114112K
  class space    used 3658K, committed 3840K, reserved 1048576K
}
Event: 3.681 GC heap after
{Heap after GC invocations=10 (full 0):
 garbage-first heap   total 91136K, used 28107K [0x0000000080000000, 0x0000000100000000)
  region size 1024K, 2 young (2048K), 2 survivors (2048K)
 Metaspace       used 34591K, committed 35008K, reserved 1114112K
  class space    used 3658K, committed 3840K, reserved 1048576K
}
Event: 3.912 GC heap before
{Heap before GC invocations=10 (full 0):
 garbage-first heap   total 91136K, used 70091K [0x0000000080000000, 0x0000000100000000)
  region size 1024K, 43 young (44032K), 2 survivors (2048K)
 Metaspace       used 35018K, committed 35456K, reserved 1114112K
  class space    used 3697K, committed 3904K, reserved 1048576K
}
Event: 3.915 GC heap after
{Heap after GC invocations=11 (full 0):
 garbage-first heap   total 91136K, used 28541K [0x0000000080000000, 0x0000000100000000)
  region size 1024K, 2 young (2048K), 2 survivors (2048K)
 Metaspace       used 35018K, committed 35456K, reserved 1114112K
  class space    used 3697K, committed 3904K, reserved 1048576K
}
Event: 4.118 GC heap before
{Heap before GC invocations=11 (full 0):
 garbage-first heap   total 91136K, used 72573K [0x0000000080000000, 0x0000000100000000)
  region size 1024K, 45 young (46080K), 2 survivors (2048K)
 Metaspace       used 35093K, committed 35520K, reserved 1114112K
  class space    used 3697K, committed 3904K, reserved 1048576K
}
Event: 4.122 GC heap after
{Heap after GC invocations=12 (full 0):
 garbage-first heap   total 109568K, used 28942K [0x0000000080000000, 0x0000000100000000)
  region size 1024K, 3 young (3072K), 3 survivors (3072K)
 Metaspace       used 35093K, committed 35520K, reserved 1114112K
  class space    used 3697K, committed 3904K, reserved 1048576K
}
Event: 4.250 GC heap before
{Heap before GC invocations=12 (full 0):
 garbage-first heap   total 109568K, used 81166K [0x0000000080000000, 0x0000000100000000)
  region size 1024K, 54 young (55296K), 3 survivors (3072K)
 Metaspace       used 35186K, committed 35584K, reserved 1114112K
  class space    used 3704K, committed 3904K, reserved 1048576K
}
Event: 4.253 GC heap after
{Heap after GC invocations=13 (full 0):
 garbage-first heap   total 109568K, used 29550K [0x0000000080000000, 0x0000000100000000)
  region size 1024K, 3 young (3072K), 3 survivors (3072K)
 Metaspace       used 35186K, committed 35584K, reserved 1114112K
  class space    used 3704K, committed 3904K, reserved 1048576K
}
Event: 4.318 GC heap before
{Heap before GC invocations=13 (full 0):
 garbage-first heap   total 109568K, used 42862K [0x0000000080000000, 0x0000000100000000)
  region size 1024K, 17 young (17408K), 3 survivors (3072K)
 Metaspace       used 35530K, committed 35968K, reserved 1114112K
  class space    used 3736K, committed 3968K, reserved 1048576K
}
Event: 4.324 GC heap after
{Heap after GC invocations=14 (full 0):
 garbage-first heap   total 109568K, used 31580K [0x0000000080000000, 0x0000000100000000)
  region size 1024K, 5 young (5120K), 5 survivors (5120K)
 Metaspace       used 35530K, committed 35968K, reserved 1114112K
  class space    used 3736K, committed 3968K, reserved 1048576K
}
Event: 5.539 GC heap before
{Heap before GC invocations=15 (full 0):
 garbage-first heap   total 109568K, used 88924K [0x0000000080000000, 0x0000000100000000)
  region size 1024K, 62 young (63488K), 5 survivors (5120K)
 Metaspace       used 43314K, committed 43776K, reserved 1114112K
  class space    used 4792K, committed 4992K, reserved 1048576K
}
Event: 5.551 GC heap after
{Heap after GC invocations=16 (full 0):
 garbage-first heap   total 109568K, used 35221K [0x0000000080000000, 0x0000000100000000)
  region size 1024K, 8 young (8192K), 8 survivors (8192K)
 Metaspace       used 43314K, committed 43776K, reserved 1114112K
  class space    used 4792K, committed 4992K, reserved 1048576K
}

Dll operation events (7 events):
Event: 0.018 Loaded shared library C:\Users\Mary Joy Bisnar\.katalon\packages\Katalon_Studio_Windows_64-9.6.0\Katalon_Studio_Windows_64-9.6.0\jre\bin\java.dll
Event: 0.284 Loaded shared library C:\Users\Mary Joy Bisnar\.katalon\packages\Katalon_Studio_Windows_64-9.6.0\Katalon_Studio_Windows_64-9.6.0\jre\bin\net.dll
Event: 0.286 Loaded shared library C:\Users\Mary Joy Bisnar\.katalon\packages\Katalon_Studio_Windows_64-9.6.0\Katalon_Studio_Windows_64-9.6.0\jre\bin\nio.dll
Event: 0.293 Loaded shared library C:\Users\Mary Joy Bisnar\.katalon\packages\Katalon_Studio_Windows_64-9.6.0\Katalon_Studio_Windows_64-9.6.0\jre\bin\zip.dll
Event: 0.610 Loaded shared library C:\Users\Mary Joy Bisnar\.katalon\packages\Katalon_Studio_Windows_64-9.6.0\Katalon_Studio_Windows_64-9.6.0\jre\bin\verify.dll
Event: 0.811 Loaded shared library C:\Users\Mary Joy Bisnar\.katalon\packages\Katalon_Studio_Windows_64-9.6.0\Katalon_Studio_Windows_64-9.6.0\jre\bin\jimage.dll
Event: 4.814 Loaded shared library C:\Users\Mary Joy Bisnar\.katalon\packages\Katalon_Studio_Windows_64-9.6.0\Katalon_Studio_Windows_64-9.6.0\jre\bin\sunmscapi.dll

Deoptimization events (20 events):
Event: 5.403 Thread 0x00000247182cc650 Uncommon trap: trap_request=0xffffffc6 fr.pc=0x000002472348fe58 relative=0x0000000000000ab8
Event: 5.403 Thread 0x00000247182cc650 Uncommon trap: reason=bimorphic_or_optimized_type_check action=maybe_recompile pc=0x000002472348fe58 method=java.util.regex.Matcher.search(I)Z @ 121 c2
Event: 5.403 Thread 0x00000247182cc650 DEOPT PACKING pc=0x000002472348fe58 sp=0x000000da40dfad60
Event: 5.403 Thread 0x00000247182cc650 DEOPT UNPACKING pc=0x0000024722ea69a3 sp=0x000000da40dfacb8 mode 2
Event: 5.404 Thread 0x00000247182cc650 Uncommon trap: trap_request=0xffffff45 fr.pc=0x0000024723565068 relative=0x0000000000000228
Event: 5.404 Thread 0x00000247182cc650 Uncommon trap: reason=unstable_if action=reinterpret pc=0x0000024723565068 method=java.util.regex.Pattern$BmpCharProperty.match(Ljava/util/regex/Matcher;ILjava/lang/CharSequence;)Z @ 5 c2
Event: 5.404 Thread 0x00000247182cc650 DEOPT PACKING pc=0x0000024723565068 sp=0x000000da40dfab90
Event: 5.404 Thread 0x00000247182cc650 DEOPT UNPACKING pc=0x0000024722ea69a3 sp=0x000000da40dfab28 mode 2
Event: 5.404 Thread 0x00000247182cc650 Uncommon trap: trap_request=0xffffffc6 fr.pc=0x000002472348fe58 relative=0x0000000000000ab8
Event: 5.404 Thread 0x00000247182cc650 Uncommon trap: reason=bimorphic_or_optimized_type_check action=maybe_recompile pc=0x000002472348fe58 method=java.util.regex.Matcher.search(I)Z @ 121 c2
Event: 5.404 Thread 0x00000247182cc650 DEOPT PACKING pc=0x000002472348fe58 sp=0x000000da40dfae30
Event: 5.404 Thread 0x00000247182cc650 DEOPT UNPACKING pc=0x0000024722ea69a3 sp=0x000000da40dfad88 mode 2
Event: 5.404 Thread 0x00000247182cc650 Uncommon trap: trap_request=0xffffffc6 fr.pc=0x000002472348fe58 relative=0x0000000000000ab8
Event: 5.404 Thread 0x00000247182cc650 Uncommon trap: reason=bimorphic_or_optimized_type_check action=maybe_recompile pc=0x000002472348fe58 method=java.util.regex.Matcher.search(I)Z @ 121 c2
Event: 5.404 Thread 0x00000247182cc650 DEOPT PACKING pc=0x000002472348fe58 sp=0x000000da40dfaf10
Event: 5.404 Thread 0x00000247182cc650 DEOPT UNPACKING pc=0x0000024722ea69a3 sp=0x000000da40dfae68 mode 2
Event: 5.404 Thread 0x00000247182cc650 Uncommon trap: trap_request=0xffffffc6 fr.pc=0x000002472348fe58 relative=0x0000000000000ab8
Event: 5.404 Thread 0x00000247182cc650 Uncommon trap: reason=bimorphic_or_optimized_type_check action=maybe_recompile pc=0x000002472348fe58 method=java.util.regex.Matcher.search(I)Z @ 121 c2
Event: 5.404 Thread 0x00000247182cc650 DEOPT PACKING pc=0x000002472348fe58 sp=0x000000da40dfad60
Event: 5.404 Thread 0x00000247182cc650 DEOPT UNPACKING pc=0x0000024722ea69a3 sp=0x000000da40dfacb8 mode 2

Classes unloaded (0 events):
No events

Classes redefined (0 events):
No events

Internal exceptions (20 events):
Event: 5.121 Thread 0x00000247328521f0 Exception <a 'java/net/ConnectException'{0x0000000083d8ed58}: Connection refused: no further information> (0x0000000083d8ed58) 
thrown [s\src\hotspot\share\prims\jni.cpp, line 535]
Event: 5.121 Thread 0x00000247328521f0 Exception <a 'java/net/SocketException'{0x0000000083d8f090}: Socket is not connected: shutdown> (0x0000000083d8f090) 
thrown [s\src\hotspot\share\prims\jni.cpp, line 535]
Event: 5.166 Thread 0x00000247328521f0 Exception <a 'java/net/ConnectException'{0x0000000083d8ffa8}: Connection refused: no further information> (0x0000000083d8ffa8) 
thrown [s\src\hotspot\share\prims\jni.cpp, line 535]
Event: 5.166 Thread 0x00000247328521f0 Exception <a 'java/net/SocketException'{0x0000000083d902e0}: Socket is not connected: shutdown> (0x0000000083d902e0) 
thrown [s\src\hotspot\share\prims\jni.cpp, line 535]
Event: 5.283 Thread 0x00000247182cc650 Exception <a 'java/lang/IncompatibleClassChangeError'{0x0000000083cee920}: Found class java.lang.Object, but interface was expected> (0x0000000083cee920) 
thrown [s\src\hotspot\share\interpreter\linkResolver.cpp, line 826]
Event: 5.284 Thread 0x00000247182cc650 Exception <a 'java/lang/NoSuchMethodError'{0x0000000083cf5258}: 'int java.lang.invoke.DirectMethodHandle$Holder.invokeSpecialIFC(java.lang.Object, java.lang.Object, java.lang.Object, java.lang.Object)'> (0x0000000083cf5258) 
thrown [s\src\hotspot\share\interpreter\linkResolver.cpp, line 759]
Event: 5.295 Thread 0x00000247182cc650 Exception <a 'java/lang/NoSuchMethodError'{0x0000000083b87630}: 'double java.lang.invoke.DirectMethodHandle$Holder.invokeVirtual(java.lang.Object, java.lang.Object)'> (0x0000000083b87630) 
thrown [s\src\hotspot\share\interpreter\linkResolver.cpp, line 759]
Event: 5.296 Thread 0x00000247182cc650 Exception <a 'java/lang/NoSuchMethodError'{0x0000000083b8e058}: 'float java.lang.invoke.DirectMethodHandle$Holder.invokeVirtual(java.lang.Object, java.lang.Object)'> (0x0000000083b8e058) 
thrown [s\src\hotspot\share\interpreter\linkResolver.cpp, line 759]
Event: 5.296 Thread 0x00000247182cc650 Exception <a 'java/lang/NoSuchMethodError'{0x0000000083b972c0}: 'long java.lang.invoke.DirectMethodHandle$Holder.invokeVirtual(java.lang.Object, java.lang.Object)'> (0x0000000083b972c0) 
thrown [s\src\hotspot\share\interpreter\linkResolver.cpp, line 759]
Event: 5.401 Thread 0x00000247182cc650 Exception <a 'java/lang/NoSuchMethodError'{0x000000008350c2b0}: 'void java.lang.invoke.DirectMethodHandle$Holder.invokeInterface(java.lang.Object, java.lang.Object, java.lang.Object)'> (0x000000008350c2b0) 
thrown [s\src\hotspot\share\interpreter\linkResolver.cpp, line 759]
Event: 5.402 Thread 0x000002473aceeee0 Exception <a 'java/lang/NoSuchMethodError'{0x0000000083582518}: 'void java.lang.invoke.DirectMethodHandle$Holder.invokeInterface(java.lang.Object, java.lang.Object, java.lang.Object)'> (0x0000000083582518) 
thrown [s\src\hotspot\share\interpreter\linkResolver.cpp, line 759]
Event: 6.233 Thread 0x00000247182cc650 Exception <a 'java/lang/NoSuchMethodError'{0x0000000087bf9540}: 'java.lang.Object java.lang.invoke.DirectMethodHandle$Holder.invokeSpecialIFC(java.lang.Object, java.lang.Object, java.lang.Object)'> (0x0000000087bf9540) 
thrown [s\src\hotspot\share\interpreter\linkResolver.cpp, line 759]
Event: 6.345 Thread 0x00000247182cc650 Exception <a 'java/lang/ClassNotFoundException'{0x00000000865a96e8}: com/kms/katalon/core/webui/keyword/builtin/NavigateToUrlKeywordBeanInfo> (0x00000000865a96e8) 
thrown [s\src\hotspot\share\classfile\systemDictionary.cpp, line 256]
Event: 6.347 Thread 0x00000247182cc650 Exception <a 'java/lang/ClassNotFoundException'{0x00000000865e0590}: com/kms/katalon/core/webui/keyword/builtin/NavigateToUrlKeywordCustomizer> (0x00000000865e0590) 
thrown [s\src\hotspot\share\classfile\systemDictionary.cpp, line 256]
Event: 7.816 Thread 0x00000247182cc650 Exception <a 'java/lang/ClassNotFoundException'{0x0000000086397d50}: com/kms/katalon/core/testobject/ObjectRepositoryBeanInfo> (0x0000000086397d50) 
thrown [s\src\hotspot\share\classfile\systemDictionary.cpp, line 256]
Event: 7.819 Thread 0x00000247182cc650 Exception <a 'java/lang/ClassNotFoundException'{0x00000000863cb460}: com/kms/katalon/core/testobject/ObjectRepositoryCustomizer> (0x00000000863cb460) 
thrown [s\src\hotspot\share\classfile\systemDictionary.cpp, line 256]
Event: 7.877 Thread 0x00000247182cc650 Exception <a 'java/lang/ClassNotFoundException'{0x0000000086062d58}: Script1BeanInfo> (0x0000000086062d58) 
thrown [s\src\hotspot\share\classfile\systemDictionary.cpp, line 256]
Event: 7.881 Thread 0x00000247182cc650 Exception <a 'java/lang/ClassNotFoundException'{0x0000000086096e40}: Script1Customizer> (0x0000000086096e40) 
thrown [s\src\hotspot\share\classfile\systemDictionary.cpp, line 256]
Event: 7.913 Thread 0x00000247182cc650 Exception <a 'java/lang/ClassNotFoundException'{0x0000000085e2c898}: com/kms/katalon/core/webui/keyword/builtin/SetTextKeywordBeanInfo> (0x0000000085e2c898) 
thrown [s\src\hotspot\share\classfile\systemDictionary.cpp, line 256]
Event: 7.915 Thread 0x00000247182cc650 Exception <a 'java/lang/ClassNotFoundException'{0x0000000085e627f8}: com/kms/katalon/core/webui/keyword/builtin/SetTextKeywordCustomizer> (0x0000000085e627f8) 
thrown [s\src\hotspot\share\classfile\systemDictionary.cpp, line 256]

VM Operations (20 events):
Event: 4.885 Executing VM operation: HandshakeAllThreads
Event: 4.885 Executing VM operation: HandshakeAllThreads done
Event: 4.886 Executing VM operation: HandshakeAllThreads
Event: 4.886 Executing VM operation: HandshakeAllThreads done
Event: 5.264 Executing VM operation: HandshakeAllThreads
Event: 5.264 Executing VM operation: HandshakeAllThreads done
Event: 5.265 Executing VM operation: HandshakeAllThreads
Event: 5.265 Executing VM operation: HandshakeAllThreads done
Event: 5.267 Executing VM operation: HandshakeAllThreads
Event: 5.267 Executing VM operation: HandshakeAllThreads done
Event: 5.295 Executing VM operation: HandshakeAllThreads
Event: 5.295 Executing VM operation: HandshakeAllThreads done
Event: 5.539 Executing VM operation: G1CollectForAllocation
Event: 5.551 Executing VM operation: G1CollectForAllocation done
Event: 6.270 Executing VM operation: HandshakeAllThreads
Event: 6.270 Executing VM operation: HandshakeAllThreads done
Event: 7.270 Executing VM operation: Cleanup
Event: 7.270 Executing VM operation: Cleanup done
Event: 7.831 Executing VM operation: HandshakeAllThreads
Event: 7.831 Executing VM operation: HandshakeAllThreads done

Events (20 events):
Event: 5.509 loading class java/net/ProtocolException done
Event: 5.509 loading class java/net/HttpRetryException
Event: 5.509 loading class java/net/HttpRetryException done
Event: 5.526 loading class java/net/UnknownServiceException
Event: 5.526 loading class java/net/UnknownServiceException done
Event: 5.537 Thread 0x000002473838a7a0 Thread added: 0x000002473838a7a0
Event: 5.555 Thread 0x000002473838b140 Thread added: 0x000002473838b140
Event: 6.228 loading class jdk/internal/access/foreign/MemorySegmentProxy
Event: 6.228 loading class jdk/internal/access/foreign/MemorySegmentProxy done
Event: 6.252 loading class java/util/UUID$Holder
Event: 6.252 loading class java/util/UUID$Holder done
Event: 6.329 loading class java/lang/StackTraceElement$HashedModules
Event: 6.330 loading class java/lang/StackTraceElement$HashedModules done
Event: 6.356 loading class sun/net/www/protocol/https/Handler
Event: 6.356 loading class sun/net/www/protocol/https/Handler done
Event: 7.793 Thread 0x0000024737686020 Thread exited: 0x0000024737686020
Event: 7.794 Thread 0x0000024732809c90 Thread exited: 0x0000024732809c90
Event: 7.835 Thread 0x000002473bceed50 Thread added: 0x000002473bceed50
Event: 7.835 Thread 0x000002473bcefc80 Thread added: 0x000002473bcefc80
Event: 8.146 Thread 0x000002473bcefc80 Thread exited: 0x000002473bcefc80


Dynamic libraries:
0x00007ff7cb050000 - 0x00007ff7cb05e000 	C:\Users\Mary Joy Bisnar\.katalon\packages\Katalon_Studio_Windows_64-9.6.0\Katalon_Studio_Windows_64-9.6.0\jre\bin\javaw.exe
0x00007ff985230000 - 0x00007ff985447000 	C:\WINDOWS\SYSTEM32\ntdll.dll
0x00007ff9839a0000 - 0x00007ff983a64000 	C:\WINDOWS\System32\KERNEL32.DLL
0x00007ff982700000 - 0x00007ff982aac000 	C:\WINDOWS\System32\KERNELBASE.dll
0x00007ff982db0000 - 0x00007ff982ec1000 	C:\WINDOWS\System32\ucrtbase.dll
0x00007ff97efa0000 - 0x00007ff97efb9000 	C:\Users\Mary Joy Bisnar\.katalon\packages\Katalon_Studio_Windows_64-9.6.0\Katalon_Studio_Windows_64-9.6.0\jre\bin\VCRUNTIME140.dll
0x00007ff97c4e0000 - 0x00007ff97c4f7000 	C:\Users\Mary Joy Bisnar\.katalon\packages\Katalon_Studio_Windows_64-9.6.0\Katalon_Studio_Windows_64-9.6.0\jre\bin\jli.dll
0x00007ff983400000 - 0x00007ff9835ae000 	C:\WINDOWS\System32\USER32.dll
0x00007ff982d80000 - 0x00007ff982da6000 	C:\WINDOWS\System32\win32u.dll
0x00007ff983180000 - 0x00007ff9831a9000 	C:\WINDOWS\System32\GDI32.dll
0x00007ff965750000 - 0x00007ff9659e3000 	C:\WINDOWS\WinSxS\amd64_microsoft.windows.common-controls_6595b64144ccf1df_6.0.22621.3672_none_2713b9d173822955\COMCTL32.dll
0x00007ff982ab0000 - 0x00007ff982bc9000 	C:\WINDOWS\System32\gdi32full.dll
0x00007ff9831b0000 - 0x00007ff983257000 	C:\WINDOWS\System32\msvcrt.dll
0x00007ff982ed0000 - 0x00007ff982f6a000 	C:\WINDOWS\System32\msvcp_win.dll
0x00007ff983050000 - 0x00007ff983081000 	C:\WINDOWS\System32\IMM32.DLL
0x00007ff97c560000 - 0x00007ff97c56c000 	C:\Users\Mary Joy Bisnar\.katalon\packages\Katalon_Studio_Windows_64-9.6.0\Katalon_Studio_Windows_64-9.6.0\jre\bin\vcruntime140_1.dll
0x00007ff96e2f0000 - 0x00007ff96e381000 	C:\Users\Mary Joy Bisnar\.katalon\packages\Katalon_Studio_Windows_64-9.6.0\Katalon_Studio_Windows_64-9.6.0\jre\bin\msvcp140.dll
0x00007ff910010000 - 0x00007ff910c58000 	C:\Users\Mary Joy Bisnar\.katalon\packages\Katalon_Studio_Windows_64-9.6.0\Katalon_Studio_Windows_64-9.6.0\jre\bin\server\jvm.dll
0x00007ff984060000 - 0x00007ff984112000 	C:\WINDOWS\System32\ADVAPI32.dll
0x00007ff983fb0000 - 0x00007ff98405a000 	C:\WINDOWS\System32\sechost.dll
0x00007ff9826d0000 - 0x00007ff9826f8000 	C:\WINDOWS\System32\bcrypt.dll
0x00007ff983c30000 - 0x00007ff983d45000 	C:\WINDOWS\System32\RPCRT4.dll
0x00007ff97d9f0000 - 0x00007ff97da24000 	C:\WINDOWS\SYSTEM32\WINMM.dll
0x00007ff913730000 - 0x00007ff913739000 	C:\WINDOWS\SYSTEM32\WSOCK32.dll
0x00007ff97d760000 - 0x00007ff97d76a000 	C:\WINDOWS\SYSTEM32\VERSION.dll
0x00007ff983f10000 - 0x00007ff983f81000 	C:\WINDOWS\System32\WS2_32.dll
0x00007ff981590000 - 0x00007ff9815a8000 	C:\WINDOWS\SYSTEM32\kernel.appcore.dll
0x00007ff912b30000 - 0x00007ff912b3a000 	C:\Users\Mary Joy Bisnar\.katalon\packages\Katalon_Studio_Windows_64-9.6.0\Katalon_Studio_Windows_64-9.6.0\jre\bin\jimage.dll
0x00007ff97fe90000 - 0x00007ff9800c2000 	C:\WINDOWS\SYSTEM32\DBGHELP.DLL
0x00007ff983610000 - 0x00007ff983998000 	C:\WINDOWS\System32\combase.dll
0x00007ff982f70000 - 0x00007ff983047000 	C:\WINDOWS\System32\OLEAUT32.dll
0x00007ff96d690000 - 0x00007ff96d6c2000 	C:\WINDOWS\SYSTEM32\dbgcore.DLL
0x00007ff982d00000 - 0x00007ff982d7b000 	C:\WINDOWS\System32\bcryptPrimitives.dll
0x00007ff912b00000 - 0x00007ff912b25000 	C:\Users\Mary Joy Bisnar\.katalon\packages\Katalon_Studio_Windows_64-9.6.0\Katalon_Studio_Windows_64-9.6.0\jre\bin\java.dll
0x00007ff912ae0000 - 0x00007ff912af8000 	C:\Users\Mary Joy Bisnar\.katalon\packages\Katalon_Studio_Windows_64-9.6.0\Katalon_Studio_Windows_64-9.6.0\jre\bin\zip.dll
0x00007ff984440000 - 0x00007ff984c9c000 	C:\WINDOWS\System32\SHELL32.dll
0x00007ff9804b0000 - 0x00007ff980da7000 	C:\WINDOWS\SYSTEM32\windows.storage.dll
0x00007ff980370000 - 0x00007ff9804af000 	C:\WINDOWS\SYSTEM32\wintypes.dll
0x00007ff983b20000 - 0x00007ff983c14000 	C:\WINDOWS\System32\SHCORE.dll
0x00007ff9833a0000 - 0x00007ff9833fe000 	C:\WINDOWS\System32\shlwapi.dll
0x00007ff982490000 - 0x00007ff9824b1000 	C:\WINDOWS\SYSTEM32\profapi.dll
0x00007ff912ac0000 - 0x00007ff912ad9000 	C:\Users\Mary Joy Bisnar\.katalon\packages\Katalon_Studio_Windows_64-9.6.0\Katalon_Studio_Windows_64-9.6.0\jre\bin\net.dll
0x00007ff97ec00000 - 0x00007ff97ed36000 	C:\WINDOWS\SYSTEM32\WINHTTP.dll
0x00007ff981a00000 - 0x00007ff981a69000 	C:\WINDOWS\system32\mswsock.dll
0x00007ff912aa0000 - 0x00007ff912ab5000 	C:\Users\Mary Joy Bisnar\.katalon\packages\Katalon_Studio_Windows_64-9.6.0\Katalon_Studio_Windows_64-9.6.0\jre\bin\nio.dll
0x00007ff915760000 - 0x00007ff915770000 	C:\Users\Mary Joy Bisnar\.katalon\packages\Katalon_Studio_Windows_64-9.6.0\Katalon_Studio_Windows_64-9.6.0\jre\bin\verify.dll
0x00007ff981080000 - 0x00007ff981178000 	C:\WINDOWS\SYSTEM32\DNSAPI.dll
0x00007ff981010000 - 0x00007ff98103d000 	C:\WINDOWS\SYSTEM32\IPHLPAPI.DLL
0x00007ff984120000 - 0x00007ff984129000 	C:\WINDOWS\System32\NSI.dll
0x00007ff97ae20000 - 0x00007ff97ae2a000 	C:\Windows\System32\rasadhlp.dll
0x00007ff97bc50000 - 0x00007ff97bcd3000 	C:\WINDOWS\System32\fwpuclnt.dll
0x00007ff8fb1e0000 - 0x00007ff8fb1ee000 	C:\Users\Mary Joy Bisnar\.katalon\packages\Katalon_Studio_Windows_64-9.6.0\Katalon_Studio_Windows_64-9.6.0\jre\bin\sunmscapi.dll
0x00007ff982560000 - 0x00007ff9826c7000 	C:\WINDOWS\System32\CRYPT32.dll
0x00007ff981e20000 - 0x00007ff981e4e000 	C:\WINDOWS\SYSTEM32\ncrypt.dll
0x00007ff981de0000 - 0x00007ff981e17000 	C:\WINDOWS\SYSTEM32\NTASN1.dll
0x00007ff981c60000 - 0x00007ff981c7b000 	C:\WINDOWS\SYSTEM32\CRYPTSP.dll
0x00007ff9814f0000 - 0x00007ff981525000 	C:\WINDOWS\system32\rsaenh.dll
0x00007ff981b00000 - 0x00007ff981b28000 	C:\WINDOWS\SYSTEM32\USERENV.dll
0x00007ff981c80000 - 0x00007ff981c8c000 	C:\WINDOWS\SYSTEM32\CRYPTBASE.dll
0x00007ff97eee0000 - 0x00007ff97eef9000 	C:\WINDOWS\SYSTEM32\dhcpcsvc6.DLL
0x00007ff97edb0000 - 0x00007ff97edcf000 	C:\WINDOWS\SYSTEM32\dhcpcsvc.DLL

dbghelp: loaded successfully - version: 4.0.5 - missing functions: none
symbol engine: initialized successfully - sym options: 0x614 - pdb path: .;C:\Users\Mary Joy Bisnar\.katalon\packages\Katalon_Studio_Windows_64-9.6.0\Katalon_Studio_Windows_64-9.6.0\jre\bin;C:\WINDOWS\SYSTEM32;C:\WINDOWS\WinSxS\amd64_microsoft.windows.common-controls_6595b64144ccf1df_6.0.22621.3672_none_2713b9d173822955;C:\Users\Mary Joy Bisnar\.katalon\packages\Katalon_Studio_Windows_64-9.6.0\Katalon_Studio_Windows_64-9.6.0\jre\bin\server

VM Arguments:
jvm_args: -Dgroovy.home=C:\Users\Mary Joy Bisnar/.groovy -Djava.system.class.loader=groovy.lang.GroovyClassLoader -Xmx2048m -Dfile.encoding=UTF-8 -XX:+ShowCodeDetailsInExceptionMessages 
java_command: org.codehaus.groovy.tools.GroovyStarter --classpath C:\Users\Mary Joy Bisnar\KatalonStudio\bin\keyword;C:\Users\Mary Joy Bisnar\KatalonStudio\Keywords;C:\Users\Mary Joy Bisnar\KatalonStudio\bin\listener;C:\Users\Mary Joy Bisnar\KatalonStudio\Test Listeners;C:\Users\Mary Joy Bisnar\KatalonStudio\bin\lib;C:\Users\Mary Joy Bisnar\KatalonStudio\Libs;C:\Users\Mary Joy Bisnar\KatalonStudio\bin\groovy;C:\Users\Mary Joy Bisnar\KatalonStudio\Include\scripts\groovy;C:\Users\Mary Joy Bisnar\.katalon\packages\Katalon_Studio_Windows_64-9.6.0\Katalon_Studio_Windows_64-9.6.0\plugins\com.kms.katalon.core_1.0.0.202406140959.jar;C:\Users\Mary Joy Bisnar\.katalon\packages\Katalon_Studio_Windows_64-9.6.0\Katalon_Studio_Windows_64-9.6.0\configuration\resources\lib\aalto-xml-1.0.0.jar;C:\Users\Mary Joy Bisnar\.katalon\packages\Katalon_Studio_Windows_64-9.6.0\Katalon_Studio_Windows_64-9.6.0\configuration\resources\lib\aspectjweaver-1.9.1.jar;C:\Users\Mary Joy Bisnar\.katalon\packages\Katalon_Studio_Windows_64-9.6.0\Katalon_Studio_Windows_64-9.6.0\configuration\resources\lib\bcpkix-jdk15on-1.64.jar;C:\Users\Mary Joy Bisnar\.katalon\packages\Katalon_Studio_Windows_64-9.6.0\Katalon_Studio_Windows_64-9.6.0\configuration\resources\lib\bcprov-jdk15on-1.64.jar;C:\Users\Mary Joy Bisnar\.katalon\packages\Katalon_Studio_Windows_64-9.6.0\Katalon_Studio_Windows_64-9.6.0\configuration\resources\lib\browsermob-core-2.1.5.jar;C:\Users\Mary Joy Bisnar\.katalon\packages\Katalon_Studio_Windows_64-9.6.0\Katalon_Studio_Windows_64-9.6.0\configuration\resources\lib\byte-buddy-1.14.3.jar;C:\Users\Mary Joy Bisnar\.katalon\packages\Katalon_Studio_Windows_64-9.6.0\Katalon_Studio_Windows_64-9.6.0\configuration\resources\lib\byte-buddy-agent-1.14.3.jar;C:\Users\Mary Joy Bisnar\.katalon\packages\Katalon_Studio_Windows_64-9.6.0\Katalon_Studio_Windows_64-9.6.0\configuration\resources\lib\cglib-3.2.10.jar;C:\Users\Mary Joy Bisnar\.katalon\packages\Katalon_Studio_Windows_64-9.6.0\Katalon_Studio_Windows_64
java_class_path (initial): C:\Users\Mary Joy Bisnar\KatalonStudio\bin\keyword;C:\Users\Mary Joy Bisnar\KatalonStudio\bin\listener;C:\Users\Mary Joy Bisnar\KatalonStudio\bin\lib;C:\Users\Mary Joy Bisnar\KatalonStudio\bin\groovy;C:\Users\Mary Joy Bisnar\KatalonStudio\bin;C:\Users\Mary Joy Bisnar\.katalon\packages\Katalon_Studio_Windows_64-9.6.0\Katalon_Studio_Windows_64-9.6.0\plugins\com.kms.katalon.core_1.0.0.202406140959.jar;C:\Users\Mary Joy Bisnar\.katalon\packages\Katalon_Studio_Windows_64-9.6.0\Katalon_Studio_Windows_64-9.6.0\configuration\resources\lib\aalto-xml-1.0.0.jar;C:\Users\Mary Joy Bisnar\.katalon\packages\Katalon_Studio_Windows_64-9.6.0\Katalon_Studio_Windows_64-9.6.0\configuration\resources\lib\aspectjweaver-1.9.1.jar;C:\Users\Mary Joy Bisnar\.katalon\packages\Katalon_Studio_Windows_64-9.6.0\Katalon_Studio_Windows_64-9.6.0\configuration\resources\lib\bcpkix-jdk15on-1.64.jar;C:\Users\Mary Joy Bisnar\.katalon\packages\Katalon_Studio_Windows_64-9.6.0\Katalon_Studio_Windows_64-9.6.0\configuration\resources\lib\bcprov-jdk15on-1.64.jar;C:\Users\Mary Joy Bisnar\.katalon\packages\Katalon_Studio_Windows_64-9.6.0\Katalon_Studio_Windows_64-9.6.0\configuration\resources\lib\browsermob-core-2.1.5.jar;C:\Users\Mary Joy Bisnar\.katalon\packages\Katalon_Studio_Windows_64-9.6.0\Katalon_Studio_Windows_64-9.6.0\configuration\resources\lib\byte-buddy-1.14.3.jar;C:\Users\Mary Joy Bisnar\.katalon\packages\Katalon_Studio_Windows_64-9.6.0\Katalon_Studio_Windows_64-9.6.0\configuration\resources\lib\byte-buddy-agent-1.14.3.jar;C:\Users\Mary Joy Bisnar\.katalon\packages\Katalon_Studio_Windows_64-9.6.0\Katalon_Studio_Windows_64-9.6.0\configuration\resources\lib\cglib-3.2.10.jar;C:\Users\Mary Joy Bisnar\.katalon\packages\Katalon_Studio_Windows_64-9.6.0\Katalon_Studio_Windows_64-9.6.0\configuration\resources\lib\commons-codec-1.10.jar;C:\Users\Mary Joy Bisnar\.katalon\packages\Katalon_Studio_Windows_64-9.6.0\Katalon_Studio_Windows_64-9.6.0\configuration\resources\lib\commons-col
Launcher Type: SUN_STANDARD

[Global flags]
     intx CICompilerCount                          = 4                                         {product} {ergonomic}
     uint ConcGCThreads                            = 2                                         {product} {ergonomic}
     uint G1ConcRefinementThreads                  = 8                                         {product} {ergonomic}
   size_t G1HeapRegionSize                         = 1048576                                   {product} {ergonomic}
    uintx GCDrainStackTargetSize                   = 64                                        {product} {ergonomic}
   size_t InitialHeapSize                          = 130023424                                 {product} {ergonomic}
   size_t MarkStackSize                            = 4194304                                   {product} {ergonomic}
   size_t MaxHeapSize                              = 2147483648                                {product} {command line}
   size_t MaxNewSize                               = 1287651328                                {product} {ergonomic}
   size_t MinHeapDeltaBytes                        = 1048576                                   {product} {ergonomic}
   size_t MinHeapSize                              = 8388608                                   {product} {ergonomic}
    uintx NonNMethodCodeHeapSize                   = 5839372                                {pd product} {ergonomic}
    uintx NonProfiledCodeHeapSize                  = 122909434                              {pd product} {ergonomic}
    uintx ProfiledCodeHeapSize                     = 122909434                              {pd product} {ergonomic}
    uintx ReservedCodeCacheSize                    = 251658240                              {pd product} {ergonomic}
     bool SegmentedCodeCache                       = true                                      {product} {ergonomic}
     bool ShowCodeDetailsInExceptionMessages       = true                                   {manageable} {command line}
   size_t SoftMaxHeapSize                          = 2147483648                             {manageable} {ergonomic}
     bool UseCompressedClassPointers               = true                           {product lp64_product} {ergonomic}
     bool UseCompressedOops                        = true                           {product lp64_product} {ergonomic}
     bool UseG1GC                                  = true                                      {product} {ergonomic}
     bool UseLargePagesIndividualAllocation        = false                                  {pd product} {ergonomic}

Logging:
Log output configuration:
 #0: stdout all=warning uptime,level,tags
 #1: stderr all=off uptime,level,tags

Environment Variables:
PATH=C:/Users/Mary Joy Bisnar/.katalon/packages/Katalon_Studio_Windows_64-9.6.0/Katalon_Studio_Windows_64-9.6.0/jre/bin/server;C:/Users/Mary Joy Bisnar/.katalon/packages/Katalon_Studio_Windows_64-9.6.0/Katalon_Studio_Windows_64-9.6.0/jre/bin;C:\WINDOWS\system32;C:\WINDOWS;C:\WINDOWS\System32\Wbem;C:\WINDOWS\System32\WindowsPowerShell\v1.0\;C:\WINDOWS\System32\OpenSSH\;C:\Program Files\dotnet\;C:\Program Files\Git\cmd;C:\xampp\php;C:\ProgramData\ComposerSetup\bin;C:\Users\Mary Joy Bisnar\AppData\Local\Microsoft\WindowsApps;C:\Users\Mary Joy Bisnar\.dotnet\tools;C:\Users\Mary Joy Bisnar\AppData\Local\gitkraken\bin;C:\Users\Mary Joy Bisnar\AppData\Local\Microsoft\WindowsApps;C:\Users\Mary Joy Bisnar\Desktop\PyCharm Community Edition 2022.3.2\bin;;C:\Users\Mary Joy Bisnar\AppData\Local\Programs\Microsoft VS Code\bin;C:\Users\Mary Joy Bisnar\Desktop\IntelliJ IDEA 2023.1.4\bin;;C:\Users\Mary Joy Bisnar\AppData\Local\GitHubDesktop\bin;C:\Users\Mary Joy Bisnar\AppData\Roaming\Composer\vendor\bin;C:\Users\Mary Joy Bisnar\.katalon\packages\Katalon_Studio_Windows_64-9.6.0\Katalon_Studio_Windows_64-9.6.0;
USERNAME=Mary Joy Bisnar
OS=Windows_NT
PROCESSOR_IDENTIFIER=Intel64 Family 6 Model 165 Stepping 3, GenuineIntel
TMP=C:\Users\MARYJO~1\AppData\Local\Temp
TEMP=C:\Users\MARYJO~1\AppData\Local\Temp



---------------  S Y S T E M  ---------------

OS:
 Windows 11 , 64 bit Build 22621 (10.0.22621.3672)
OS uptime: 0 days 3:36 hours

CPU: total 8 (initial active 8) (4 cores per cpu, 2 threads per core) family 6 model 165 stepping 3 microcode 0xf4, cx8, cmov, fxsr, ht, mmx, 3dnowpref, sse, sse2, sse3, ssse3, sse4.1, sse4.2, popcnt, lzcnt, tsc, tscinvbit, avx, avx2, aes, erms, clmul, bmi1, bmi2, adx, fma, vzeroupper, clflush, clflushopt

Memory: 4k page, system-wide physical 7835M (738M free)
TotalPageFile size 9883M (AvailPageFile size 127M)
current process WorkingSet (physical memory assigned to process): 288M, peak: 300M
current process commit charge ("private bytes"): 321M, peak: 334M

vm_info: OpenJDK 64-Bit Server VM (17.0.7+7) for windows-amd64 JRE (17.0.7+7), built on Apr 18 2023 22:10:42 by "temurin" with MS VC++ 16.7 (VS2019)

END.
